23-Jul-2025 10:24:20.721 INFO [main] org.apache.catalina.startup.VersionLoggerListener.log Server version name:   Apache Tomcat/11.0.9
23-Jul-2025 10:24:20.726 INFO [main] org.apache.catalina.startup.VersionLoggerListener.log Server built:          Jul 1 2025 20:39:04 UTC
23-Jul-2025 10:24:20.726 INFO [main] org.apache.catalina.startup.VersionLoggerListener.log Server version number: 11.0.9.0
23-Jul-2025 10:24:20.727 INFO [main] org.apache.catalina.startup.VersionLoggerListener.log OS Name:               Windows 11
23-Jul-2025 10:24:20.727 INFO [main] org.apache.catalina.startup.VersionLoggerListener.log OS Version:            10.0
23-Jul-2025 10:24:20.727 INFO [main] org.apache.catalina.startup.VersionLoggerListener.log Architecture:          amd64
23-Jul-2025 10:24:20.727 INFO [main] org.apache.catalina.startup.VersionLoggerListener.log Java Home:             C:\Program Files\Java
23-Jul-2025 10:24:20.727 INFO [main] org.apache.catalina.startup.VersionLoggerListener.log JVM Version:           21.0.1+12-LTS-29
23-Jul-2025 10:24:20.727 INFO [main] org.apache.catalina.startup.VersionLoggerListener.log JVM Vendor:            Oracle Corporation
23-Jul-2025 10:24:20.727 INFO [main] org.apache.catalina.startup.VersionLoggerListener.log CATALINA_BASE:         D:\ProgrammingCode\Full web development with java\code\Web Development\_08_Advance_Java\_07_LoginForm
23-Jul-2025 10:24:20.728 INFO [main] org.apache.catalina.startup.VersionLoggerListener.log CATALINA_HOME:         D:\ProgrammingCode\installed\Tomcat 11
23-Jul-2025 10:24:20.740 INFO [main] org.apache.catalina.startup.VersionLoggerListener.log Command line argument: --add-opens=java.base/java.lang=ALL-UNNAMED
23-Jul-2025 10:24:20.740 INFO [main] org.apache.catalina.startup.VersionLoggerListener.log Command line argument: --add-opens=java.base/java.io=ALL-UNNAMED
23-Jul-2025 10:24:20.740 INFO [main] org.apache.catalina.startup.VersionLoggerListener.log Command line argument: --add-opens=java.base/java.util=ALL-UNNAMED
23-Jul-2025 10:24:20.740 INFO [main] org.apache.catalina.startup.VersionLoggerListener.log Command line argument: --add-opens=java.base/java.util.concurrent=ALL-UNNAMED
23-Jul-2025 10:24:20.740 INFO [main] org.apache.catalina.startup.VersionLoggerListener.log Command line argument: --add-opens=java.rmi/sun.rmi.transport=ALL-UNNAMED
23-Jul-2025 10:24:20.742 INFO [main] org.apache.catalina.startup.VersionLoggerListener.log Command line argument: -Dcatalina.home=D:\ProgrammingCode\installed\Tomcat 11
23-Jul-2025 10:24:20.742 INFO [main] org.apache.catalina.startup.VersionLoggerListener.log Command line argument: -Dcatalina.base=D:\ProgrammingCode\Full web development with java\code\Web Development\_08_Advance_Java\_07_LoginForm
23-Jul-2025 10:24:20.742 INFO [main] org.apache.catalina.startup.VersionLoggerListener.log Command line argument: -Djava.io.tmpdir=D:\ProgrammingCode\Full web development with java\code\Web Development\_08_Advance_Java\_07_LoginForm\temp
23-Jul-2025 10:24:20.742 INFO [main] org.apache.catalina.startup.VersionLoggerListener.log Command line argument: -Djava.util.logging.config.file=D:\ProgrammingCode\Full web development with java\code\Web Development\_08_Advance_Java\_07_LoginForm\conf\logging.properties
23-Jul-2025 10:24:20.742 INFO [main] org.apache.catalina.startup.VersionLoggerListener.log Command line argument: -Djava.util.logging.manager=org.apache.juli.ClassLoaderLogManager
23-Jul-2025 10:24:20.742 INFO [main] org.apache.catalina.startup.VersionLoggerListener.log Command line argument: -javaagent:D:\ProgrammingCode\Java\IntelliJ IDEA Community Edition 2024.2.4\lib\idea_rt.jar=54328
23-Jul-2025 10:24:20.742 INFO [main] org.apache.catalina.startup.VersionLoggerListener.log Command line argument: -Dfile.encoding=UTF-8
23-Jul-2025 10:24:20.742 INFO [main] org.apache.catalina.startup.VersionLoggerListener.log Command line argument: -Dsun.stdout.encoding=UTF-8
23-Jul-2025 10:24:20.742 INFO [main] org.apache.catalina.startup.VersionLoggerListener.log Command line argument: -Dsun.stderr.encoding=UTF-8
23-Jul-2025 10:24:20.759 INFO [main] org.apache.catalina.core.AprLifecycleListener.lifecycleEvent The Apache Tomcat Native library which allows using OpenSSL was not found on the java.library.path: [C:\Program Files\Java\bin;C:\WINDOWS\Sun\Java\bin;C:\WINDOWS\system32;C:\WINDOWS;C:\Program Files\Microsoft\jdk-17.0.15.6-hotspot\bin;D:\ProgrammingCode\python\installed\Scripts\;D:\ProgrammingCode\python\installed\;C:\Program Files\Common Files\Oracle\Java\javapath;C:\windows\system32;C:\windows;C:\windows\System32\Wbem;C:\windows\System32\WindowsPowerShell\v1.0\;C:\windows\System32\OpenSSH\;D:\setup file\installed file\Git\cmd;C:\Program Files\dotnet\;C:\Program Files\Java\bin;C:\WINDOWS\system32;C:\WINDOWS;C:\WINDOWS\System32\Wbem;C:\WINDOWS\System32\WindowsPowerShell\v1.0\;C:\WINDOWS\System32\OpenSSH\;C:\ProgramData\chocolatey\bin;C:\Program Files\MySQL\MySQL Shell 8.0\bin\;C:\Users\amitr\AppData\Local\Microsoft\WindowsApps;D:\Programming code\Java\Inte;C:\ProgramData\chocolatey\lib\maven\apache-maven-3.9.9\bin;D:\Programming code\installed\apache-tomcat-10.1.39-windows-x64\apache-tomcat-10.1.39\bin;D:\Programming code\installed\node js 20.11.1\node_modules\npm\bin;C:\Program Files\Java\bin;C:\Program Files\Apache\apache-maven-3.9.9\bin;D:\Programming code\installed\tomcaat\bin;C:\Users\amitr\AppData\Roaming\npm;C:\Users\amitr\.console-ninja\.bin;C:\Program Files\nodejs\;C:\Users\amitr\AppData\Local\Android\Sdk\platforms;C:\Users\amitr\AppData\Local\Android\Sdk;C:\Users\amitr\AppData\Local\Android\Sdk\platform-tools;C:\Users\amitr\AppData\Local\Android\Sdk\emulator;C:\Users\amitr\AppData\Local\Android\Sdk\build-tools;D:\ProgrammingCode\installed\Git\cmd;C:\Program Files\MongoDB\Server\8.0\bin;C:\Program Files\PowerShell\7\;C:\Users\amitr\.console-ninja\.bin;D:\ProgrammingCode\python\python 3.6.8\Scripts\;D:\ProgrammingCode\python\python 3.6.8\;C:\Program Files\MySQL\MySQL Shell 8.0\bin\;C:\Users\amitr\AppData\Local\Microsoft\WindowsApps;D:\ProgrammingCode\Java\IntelliJ IDEA Community Edition 2024.1.4\bin;C:\Users\amitr\AppData\Local\spicetify;C:\Program Files\MongoDB\Server\5.0\bin;C:\Users\amitr\AppData\Local\Microsoft\WindowsApps;D:\ProgrammingCode\Java\IntelliJ IDEA Community Edition 2024.2.4\bin;D:\ProgrammingCode\installed\Microsoft VS Code\bin;D:\ProgrammingCode\installed\node.js installed\node_modules\npm\bin;D:\ProgrammingCode\installed\Android\Sdk\platform-tools;D:\ProgrammingCode\installed\Android\Sdk;C:\Users\amitr\AppData\Roaming\npm;C:\Users\amitr\AppData\Local\Android\Sdk\platform-tools;C:\Users\amitr\AppData\Local\Android\Sdk\emulator;C:\Users\amitr\AppData\Local\Android\Sdk\build-tools;C:\Users\amitr\AppData\Local\Android\Sdk\platforms;C:\Program Files\Microsoft\jdk-17.0.15.6-hotspot\bin;D:\ProgrammingCode\installed\cursor\resources\app\bin;D:\Mongosh;;.]
23-Jul-2025 10:24:21.133 INFO [main] org.apache.coyote.AbstractProtocol.init Initializing ProtocolHandler ["http-nio-8081"]
23-Jul-2025 10:24:21.153 INFO [main] org.apache.catalina.startup.Catalina.load Server initialization in [694] milliseconds
23-Jul-2025 10:24:21.213 INFO [main] org.apache.catalina.core.StandardService.startInternal Starting service [Catalina]
23-Jul-2025 10:24:21.213 INFO [main] org.apache.catalina.core.StandardEngine.startInternal Starting Servlet engine: [Apache Tomcat/11.0.9]
23-Jul-2025 10:24:21.229 INFO [main] org.apache.catalina.startup.HostConfig.deployDescriptor Deploying deployment descriptor [D:\ProgrammingCode\Full web development with java\code\Web Development\_08_Advance_Java\_07_LoginForm\conf\Catalina\localhost\_07_LoginForm.xml]
23-Jul-2025 10:24:21.655 INFO [main] org.apache.catalina.startup.HostConfig.deployDescriptor Deployment of deployment descriptor [D:\ProgrammingCode\Full web development with java\code\Web Development\_08_Advance_Java\_07_LoginForm\conf\Catalina\localhost\_07_LoginForm.xml] has finished in [426] ms
23-Jul-2025 10:24:21.660 INFO [main] org.apache.coyote.AbstractProtocol.start Starting ProtocolHandler ["http-nio-8081"]
23-Jul-2025 10:24:21.691 INFO [main] org.apache.catalina.startup.Catalina.start Server startup in [536] milliseconds
23-Jul-2025 11:03:21.099 INFO [Thread-1] org.apache.coyote.AbstractProtocol.pause Pausing ProtocolHandler ["http-nio-8081"]
23-Jul-2025 11:03:21.108 INFO [Thread-1] org.apache.catalina.core.StandardService.stopInternal Stopping service [Catalina]
23-Jul-2025 11:03:21.130 INFO [Thread-1] org.apache.coyote.AbstractProtocol.stop Stopping ProtocolHandler ["http-nio-8081"]
23-Jul-2025 11:03:21.149 INFO [Thread-1] org.apache.coyote.AbstractProtocol.destroy Destroying ProtocolHandler ["http-nio-8081"]
23-Jul-2025 12:13:05.032 INFO [main] org.apache.catalina.startup.VersionLoggerListener.log Server version name:   Apache Tomcat/11.0.9
23-Jul-2025 12:13:05.037 INFO [main] org.apache.catalina.startup.VersionLoggerListener.log Server built:          Jul 1 2025 20:39:04 UTC
23-Jul-2025 12:13:05.037 INFO [main] org.apache.catalina.startup.VersionLoggerListener.log Server version number: 11.0.9.0
23-Jul-2025 12:13:05.039 INFO [main] org.apache.catalina.startup.VersionLoggerListener.log OS Name:               Windows 11
23-Jul-2025 12:13:05.039 INFO [main] org.apache.catalina.startup.VersionLoggerListener.log OS Version:            10.0
23-Jul-2025 12:13:05.039 INFO [main] org.apache.catalina.startup.VersionLoggerListener.log Architecture:          amd64
23-Jul-2025 12:13:05.039 INFO [main] org.apache.catalina.startup.VersionLoggerListener.log Java Home:             C:\Program Files\Java
23-Jul-2025 12:13:05.039 INFO [main] org.apache.catalina.startup.VersionLoggerListener.log JVM Version:           21.0.1+12-LTS-29
23-Jul-2025 12:13:05.039 INFO [main] org.apache.catalina.startup.VersionLoggerListener.log JVM Vendor:            Oracle Corporation
23-Jul-2025 12:13:05.039 INFO [main] org.apache.catalina.startup.VersionLoggerListener.log CATALINA_BASE:         D:\ProgrammingCode\Full web development with java\code\Web Development\_08_Advance_Java\_07_LoginForm
23-Jul-2025 12:13:05.039 INFO [main] org.apache.catalina.startup.VersionLoggerListener.log CATALINA_HOME:         D:\ProgrammingCode\installed\Tomcat 11
23-Jul-2025 12:13:05.049 INFO [main] org.apache.catalina.startup.VersionLoggerListener.log Command line argument: --add-opens=java.base/java.lang=ALL-UNNAMED
23-Jul-2025 12:13:05.050 INFO [main] org.apache.catalina.startup.VersionLoggerListener.log Command line argument: --add-opens=java.base/java.io=ALL-UNNAMED
23-Jul-2025 12:13:05.050 INFO [main] org.apache.catalina.startup.VersionLoggerListener.log Command line argument: --add-opens=java.base/java.util=ALL-UNNAMED
23-Jul-2025 12:13:05.050 INFO [main] org.apache.catalina.startup.VersionLoggerListener.log Command line argument: --add-opens=java.base/java.util.concurrent=ALL-UNNAMED
23-Jul-2025 12:13:05.050 INFO [main] org.apache.catalina.startup.VersionLoggerListener.log Command line argument: --add-opens=java.rmi/sun.rmi.transport=ALL-UNNAMED
23-Jul-2025 12:13:05.050 INFO [main] org.apache.catalina.startup.VersionLoggerListener.log Command line argument: -Dcatalina.home=D:\ProgrammingCode\installed\Tomcat 11
23-Jul-2025 12:13:05.050 INFO [main] org.apache.catalina.startup.VersionLoggerListener.log Command line argument: -Dcatalina.base=D:\ProgrammingCode\Full web development with java\code\Web Development\_08_Advance_Java\_07_LoginForm
23-Jul-2025 12:13:05.050 INFO [main] org.apache.catalina.startup.VersionLoggerListener.log Command line argument: -Djava.io.tmpdir=D:\ProgrammingCode\Full web development with java\code\Web Development\_08_Advance_Java\_07_LoginForm\temp
23-Jul-2025 12:13:05.050 INFO [main] org.apache.catalina.startup.VersionLoggerListener.log Command line argument: -Djava.util.logging.config.file=D:\ProgrammingCode\Full web development with java\code\Web Development\_08_Advance_Java\_07_LoginForm\conf\logging.properties
23-Jul-2025 12:13:05.050 INFO [main] org.apache.catalina.startup.VersionLoggerListener.log Command line argument: -Djava.util.logging.manager=org.apache.juli.ClassLoaderLogManager
23-Jul-2025 12:13:05.050 INFO [main] org.apache.catalina.startup.VersionLoggerListener.log Command line argument: -javaagent:D:\ProgrammingCode\Java\IntelliJ IDEA Community Edition 2024.2.4\lib\idea_rt.jar=55172
23-Jul-2025 12:13:05.051 INFO [main] org.apache.catalina.startup.VersionLoggerListener.log Command line argument: -Dfile.encoding=UTF-8
23-Jul-2025 12:13:05.051 INFO [main] org.apache.catalina.startup.VersionLoggerListener.log Command line argument: -Dsun.stdout.encoding=UTF-8
23-Jul-2025 12:13:05.051 INFO [main] org.apache.catalina.startup.VersionLoggerListener.log Command line argument: -Dsun.stderr.encoding=UTF-8
23-Jul-2025 12:13:05.065 INFO [main] org.apache.catalina.core.AprLifecycleListener.lifecycleEvent The Apache Tomcat Native library which allows using OpenSSL was not found on the java.library.path: [C:\Program Files\Java\bin;C:\WINDOWS\Sun\Java\bin;C:\WINDOWS\system32;C:\WINDOWS;C:\Program Files\Microsoft\jdk-17.0.15.6-hotspot\bin;D:\ProgrammingCode\python\installed\Scripts\;D:\ProgrammingCode\python\installed\;C:\Program Files\Common Files\Oracle\Java\javapath;C:\windows\system32;C:\windows;C:\windows\System32\Wbem;C:\windows\System32\WindowsPowerShell\v1.0\;C:\windows\System32\OpenSSH\;D:\setup file\installed file\Git\cmd;C:\Program Files\dotnet\;C:\Program Files\Java\bin;C:\WINDOWS\system32;C:\WINDOWS;C:\WINDOWS\System32\Wbem;C:\WINDOWS\System32\WindowsPowerShell\v1.0\;C:\WINDOWS\System32\OpenSSH\;C:\ProgramData\chocolatey\bin;C:\Program Files\MySQL\MySQL Shell 8.0\bin\;C:\Users\amitr\AppData\Local\Microsoft\WindowsApps;D:\Programming code\Java\Inte;C:\ProgramData\chocolatey\lib\maven\apache-maven-3.9.9\bin;D:\Programming code\installed\apache-tomcat-10.1.39-windows-x64\apache-tomcat-10.1.39\bin;D:\Programming code\installed\node js 20.11.1\node_modules\npm\bin;C:\Program Files\Java\bin;C:\Program Files\Apache\apache-maven-3.9.9\bin;D:\Programming code\installed\tomcaat\bin;C:\Users\amitr\AppData\Roaming\npm;C:\Users\amitr\.console-ninja\.bin;C:\Program Files\nodejs\;C:\Users\amitr\AppData\Local\Android\Sdk\platforms;C:\Users\amitr\AppData\Local\Android\Sdk;C:\Users\amitr\AppData\Local\Android\Sdk\platform-tools;C:\Users\amitr\AppData\Local\Android\Sdk\emulator;C:\Users\amitr\AppData\Local\Android\Sdk\build-tools;D:\ProgrammingCode\installed\Git\cmd;C:\Program Files\MongoDB\Server\8.0\bin;C:\Program Files\PowerShell\7\;C:\Users\amitr\.console-ninja\.bin;D:\ProgrammingCode\python\python 3.6.8\Scripts\;D:\ProgrammingCode\python\python 3.6.8\;C:\Program Files\MySQL\MySQL Shell 8.0\bin\;C:\Users\amitr\AppData\Local\Microsoft\WindowsApps;D:\ProgrammingCode\Java\IntelliJ IDEA Community Edition 2024.1.4\bin;C:\Users\amitr\AppData\Local\spicetify;C:\Program Files\MongoDB\Server\5.0\bin;C:\Users\amitr\AppData\Local\Microsoft\WindowsApps;D:\ProgrammingCode\Java\IntelliJ IDEA Community Edition 2024.2.4\bin;D:\ProgrammingCode\installed\Microsoft VS Code\bin;D:\ProgrammingCode\installed\node.js installed\node_modules\npm\bin;D:\ProgrammingCode\installed\Android\Sdk\platform-tools;D:\ProgrammingCode\installed\Android\Sdk;C:\Users\amitr\AppData\Roaming\npm;C:\Users\amitr\AppData\Local\Android\Sdk\platform-tools;C:\Users\amitr\AppData\Local\Android\Sdk\emulator;C:\Users\amitr\AppData\Local\Android\Sdk\build-tools;C:\Users\amitr\AppData\Local\Android\Sdk\platforms;C:\Program Files\Microsoft\jdk-17.0.15.6-hotspot\bin;D:\ProgrammingCode\installed\cursor\resources\app\bin;D:\Mongosh;;.]
23-Jul-2025 12:13:05.389 INFO [main] org.apache.coyote.AbstractProtocol.init Initializing ProtocolHandler ["http-nio-8081"]
23-Jul-2025 12:13:05.407 INFO [main] org.apache.catalina.startup.Catalina.load Server initialization in [578] milliseconds
23-Jul-2025 12:13:05.461 INFO [main] org.apache.catalina.core.StandardService.startInternal Starting service [Catalina]
23-Jul-2025 12:13:05.461 INFO [main] org.apache.catalina.core.StandardEngine.startInternal Starting Servlet engine: [Apache Tomcat/11.0.9]
23-Jul-2025 12:13:05.474 INFO [main] org.apache.catalina.startup.HostConfig.deployDescriptor Deploying deployment descriptor [D:\ProgrammingCode\Full web development with java\code\Web Development\_08_Advance_Java\_07_LoginForm\conf\Catalina\localhost\_07_LoginForm.xml]
23-Jul-2025 12:13:05.904 INFO [main] org.apache.jasper.servlet.TldScanner.scanJars At least one JAR was scanned for TLDs yet contained no TLDs. Enable debug logging for this logger for a complete list of JARs that were scanned but no TLDs were found in them. Skipping unneeded JARs during scanning can improve startup time and JSP compilation time.
23-Jul-2025 12:13:05.966 INFO [main] org.apache.catalina.startup.HostConfig.deployDescriptor Deployment of deployment descriptor [D:\ProgrammingCode\Full web development with java\code\Web Development\_08_Advance_Java\_07_LoginForm\conf\Catalina\localhost\_07_LoginForm.xml] has finished in [491] ms
23-Jul-2025 12:13:05.972 INFO [main] org.apache.coyote.AbstractProtocol.start Starting ProtocolHandler ["http-nio-8081"]
23-Jul-2025 12:13:06.008 INFO [main] org.apache.catalina.startup.Catalina.start Server startup in [598] milliseconds
23-Jul-2025 12:24:14.719 INFO [Thread-1] org.apache.coyote.AbstractProtocol.pause Pausing ProtocolHandler ["http-nio-8081"]
23-Jul-2025 12:24:14.725 INFO [Thread-1] org.apache.catalina.core.StandardService.stopInternal Stopping service [Catalina]
23-Jul-2025 12:24:14.735 INFO [Thread-1] org.apache.coyote.AbstractProtocol.stop Stopping ProtocolHandler ["http-nio-8081"]
23-Jul-2025 12:24:14.751 INFO [Thread-1] org.apache.coyote.AbstractProtocol.destroy Destroying ProtocolHandler ["http-nio-8081"]
23-Jul-2025 12:25:37.455 INFO [main] org.apache.catalina.startup.VersionLoggerListener.log Server version name:   Apache Tomcat/11.0.9
23-Jul-2025 12:25:37.460 INFO [main] org.apache.catalina.startup.VersionLoggerListener.log Server built:          Jul 1 2025 20:39:04 UTC
23-Jul-2025 12:25:37.460 INFO [main] org.apache.catalina.startup.VersionLoggerListener.log Server version number: 11.0.9.0
23-Jul-2025 12:25:37.460 INFO [main] org.apache.catalina.startup.VersionLoggerListener.log OS Name:               Windows 11
23-Jul-2025 12:25:37.460 INFO [main] org.apache.catalina.startup.VersionLoggerListener.log OS Version:            10.0
23-Jul-2025 12:25:37.460 INFO [main] org.apache.catalina.startup.VersionLoggerListener.log Architecture:          amd64
23-Jul-2025 12:25:37.460 INFO [main] org.apache.catalina.startup.VersionLoggerListener.log Java Home:             C:\Program Files\Java
23-Jul-2025 12:25:37.460 INFO [main] org.apache.catalina.startup.VersionLoggerListener.log JVM Version:           21.0.1+12-LTS-29
23-Jul-2025 12:25:37.460 INFO [main] org.apache.catalina.startup.VersionLoggerListener.log JVM Vendor:            Oracle Corporation
23-Jul-2025 12:25:37.460 INFO [main] org.apache.catalina.startup.VersionLoggerListener.log CATALINA_BASE:         D:\ProgrammingCode\Full web development with java\code\Web Development\_08_Advance_Java\_07_LoginForm
23-Jul-2025 12:25:37.460 INFO [main] org.apache.catalina.startup.VersionLoggerListener.log CATALINA_HOME:         D:\ProgrammingCode\installed\Tomcat 11
23-Jul-2025 12:25:37.470 INFO [main] org.apache.catalina.startup.VersionLoggerListener.log Command line argument: --add-opens=java.base/java.lang=ALL-UNNAMED
23-Jul-2025 12:25:37.470 INFO [main] org.apache.catalina.startup.VersionLoggerListener.log Command line argument: --add-opens=java.base/java.io=ALL-UNNAMED
23-Jul-2025 12:25:37.470 INFO [main] org.apache.catalina.startup.VersionLoggerListener.log Command line argument: --add-opens=java.base/java.util=ALL-UNNAMED
23-Jul-2025 12:25:37.470 INFO [main] org.apache.catalina.startup.VersionLoggerListener.log Command line argument: --add-opens=java.base/java.util.concurrent=ALL-UNNAMED
23-Jul-2025 12:25:37.470 INFO [main] org.apache.catalina.startup.VersionLoggerListener.log Command line argument: --add-opens=java.rmi/sun.rmi.transport=ALL-UNNAMED
23-Jul-2025 12:25:37.470 INFO [main] org.apache.catalina.startup.VersionLoggerListener.log Command line argument: -Dcatalina.home=D:\ProgrammingCode\installed\Tomcat 11
23-Jul-2025 12:25:37.470 INFO [main] org.apache.catalina.startup.VersionLoggerListener.log Command line argument: -Dcatalina.base=D:\ProgrammingCode\Full web development with java\code\Web Development\_08_Advance_Java\_07_LoginForm
23-Jul-2025 12:25:37.470 INFO [main] org.apache.catalina.startup.VersionLoggerListener.log Command line argument: -Djava.io.tmpdir=D:\ProgrammingCode\Full web development with java\code\Web Development\_08_Advance_Java\_07_LoginForm\temp
23-Jul-2025 12:25:37.470 INFO [main] org.apache.catalina.startup.VersionLoggerListener.log Command line argument: -Djava.util.logging.config.file=D:\ProgrammingCode\Full web development with java\code\Web Development\_08_Advance_Java\_07_LoginForm\conf\logging.properties
23-Jul-2025 12:25:37.470 INFO [main] org.apache.catalina.startup.VersionLoggerListener.log Command line argument: -Djava.util.logging.manager=org.apache.juli.ClassLoaderLogManager
23-Jul-2025 12:25:37.471 INFO [main] org.apache.catalina.startup.VersionLoggerListener.log Command line argument: -javaagent:D:\ProgrammingCode\Java\IntelliJ IDEA Community Edition 2024.2.4\lib\idea_rt.jar=55272
23-Jul-2025 12:25:37.471 INFO [main] org.apache.catalina.startup.VersionLoggerListener.log Command line argument: -Dfile.encoding=UTF-8
23-Jul-2025 12:25:37.471 INFO [main] org.apache.catalina.startup.VersionLoggerListener.log Command line argument: -Dsun.stdout.encoding=UTF-8
23-Jul-2025 12:25:37.471 INFO [main] org.apache.catalina.startup.VersionLoggerListener.log Command line argument: -Dsun.stderr.encoding=UTF-8
23-Jul-2025 12:25:37.483 INFO [main] org.apache.catalina.core.AprLifecycleListener.lifecycleEvent The Apache Tomcat Native library which allows using OpenSSL was not found on the java.library.path: [C:\Program Files\Java\bin;C:\WINDOWS\Sun\Java\bin;C:\WINDOWS\system32;C:\WINDOWS;C:\Program Files\Microsoft\jdk-17.0.15.6-hotspot\bin;D:\ProgrammingCode\python\installed\Scripts\;D:\ProgrammingCode\python\installed\;C:\Program Files\Common Files\Oracle\Java\javapath;C:\windows\system32;C:\windows;C:\windows\System32\Wbem;C:\windows\System32\WindowsPowerShell\v1.0\;C:\windows\System32\OpenSSH\;D:\setup file\installed file\Git\cmd;C:\Program Files\dotnet\;C:\Program Files\Java\bin;C:\WINDOWS\system32;C:\WINDOWS;C:\WINDOWS\System32\Wbem;C:\WINDOWS\System32\WindowsPowerShell\v1.0\;C:\WINDOWS\System32\OpenSSH\;C:\ProgramData\chocolatey\bin;C:\Program Files\MySQL\MySQL Shell 8.0\bin\;C:\Users\amitr\AppData\Local\Microsoft\WindowsApps;D:\Programming code\Java\Inte;C:\ProgramData\chocolatey\lib\maven\apache-maven-3.9.9\bin;D:\Programming code\installed\apache-tomcat-10.1.39-windows-x64\apache-tomcat-10.1.39\bin;D:\Programming code\installed\node js 20.11.1\node_modules\npm\bin;C:\Program Files\Java\bin;C:\Program Files\Apache\apache-maven-3.9.9\bin;D:\Programming code\installed\tomcaat\bin;C:\Users\amitr\AppData\Roaming\npm;C:\Users\amitr\.console-ninja\.bin;C:\Program Files\nodejs\;C:\Users\amitr\AppData\Local\Android\Sdk\platforms;C:\Users\amitr\AppData\Local\Android\Sdk;C:\Users\amitr\AppData\Local\Android\Sdk\platform-tools;C:\Users\amitr\AppData\Local\Android\Sdk\emulator;C:\Users\amitr\AppData\Local\Android\Sdk\build-tools;D:\ProgrammingCode\installed\Git\cmd;C:\Program Files\MongoDB\Server\8.0\bin;C:\Program Files\PowerShell\7\;C:\Users\amitr\.console-ninja\.bin;D:\ProgrammingCode\python\python 3.6.8\Scripts\;D:\ProgrammingCode\python\python 3.6.8\;C:\Program Files\MySQL\MySQL Shell 8.0\bin\;C:\Users\amitr\AppData\Local\Microsoft\WindowsApps;D:\ProgrammingCode\Java\IntelliJ IDEA Community Edition 2024.1.4\bin;C:\Users\amitr\AppData\Local\spicetify;C:\Program Files\MongoDB\Server\5.0\bin;C:\Users\amitr\AppData\Local\Microsoft\WindowsApps;D:\ProgrammingCode\Java\IntelliJ IDEA Community Edition 2024.2.4\bin;D:\ProgrammingCode\installed\Microsoft VS Code\bin;D:\ProgrammingCode\installed\node.js installed\node_modules\npm\bin;D:\ProgrammingCode\installed\Android\Sdk\platform-tools;D:\ProgrammingCode\installed\Android\Sdk;C:\Users\amitr\AppData\Roaming\npm;C:\Users\amitr\AppData\Local\Android\Sdk\platform-tools;C:\Users\amitr\AppData\Local\Android\Sdk\emulator;C:\Users\amitr\AppData\Local\Android\Sdk\build-tools;C:\Users\amitr\AppData\Local\Android\Sdk\platforms;C:\Program Files\Microsoft\jdk-17.0.15.6-hotspot\bin;D:\ProgrammingCode\installed\cursor\resources\app\bin;D:\Mongosh;;.]
23-Jul-2025 12:25:37.809 INFO [main] org.apache.coyote.AbstractProtocol.init Initializing ProtocolHandler ["http-nio-8081"]
23-Jul-2025 12:25:37.830 INFO [main] org.apache.catalina.startup.Catalina.load Server initialization in [561] milliseconds
23-Jul-2025 12:25:37.887 INFO [main] org.apache.catalina.core.StandardService.startInternal Starting service [Catalina]
23-Jul-2025 12:25:37.887 INFO [main] org.apache.catalina.core.StandardEngine.startInternal Starting Servlet engine: [Apache Tomcat/11.0.9]
23-Jul-2025 12:25:37.902 INFO [main] org.apache.catalina.startup.HostConfig.deployDescriptor Deploying deployment descriptor [D:\ProgrammingCode\Full web development with java\code\Web Development\_08_Advance_Java\_07_LoginForm\conf\Catalina\localhost\_07_LoginForm.xml]
23-Jul-2025 12:25:38.292 INFO [main] org.apache.jasper.servlet.TldScanner.scanJars At least one JAR was scanned for TLDs yet contained no TLDs. Enable debug logging for this logger for a complete list of JARs that were scanned but no TLDs were found in them. Skipping unneeded JARs during scanning can improve startup time and JSP compilation time.
23-Jul-2025 12:25:38.353 INFO [main] org.apache.catalina.startup.HostConfig.deployDescriptor Deployment of deployment descriptor [D:\ProgrammingCode\Full web development with java\code\Web Development\_08_Advance_Java\_07_LoginForm\conf\Catalina\localhost\_07_LoginForm.xml] has finished in [451] ms
23-Jul-2025 12:25:38.359 INFO [main] org.apache.coyote.AbstractProtocol.start Starting ProtocolHandler ["http-nio-8081"]
23-Jul-2025 12:25:38.385 INFO [main] org.apache.catalina.startup.Catalina.start Server startup in [552] milliseconds
23-Jul-2025 12:26:59.790 INFO [Thread-1] org.apache.coyote.AbstractProtocol.pause Pausing ProtocolHandler ["http-nio-8081"]
23-Jul-2025 12:26:59.796 INFO [Thread-1] org.apache.catalina.core.StandardService.stopInternal Stopping service [Catalina]
23-Jul-2025 12:26:59.804 INFO [Thread-1] org.apache.coyote.AbstractProtocol.stop Stopping ProtocolHandler ["http-nio-8081"]
23-Jul-2025 12:26:59.808 INFO [Thread-1] org.apache.coyote.AbstractProtocol.destroy Destroying ProtocolHandler ["http-nio-8081"]
23-Jul-2025 12:27:02.631 INFO [main] org.apache.catalina.startup.VersionLoggerListener.log Server version name:   Apache Tomcat/11.0.9
23-Jul-2025 12:27:02.636 INFO [main] org.apache.catalina.startup.VersionLoggerListener.log Server built:          Jul 1 2025 20:39:04 UTC
23-Jul-2025 12:27:02.637 INFO [main] org.apache.catalina.startup.VersionLoggerListener.log Server version number: 11.0.9.0
23-Jul-2025 12:27:02.637 INFO [main] org.apache.catalina.startup.VersionLoggerListener.log OS Name:               Windows 11
23-Jul-2025 12:27:02.637 INFO [main] org.apache.catalina.startup.VersionLoggerListener.log OS Version:            10.0
23-Jul-2025 12:27:02.637 INFO [main] org.apache.catalina.startup.VersionLoggerListener.log Architecture:          amd64
23-Jul-2025 12:27:02.637 INFO [main] org.apache.catalina.startup.VersionLoggerListener.log Java Home:             C:\Program Files\Java
23-Jul-2025 12:27:02.637 INFO [main] org.apache.catalina.startup.VersionLoggerListener.log JVM Version:           21.0.1+12-LTS-29
23-Jul-2025 12:27:02.637 INFO [main] org.apache.catalina.startup.VersionLoggerListener.log JVM Vendor:            Oracle Corporation
23-Jul-2025 12:27:02.639 INFO [main] org.apache.catalina.startup.VersionLoggerListener.log CATALINA_BASE:         D:\ProgrammingCode\Full web development with java\code\Web Development\_08_Advance_Java\_07_LoginForm
23-Jul-2025 12:27:02.639 INFO [main] org.apache.catalina.startup.VersionLoggerListener.log CATALINA_HOME:         D:\ProgrammingCode\installed\Tomcat 11
23-Jul-2025 12:27:02.651 INFO [main] org.apache.catalina.startup.VersionLoggerListener.log Command line argument: --add-opens=java.base/java.lang=ALL-UNNAMED
23-Jul-2025 12:27:02.651 INFO [main] org.apache.catalina.startup.VersionLoggerListener.log Command line argument: --add-opens=java.base/java.io=ALL-UNNAMED
23-Jul-2025 12:27:02.651 INFO [main] org.apache.catalina.startup.VersionLoggerListener.log Command line argument: --add-opens=java.base/java.util=ALL-UNNAMED
23-Jul-2025 12:27:02.651 INFO [main] org.apache.catalina.startup.VersionLoggerListener.log Command line argument: --add-opens=java.base/java.util.concurrent=ALL-UNNAMED
23-Jul-2025 12:27:02.652 INFO [main] org.apache.catalina.startup.VersionLoggerListener.log Command line argument: --add-opens=java.rmi/sun.rmi.transport=ALL-UNNAMED
23-Jul-2025 12:27:02.652 INFO [main] org.apache.catalina.startup.VersionLoggerListener.log Command line argument: -Dcatalina.home=D:\ProgrammingCode\installed\Tomcat 11
23-Jul-2025 12:27:02.652 INFO [main] org.apache.catalina.startup.VersionLoggerListener.log Command line argument: -Dcatalina.base=D:\ProgrammingCode\Full web development with java\code\Web Development\_08_Advance_Java\_07_LoginForm
23-Jul-2025 12:27:02.652 INFO [main] org.apache.catalina.startup.VersionLoggerListener.log Command line argument: -Djava.io.tmpdir=D:\ProgrammingCode\Full web development with java\code\Web Development\_08_Advance_Java\_07_LoginForm\temp
23-Jul-2025 12:27:02.652 INFO [main] org.apache.catalina.startup.VersionLoggerListener.log Command line argument: -Djava.util.logging.config.file=D:\ProgrammingCode\Full web development with java\code\Web Development\_08_Advance_Java\_07_LoginForm\conf\logging.properties
23-Jul-2025 12:27:02.652 INFO [main] org.apache.catalina.startup.VersionLoggerListener.log Command line argument: -Djava.util.logging.manager=org.apache.juli.ClassLoaderLogManager
23-Jul-2025 12:27:02.652 INFO [main] org.apache.catalina.startup.VersionLoggerListener.log Command line argument: -javaagent:D:\ProgrammingCode\Java\IntelliJ IDEA Community Edition 2024.2.4\lib\idea_rt.jar=55294
23-Jul-2025 12:27:02.652 INFO [main] org.apache.catalina.startup.VersionLoggerListener.log Command line argument: -Dfile.encoding=UTF-8
23-Jul-2025 12:27:02.652 INFO [main] org.apache.catalina.startup.VersionLoggerListener.log Command line argument: -Dsun.stdout.encoding=UTF-8
23-Jul-2025 12:27:02.652 INFO [main] org.apache.catalina.startup.VersionLoggerListener.log Command line argument: -Dsun.stderr.encoding=UTF-8
23-Jul-2025 12:27:02.666 INFO [main] org.apache.catalina.core.AprLifecycleListener.lifecycleEvent The Apache Tomcat Native library which allows using OpenSSL was not found on the java.library.path: [C:\Program Files\Java\bin;C:\WINDOWS\Sun\Java\bin;C:\WINDOWS\system32;C:\WINDOWS;C:\Program Files\Microsoft\jdk-17.0.15.6-hotspot\bin;D:\ProgrammingCode\python\installed\Scripts\;D:\ProgrammingCode\python\installed\;C:\Program Files\Common Files\Oracle\Java\javapath;C:\windows\system32;C:\windows;C:\windows\System32\Wbem;C:\windows\System32\WindowsPowerShell\v1.0\;C:\windows\System32\OpenSSH\;D:\setup file\installed file\Git\cmd;C:\Program Files\dotnet\;C:\Program Files\Java\bin;C:\WINDOWS\system32;C:\WINDOWS;C:\WINDOWS\System32\Wbem;C:\WINDOWS\System32\WindowsPowerShell\v1.0\;C:\WINDOWS\System32\OpenSSH\;C:\ProgramData\chocolatey\bin;C:\Program Files\MySQL\MySQL Shell 8.0\bin\;C:\Users\amitr\AppData\Local\Microsoft\WindowsApps;D:\Programming code\Java\Inte;C:\ProgramData\chocolatey\lib\maven\apache-maven-3.9.9\bin;D:\Programming code\installed\apache-tomcat-10.1.39-windows-x64\apache-tomcat-10.1.39\bin;D:\Programming code\installed\node js 20.11.1\node_modules\npm\bin;C:\Program Files\Java\bin;C:\Program Files\Apache\apache-maven-3.9.9\bin;D:\Programming code\installed\tomcaat\bin;C:\Users\amitr\AppData\Roaming\npm;C:\Users\amitr\.console-ninja\.bin;C:\Program Files\nodejs\;C:\Users\amitr\AppData\Local\Android\Sdk\platforms;C:\Users\amitr\AppData\Local\Android\Sdk;C:\Users\amitr\AppData\Local\Android\Sdk\platform-tools;C:\Users\amitr\AppData\Local\Android\Sdk\emulator;C:\Users\amitr\AppData\Local\Android\Sdk\build-tools;D:\ProgrammingCode\installed\Git\cmd;C:\Program Files\MongoDB\Server\8.0\bin;C:\Program Files\PowerShell\7\;C:\Users\amitr\.console-ninja\.bin;D:\ProgrammingCode\python\python 3.6.8\Scripts\;D:\ProgrammingCode\python\python 3.6.8\;C:\Program Files\MySQL\MySQL Shell 8.0\bin\;C:\Users\amitr\AppData\Local\Microsoft\WindowsApps;D:\ProgrammingCode\Java\IntelliJ IDEA Community Edition 2024.1.4\bin;C:\Users\amitr\AppData\Local\spicetify;C:\Program Files\MongoDB\Server\5.0\bin;C:\Users\amitr\AppData\Local\Microsoft\WindowsApps;D:\ProgrammingCode\Java\IntelliJ IDEA Community Edition 2024.2.4\bin;D:\ProgrammingCode\installed\Microsoft VS Code\bin;D:\ProgrammingCode\installed\node.js installed\node_modules\npm\bin;D:\ProgrammingCode\installed\Android\Sdk\platform-tools;D:\ProgrammingCode\installed\Android\Sdk;C:\Users\amitr\AppData\Roaming\npm;C:\Users\amitr\AppData\Local\Android\Sdk\platform-tools;C:\Users\amitr\AppData\Local\Android\Sdk\emulator;C:\Users\amitr\AppData\Local\Android\Sdk\build-tools;C:\Users\amitr\AppData\Local\Android\Sdk\platforms;C:\Program Files\Microsoft\jdk-17.0.15.6-hotspot\bin;D:\ProgrammingCode\installed\cursor\resources\app\bin;D:\Mongosh;;.]
23-Jul-2025 12:27:03.010 INFO [main] org.apache.coyote.AbstractProtocol.init Initializing ProtocolHandler ["http-nio-8081"]
23-Jul-2025 12:27:03.027 INFO [main] org.apache.catalina.startup.Catalina.load Server initialization in [596] milliseconds
23-Jul-2025 12:27:03.083 INFO [main] org.apache.catalina.core.StandardService.startInternal Starting service [Catalina]
23-Jul-2025 12:27:03.083 INFO [main] org.apache.catalina.core.StandardEngine.startInternal Starting Servlet engine: [Apache Tomcat/11.0.9]
23-Jul-2025 12:27:03.098 INFO [main] org.apache.catalina.startup.HostConfig.deployDescriptor Deploying deployment descriptor [D:\ProgrammingCode\Full web development with java\code\Web Development\_08_Advance_Java\_07_LoginForm\conf\Catalina\localhost\_07_LoginForm.xml]
23-Jul-2025 12:27:03.518 INFO [main] org.apache.jasper.servlet.TldScanner.scanJars At least one JAR was scanned for TLDs yet contained no TLDs. Enable debug logging for this logger for a complete list of JARs that were scanned but no TLDs were found in them. Skipping unneeded JARs during scanning can improve startup time and JSP compilation time.
23-Jul-2025 12:27:03.584 INFO [main] org.apache.catalina.startup.HostConfig.deployDescriptor Deployment of deployment descriptor [D:\ProgrammingCode\Full web development with java\code\Web Development\_08_Advance_Java\_07_LoginForm\conf\Catalina\localhost\_07_LoginForm.xml] has finished in [485] ms
23-Jul-2025 12:27:03.589 INFO [main] org.apache.coyote.AbstractProtocol.start Starting ProtocolHandler ["http-nio-8081"]
23-Jul-2025 12:27:03.613 INFO [main] org.apache.catalina.startup.Catalina.start Server startup in [583] milliseconds
23-Jul-2025 12:32:21.348 INFO [Thread-1] org.apache.coyote.AbstractProtocol.pause Pausing ProtocolHandler ["http-nio-8081"]
23-Jul-2025 12:32:21.353 INFO [Thread-1] org.apache.catalina.core.StandardService.stopInternal Stopping service [Catalina]
23-Jul-2025 12:32:21.367 INFO [Thread-1] org.apache.coyote.AbstractProtocol.stop Stopping ProtocolHandler ["http-nio-8081"]
23-Jul-2025 12:32:21.379 INFO [Thread-1] org.apache.coyote.AbstractProtocol.destroy Destroying ProtocolHandler ["http-nio-8081"]
23-Jul-2025 12:37:20.169 INFO [main] org.apache.catalina.startup.VersionLoggerListener.log Server version name:   Apache Tomcat/11.0.9
23-Jul-2025 12:37:20.175 INFO [main] org.apache.catalina.startup.VersionLoggerListener.log Server built:          Jul 1 2025 20:39:04 UTC
23-Jul-2025 12:37:20.175 INFO [main] org.apache.catalina.startup.VersionLoggerListener.log Server version number: 11.0.9.0
23-Jul-2025 12:37:20.175 INFO [main] org.apache.catalina.startup.VersionLoggerListener.log OS Name:               Windows 11
23-Jul-2025 12:37:20.175 INFO [main] org.apache.catalina.startup.VersionLoggerListener.log OS Version:            10.0
23-Jul-2025 12:37:20.176 INFO [main] org.apache.catalina.startup.VersionLoggerListener.log Architecture:          amd64
23-Jul-2025 12:37:20.176 INFO [main] org.apache.catalina.startup.VersionLoggerListener.log Java Home:             C:\Program Files\Java
23-Jul-2025 12:37:20.176 INFO [main] org.apache.catalina.startup.VersionLoggerListener.log JVM Version:           21.0.1+12-LTS-29
23-Jul-2025 12:37:20.176 INFO [main] org.apache.catalina.startup.VersionLoggerListener.log JVM Vendor:            Oracle Corporation
23-Jul-2025 12:37:20.176 INFO [main] org.apache.catalina.startup.VersionLoggerListener.log CATALINA_BASE:         D:\ProgrammingCode\Full web development with java\code\Web Development\_08_Advance_Java\_07_LoginForm
23-Jul-2025 12:37:20.176 INFO [main] org.apache.catalina.startup.VersionLoggerListener.log CATALINA_HOME:         D:\ProgrammingCode\installed\Tomcat 11
23-Jul-2025 12:37:20.188 INFO [main] org.apache.catalina.startup.VersionLoggerListener.log Command line argument: --add-opens=java.base/java.lang=ALL-UNNAMED
23-Jul-2025 12:37:20.188 INFO [main] org.apache.catalina.startup.VersionLoggerListener.log Command line argument: --add-opens=java.base/java.io=ALL-UNNAMED
23-Jul-2025 12:37:20.188 INFO [main] org.apache.catalina.startup.VersionLoggerListener.log Command line argument: --add-opens=java.base/java.util=ALL-UNNAMED
23-Jul-2025 12:37:20.188 INFO [main] org.apache.catalina.startup.VersionLoggerListener.log Command line argument: --add-opens=java.base/java.util.concurrent=ALL-UNNAMED
23-Jul-2025 12:37:20.188 INFO [main] org.apache.catalina.startup.VersionLoggerListener.log Command line argument: --add-opens=java.rmi/sun.rmi.transport=ALL-UNNAMED
23-Jul-2025 12:37:20.188 INFO [main] org.apache.catalina.startup.VersionLoggerListener.log Command line argument: -Dcatalina.home=D:\ProgrammingCode\installed\Tomcat 11
23-Jul-2025 12:37:20.188 INFO [main] org.apache.catalina.startup.VersionLoggerListener.log Command line argument: -Dcatalina.base=D:\ProgrammingCode\Full web development with java\code\Web Development\_08_Advance_Java\_07_LoginForm
23-Jul-2025 12:37:20.188 INFO [main] org.apache.catalina.startup.VersionLoggerListener.log Command line argument: -Djava.io.tmpdir=D:\ProgrammingCode\Full web development with java\code\Web Development\_08_Advance_Java\_07_LoginForm\temp
23-Jul-2025 12:37:20.188 INFO [main] org.apache.catalina.startup.VersionLoggerListener.log Command line argument: -Djava.util.logging.config.file=D:\ProgrammingCode\Full web development with java\code\Web Development\_08_Advance_Java\_07_LoginForm\conf\logging.properties
23-Jul-2025 12:37:20.190 INFO [main] org.apache.catalina.startup.VersionLoggerListener.log Command line argument: -Djava.util.logging.manager=org.apache.juli.ClassLoaderLogManager
23-Jul-2025 12:37:20.190 INFO [main] org.apache.catalina.startup.VersionLoggerListener.log Command line argument: -javaagent:D:\ProgrammingCode\Java\IntelliJ IDEA Community Edition 2024.2.4\lib\idea_rt.jar=55487
23-Jul-2025 12:37:20.190 INFO [main] org.apache.catalina.startup.VersionLoggerListener.log Command line argument: -Dfile.encoding=UTF-8
23-Jul-2025 12:37:20.190 INFO [main] org.apache.catalina.startup.VersionLoggerListener.log Command line argument: -Dsun.stdout.encoding=UTF-8
23-Jul-2025 12:37:20.190 INFO [main] org.apache.catalina.startup.VersionLoggerListener.log Command line argument: -Dsun.stderr.encoding=UTF-8
23-Jul-2025 12:37:20.206 INFO [main] org.apache.catalina.core.AprLifecycleListener.lifecycleEvent The Apache Tomcat Native library which allows using OpenSSL was not found on the java.library.path: [C:\Program Files\Java\bin;C:\WINDOWS\Sun\Java\bin;C:\WINDOWS\system32;C:\WINDOWS;C:\Program Files\Microsoft\jdk-17.0.15.6-hotspot\bin;D:\ProgrammingCode\python\installed\Scripts\;D:\ProgrammingCode\python\installed\;C:\Program Files\Common Files\Oracle\Java\javapath;C:\windows\system32;C:\windows;C:\windows\System32\Wbem;C:\windows\System32\WindowsPowerShell\v1.0\;C:\windows\System32\OpenSSH\;D:\setup file\installed file\Git\cmd;C:\Program Files\dotnet\;C:\Program Files\Java\bin;C:\WINDOWS\system32;C:\WINDOWS;C:\WINDOWS\System32\Wbem;C:\WINDOWS\System32\WindowsPowerShell\v1.0\;C:\WINDOWS\System32\OpenSSH\;C:\ProgramData\chocolatey\bin;C:\Program Files\MySQL\MySQL Shell 8.0\bin\;C:\Users\amitr\AppData\Local\Microsoft\WindowsApps;D:\Programming code\Java\Inte;C:\ProgramData\chocolatey\lib\maven\apache-maven-3.9.9\bin;D:\Programming code\installed\apache-tomcat-10.1.39-windows-x64\apache-tomcat-10.1.39\bin;D:\Programming code\installed\node js 20.11.1\node_modules\npm\bin;C:\Program Files\Java\bin;C:\Program Files\Apache\apache-maven-3.9.9\bin;D:\Programming code\installed\tomcaat\bin;C:\Users\amitr\AppData\Roaming\npm;C:\Users\amitr\.console-ninja\.bin;C:\Program Files\nodejs\;C:\Users\amitr\AppData\Local\Android\Sdk\platforms;C:\Users\amitr\AppData\Local\Android\Sdk;C:\Users\amitr\AppData\Local\Android\Sdk\platform-tools;C:\Users\amitr\AppData\Local\Android\Sdk\emulator;C:\Users\amitr\AppData\Local\Android\Sdk\build-tools;D:\ProgrammingCode\installed\Git\cmd;C:\Program Files\MongoDB\Server\8.0\bin;C:\Program Files\PowerShell\7\;C:\Users\amitr\.console-ninja\.bin;D:\ProgrammingCode\python\python 3.6.8\Scripts\;D:\ProgrammingCode\python\python 3.6.8\;C:\Program Files\MySQL\MySQL Shell 8.0\bin\;C:\Users\amitr\AppData\Local\Microsoft\WindowsApps;D:\ProgrammingCode\Java\IntelliJ IDEA Community Edition 2024.1.4\bin;C:\Users\amitr\AppData\Local\spicetify;C:\Program Files\MongoDB\Server\5.0\bin;C:\Users\amitr\AppData\Local\Microsoft\WindowsApps;D:\ProgrammingCode\Java\IntelliJ IDEA Community Edition 2024.2.4\bin;D:\ProgrammingCode\installed\Microsoft VS Code\bin;D:\ProgrammingCode\installed\node.js installed\node_modules\npm\bin;D:\ProgrammingCode\installed\Android\Sdk\platform-tools;D:\ProgrammingCode\installed\Android\Sdk;C:\Users\amitr\AppData\Roaming\npm;C:\Users\amitr\AppData\Local\Android\Sdk\platform-tools;C:\Users\amitr\AppData\Local\Android\Sdk\emulator;C:\Users\amitr\AppData\Local\Android\Sdk\build-tools;C:\Users\amitr\AppData\Local\Android\Sdk\platforms;C:\Program Files\Microsoft\jdk-17.0.15.6-hotspot\bin;D:\ProgrammingCode\installed\cursor\resources\app\bin;D:\Mongosh;;.]
23-Jul-2025 12:37:20.546 INFO [main] org.apache.coyote.AbstractProtocol.init Initializing ProtocolHandler ["http-nio-8081"]
23-Jul-2025 12:37:20.566 INFO [main] org.apache.catalina.startup.Catalina.load Server initialization in [610] milliseconds
23-Jul-2025 12:37:20.626 INFO [main] org.apache.catalina.core.StandardService.startInternal Starting service [Catalina]
23-Jul-2025 12:37:20.626 INFO [main] org.apache.catalina.core.StandardEngine.startInternal Starting Servlet engine: [Apache Tomcat/11.0.9]
23-Jul-2025 12:37:20.643 INFO [main] org.apache.catalina.startup.HostConfig.deployDescriptor Deploying deployment descriptor [D:\ProgrammingCode\Full web development with java\code\Web Development\_08_Advance_Java\_07_LoginForm\conf\Catalina\localhost\_07_LoginForm.xml]
23-Jul-2025 12:37:21.083 INFO [main] org.apache.jasper.servlet.TldScanner.scanJars At least one JAR was scanned for TLDs yet contained no TLDs. Enable debug logging for this logger for a complete list of JARs that were scanned but no TLDs were found in them. Skipping unneeded JARs during scanning can improve startup time and JSP compilation time.
23-Jul-2025 12:37:21.139 INFO [main] org.apache.catalina.startup.HostConfig.deployDescriptor Deployment of deployment descriptor [D:\ProgrammingCode\Full web development with java\code\Web Development\_08_Advance_Java\_07_LoginForm\conf\Catalina\localhost\_07_LoginForm.xml] has finished in [496] ms
23-Jul-2025 12:37:21.145 INFO [main] org.apache.coyote.AbstractProtocol.start Starting ProtocolHandler ["http-nio-8081"]
23-Jul-2025 12:37:21.170 INFO [main] org.apache.catalina.startup.Catalina.start Server startup in [602] milliseconds
23-Jul-2025 12:40:22.024 INFO [Thread-1] org.apache.coyote.AbstractProtocol.pause Pausing ProtocolHandler ["http-nio-8081"]
23-Jul-2025 12:40:22.030 INFO [Thread-1] org.apache.catalina.core.StandardService.stopInternal Stopping service [Catalina]
23-Jul-2025 12:40:22.042 INFO [Thread-1] org.apache.coyote.AbstractProtocol.stop Stopping ProtocolHandler ["http-nio-8081"]
23-Jul-2025 12:40:22.048 INFO [Thread-1] org.apache.coyote.AbstractProtocol.destroy Destroying ProtocolHandler ["http-nio-8081"]
23-Jul-2025 12:46:27.962 INFO [main] org.apache.catalina.startup.VersionLoggerListener.log Server version name:   Apache Tomcat/11.0.9
23-Jul-2025 12:46:27.967 INFO [main] org.apache.catalina.startup.VersionLoggerListener.log Server built:          Jul 1 2025 20:39:04 UTC
23-Jul-2025 12:46:27.967 INFO [main] org.apache.catalina.startup.VersionLoggerListener.log Server version number: 11.0.9.0
23-Jul-2025 12:46:27.967 INFO [main] org.apache.catalina.startup.VersionLoggerListener.log OS Name:               Windows 11
23-Jul-2025 12:46:27.967 INFO [main] org.apache.catalina.startup.VersionLoggerListener.log OS Version:            10.0
23-Jul-2025 12:46:27.968 INFO [main] org.apache.catalina.startup.VersionLoggerListener.log Architecture:          amd64
23-Jul-2025 12:46:27.968 INFO [main] org.apache.catalina.startup.VersionLoggerListener.log Java Home:             C:\Program Files\Java
23-Jul-2025 12:46:27.968 INFO [main] org.apache.catalina.startup.VersionLoggerListener.log JVM Version:           21.0.1+12-LTS-29
23-Jul-2025 12:46:27.968 INFO [main] org.apache.catalina.startup.VersionLoggerListener.log JVM Vendor:            Oracle Corporation
23-Jul-2025 12:46:27.968 INFO [main] org.apache.catalina.startup.VersionLoggerListener.log CATALINA_BASE:         D:\ProgrammingCode\Full web development with java\code\Web Development\_08_Advance_Java\_07_LoginForm
23-Jul-2025 12:46:27.968 INFO [main] org.apache.catalina.startup.VersionLoggerListener.log CATALINA_HOME:         D:\ProgrammingCode\installed\Tomcat 11
23-Jul-2025 12:46:27.977 INFO [main] org.apache.catalina.startup.VersionLoggerListener.log Command line argument: --add-opens=java.base/java.lang=ALL-UNNAMED
23-Jul-2025 12:46:27.977 INFO [main] org.apache.catalina.startup.VersionLoggerListener.log Command line argument: --add-opens=java.base/java.io=ALL-UNNAMED
23-Jul-2025 12:46:27.977 INFO [main] org.apache.catalina.startup.VersionLoggerListener.log Command line argument: --add-opens=java.base/java.util=ALL-UNNAMED
23-Jul-2025 12:46:27.977 INFO [main] org.apache.catalina.startup.VersionLoggerListener.log Command line argument: --add-opens=java.base/java.util.concurrent=ALL-UNNAMED
23-Jul-2025 12:46:27.977 INFO [main] org.apache.catalina.startup.VersionLoggerListener.log Command line argument: --add-opens=java.rmi/sun.rmi.transport=ALL-UNNAMED
23-Jul-2025 12:46:27.977 INFO [main] org.apache.catalina.startup.VersionLoggerListener.log Command line argument: -Dcatalina.home=D:\ProgrammingCode\installed\Tomcat 11
23-Jul-2025 12:46:27.977 INFO [main] org.apache.catalina.startup.VersionLoggerListener.log Command line argument: -Dcatalina.base=D:\ProgrammingCode\Full web development with java\code\Web Development\_08_Advance_Java\_07_LoginForm
23-Jul-2025 12:46:27.977 INFO [main] org.apache.catalina.startup.VersionLoggerListener.log Command line argument: -Djava.io.tmpdir=D:\ProgrammingCode\Full web development with java\code\Web Development\_08_Advance_Java\_07_LoginForm\temp
23-Jul-2025 12:46:27.979 INFO [main] org.apache.catalina.startup.VersionLoggerListener.log Command line argument: -Djava.util.logging.config.file=D:\ProgrammingCode\Full web development with java\code\Web Development\_08_Advance_Java\_07_LoginForm\conf\logging.properties
23-Jul-2025 12:46:27.979 INFO [main] org.apache.catalina.startup.VersionLoggerListener.log Command line argument: -Djava.util.logging.manager=org.apache.juli.ClassLoaderLogManager
23-Jul-2025 12:46:27.979 INFO [main] org.apache.catalina.startup.VersionLoggerListener.log Command line argument: -javaagent:D:\ProgrammingCode\Java\IntelliJ IDEA Community Edition 2024.2.4\lib\idea_rt.jar=55588
23-Jul-2025 12:46:27.979 INFO [main] org.apache.catalina.startup.VersionLoggerListener.log Command line argument: -Dfile.encoding=UTF-8
23-Jul-2025 12:46:27.979 INFO [main] org.apache.catalina.startup.VersionLoggerListener.log Command line argument: -Dsun.stdout.encoding=UTF-8
23-Jul-2025 12:46:27.979 INFO [main] org.apache.catalina.startup.VersionLoggerListener.log Command line argument: -Dsun.stderr.encoding=UTF-8
23-Jul-2025 12:46:27.990 INFO [main] org.apache.catalina.core.AprLifecycleListener.lifecycleEvent The Apache Tomcat Native library which allows using OpenSSL was not found on the java.library.path: [C:\Program Files\Java\bin;C:\WINDOWS\Sun\Java\bin;C:\WINDOWS\system32;C:\WINDOWS;C:\Program Files\Microsoft\jdk-17.0.15.6-hotspot\bin;D:\ProgrammingCode\python\installed\Scripts\;D:\ProgrammingCode\python\installed\;C:\Program Files\Common Files\Oracle\Java\javapath;C:\windows\system32;C:\windows;C:\windows\System32\Wbem;C:\windows\System32\WindowsPowerShell\v1.0\;C:\windows\System32\OpenSSH\;D:\setup file\installed file\Git\cmd;C:\Program Files\dotnet\;C:\Program Files\Java\bin;C:\WINDOWS\system32;C:\WINDOWS;C:\WINDOWS\System32\Wbem;C:\WINDOWS\System32\WindowsPowerShell\v1.0\;C:\WINDOWS\System32\OpenSSH\;C:\ProgramData\chocolatey\bin;C:\Program Files\MySQL\MySQL Shell 8.0\bin\;C:\Users\amitr\AppData\Local\Microsoft\WindowsApps;D:\Programming code\Java\Inte;C:\ProgramData\chocolatey\lib\maven\apache-maven-3.9.9\bin;D:\Programming code\installed\apache-tomcat-10.1.39-windows-x64\apache-tomcat-10.1.39\bin;D:\Programming code\installed\node js 20.11.1\node_modules\npm\bin;C:\Program Files\Java\bin;C:\Program Files\Apache\apache-maven-3.9.9\bin;D:\Programming code\installed\tomcaat\bin;C:\Users\amitr\AppData\Roaming\npm;C:\Users\amitr\.console-ninja\.bin;C:\Program Files\nodejs\;C:\Users\amitr\AppData\Local\Android\Sdk\platforms;C:\Users\amitr\AppData\Local\Android\Sdk;C:\Users\amitr\AppData\Local\Android\Sdk\platform-tools;C:\Users\amitr\AppData\Local\Android\Sdk\emulator;C:\Users\amitr\AppData\Local\Android\Sdk\build-tools;D:\ProgrammingCode\installed\Git\cmd;C:\Program Files\MongoDB\Server\8.0\bin;C:\Program Files\PowerShell\7\;C:\Users\amitr\.console-ninja\.bin;D:\ProgrammingCode\python\python 3.6.8\Scripts\;D:\ProgrammingCode\python\python 3.6.8\;C:\Program Files\MySQL\MySQL Shell 8.0\bin\;C:\Users\amitr\AppData\Local\Microsoft\WindowsApps;D:\ProgrammingCode\Java\IntelliJ IDEA Community Edition 2024.1.4\bin;C:\Users\amitr\AppData\Local\spicetify;C:\Program Files\MongoDB\Server\5.0\bin;C:\Users\amitr\AppData\Local\Microsoft\WindowsApps;D:\ProgrammingCode\Java\IntelliJ IDEA Community Edition 2024.2.4\bin;D:\ProgrammingCode\installed\Microsoft VS Code\bin;D:\ProgrammingCode\installed\node.js installed\node_modules\npm\bin;D:\ProgrammingCode\installed\Android\Sdk\platform-tools;D:\ProgrammingCode\installed\Android\Sdk;C:\Users\amitr\AppData\Roaming\npm;C:\Users\amitr\AppData\Local\Android\Sdk\platform-tools;C:\Users\amitr\AppData\Local\Android\Sdk\emulator;C:\Users\amitr\AppData\Local\Android\Sdk\build-tools;C:\Users\amitr\AppData\Local\Android\Sdk\platforms;C:\Program Files\Microsoft\jdk-17.0.15.6-hotspot\bin;D:\ProgrammingCode\installed\cursor\resources\app\bin;D:\Mongosh;;.]
23-Jul-2025 12:46:28.291 INFO [main] org.apache.coyote.AbstractProtocol.init Initializing ProtocolHandler ["http-nio-8081"]
23-Jul-2025 12:46:28.308 INFO [main] org.apache.catalina.startup.Catalina.load Server initialization in [550] milliseconds
23-Jul-2025 12:46:28.357 INFO [main] org.apache.catalina.core.StandardService.startInternal Starting service [Catalina]
23-Jul-2025 12:46:28.357 INFO [main] org.apache.catalina.core.StandardEngine.startInternal Starting Servlet engine: [Apache Tomcat/11.0.9]
23-Jul-2025 12:46:28.370 INFO [main] org.apache.catalina.startup.HostConfig.deployDescriptor Deploying deployment descriptor [D:\ProgrammingCode\Full web development with java\code\Web Development\_08_Advance_Java\_07_LoginForm\conf\Catalina\localhost\_07_LoginForm.xml]
23-Jul-2025 12:46:28.755 INFO [main] org.apache.jasper.servlet.TldScanner.scanJars At least one JAR was scanned for TLDs yet contained no TLDs. Enable debug logging for this logger for a complete list of JARs that were scanned but no TLDs were found in them. Skipping unneeded JARs during scanning can improve startup time and JSP compilation time.
23-Jul-2025 12:46:28.811 INFO [main] org.apache.catalina.startup.HostConfig.deployDescriptor Deployment of deployment descriptor [D:\ProgrammingCode\Full web development with java\code\Web Development\_08_Advance_Java\_07_LoginForm\conf\Catalina\localhost\_07_LoginForm.xml] has finished in [440] ms
23-Jul-2025 12:46:28.816 INFO [main] org.apache.coyote.AbstractProtocol.start Starting ProtocolHandler ["http-nio-8081"]
23-Jul-2025 12:46:28.850 INFO [main] org.apache.catalina.startup.Catalina.start Server startup in [540] milliseconds
23-Jul-2025 12:52:17.809 INFO [Thread-1] org.apache.coyote.AbstractProtocol.pause Pausing ProtocolHandler ["http-nio-8081"]
23-Jul-2025 12:52:17.814 INFO [Thread-1] org.apache.catalina.core.StandardService.stopInternal Stopping service [Catalina]
23-Jul-2025 12:52:17.827 INFO [Thread-1] org.apache.coyote.AbstractProtocol.stop Stopping ProtocolHandler ["http-nio-8081"]
23-Jul-2025 12:52:17.838 INFO [Thread-1] org.apache.coyote.AbstractProtocol.destroy Destroying ProtocolHandler ["http-nio-8081"]
23-Jul-2025 12:59:04.193 INFO [main] org.apache.catalina.startup.VersionLoggerListener.log Server version name:   Apache Tomcat/11.0.9
23-Jul-2025 12:59:04.198 INFO [main] org.apache.catalina.startup.VersionLoggerListener.log Server built:          Jul 1 2025 20:39:04 UTC
23-Jul-2025 12:59:04.198 INFO [main] org.apache.catalina.startup.VersionLoggerListener.log Server version number: 11.0.9.0
23-Jul-2025 12:59:04.198 INFO [main] org.apache.catalina.startup.VersionLoggerListener.log OS Name:               Windows 11
23-Jul-2025 12:59:04.199 INFO [main] org.apache.catalina.startup.VersionLoggerListener.log OS Version:            10.0
23-Jul-2025 12:59:04.199 INFO [main] org.apache.catalina.startup.VersionLoggerListener.log Architecture:          amd64
23-Jul-2025 12:59:04.199 INFO [main] org.apache.catalina.startup.VersionLoggerListener.log Java Home:             C:\Program Files\Java
23-Jul-2025 12:59:04.199 INFO [main] org.apache.catalina.startup.VersionLoggerListener.log JVM Version:           21.0.1+12-LTS-29
23-Jul-2025 12:59:04.199 INFO [main] org.apache.catalina.startup.VersionLoggerListener.log JVM Vendor:            Oracle Corporation
23-Jul-2025 12:59:04.199 INFO [main] org.apache.catalina.startup.VersionLoggerListener.log CATALINA_BASE:         D:\ProgrammingCode\Full web development with java\code\Web Development\_08_Advance_Java\_07_LoginForm
23-Jul-2025 12:59:04.199 INFO [main] org.apache.catalina.startup.VersionLoggerListener.log CATALINA_HOME:         D:\ProgrammingCode\installed\Tomcat 11
23-Jul-2025 12:59:04.211 INFO [main] org.apache.catalina.startup.VersionLoggerListener.log Command line argument: --add-opens=java.base/java.lang=ALL-UNNAMED
23-Jul-2025 12:59:04.211 INFO [main] org.apache.catalina.startup.VersionLoggerListener.log Command line argument: --add-opens=java.base/java.io=ALL-UNNAMED
23-Jul-2025 12:59:04.211 INFO [main] org.apache.catalina.startup.VersionLoggerListener.log Command line argument: --add-opens=java.base/java.util=ALL-UNNAMED
23-Jul-2025 12:59:04.211 INFO [main] org.apache.catalina.startup.VersionLoggerListener.log Command line argument: --add-opens=java.base/java.util.concurrent=ALL-UNNAMED
23-Jul-2025 12:59:04.211 INFO [main] org.apache.catalina.startup.VersionLoggerListener.log Command line argument: --add-opens=java.rmi/sun.rmi.transport=ALL-UNNAMED
23-Jul-2025 12:59:04.211 INFO [main] org.apache.catalina.startup.VersionLoggerListener.log Command line argument: -Dcatalina.home=D:\ProgrammingCode\installed\Tomcat 11
23-Jul-2025 12:59:04.211 INFO [main] org.apache.catalina.startup.VersionLoggerListener.log Command line argument: -Dcatalina.base=D:\ProgrammingCode\Full web development with java\code\Web Development\_08_Advance_Java\_07_LoginForm
23-Jul-2025 12:59:04.211 INFO [main] org.apache.catalina.startup.VersionLoggerListener.log Command line argument: -Djava.io.tmpdir=D:\ProgrammingCode\Full web development with java\code\Web Development\_08_Advance_Java\_07_LoginForm\temp
23-Jul-2025 12:59:04.211 INFO [main] org.apache.catalina.startup.VersionLoggerListener.log Command line argument: -Djava.util.logging.config.file=D:\ProgrammingCode\Full web development with java\code\Web Development\_08_Advance_Java\_07_LoginForm\conf\logging.properties
23-Jul-2025 12:59:04.211 INFO [main] org.apache.catalina.startup.VersionLoggerListener.log Command line argument: -Djava.util.logging.manager=org.apache.juli.ClassLoaderLogManager
23-Jul-2025 12:59:04.211 INFO [main] org.apache.catalina.startup.VersionLoggerListener.log Command line argument: -javaagent:D:\ProgrammingCode\Java\IntelliJ IDEA Community Edition 2024.2.4\lib\idea_rt.jar=55744
23-Jul-2025 12:59:04.211 INFO [main] org.apache.catalina.startup.VersionLoggerListener.log Command line argument: -Dfile.encoding=UTF-8
23-Jul-2025 12:59:04.211 INFO [main] org.apache.catalina.startup.VersionLoggerListener.log Command line argument: -Dsun.stdout.encoding=UTF-8
23-Jul-2025 12:59:04.211 INFO [main] org.apache.catalina.startup.VersionLoggerListener.log Command line argument: -Dsun.stderr.encoding=UTF-8
23-Jul-2025 12:59:04.226 INFO [main] org.apache.catalina.core.AprLifecycleListener.lifecycleEvent The Apache Tomcat Native library which allows using OpenSSL was not found on the java.library.path: [C:\Program Files\Java\bin;C:\WINDOWS\Sun\Java\bin;C:\WINDOWS\system32;C:\WINDOWS;C:\Program Files\Microsoft\jdk-17.0.15.6-hotspot\bin;D:\ProgrammingCode\python\installed\Scripts\;D:\ProgrammingCode\python\installed\;C:\Program Files\Common Files\Oracle\Java\javapath;C:\windows\system32;C:\windows;C:\windows\System32\Wbem;C:\windows\System32\WindowsPowerShell\v1.0\;C:\windows\System32\OpenSSH\;D:\setup file\installed file\Git\cmd;C:\Program Files\dotnet\;C:\Program Files\Java\bin;C:\WINDOWS\system32;C:\WINDOWS;C:\WINDOWS\System32\Wbem;C:\WINDOWS\System32\WindowsPowerShell\v1.0\;C:\WINDOWS\System32\OpenSSH\;C:\ProgramData\chocolatey\bin;C:\Program Files\MySQL\MySQL Shell 8.0\bin\;C:\Users\amitr\AppData\Local\Microsoft\WindowsApps;D:\Programming code\Java\Inte;C:\ProgramData\chocolatey\lib\maven\apache-maven-3.9.9\bin;D:\Programming code\installed\apache-tomcat-10.1.39-windows-x64\apache-tomcat-10.1.39\bin;D:\Programming code\installed\node js 20.11.1\node_modules\npm\bin;C:\Program Files\Java\bin;C:\Program Files\Apache\apache-maven-3.9.9\bin;D:\Programming code\installed\tomcaat\bin;C:\Users\amitr\AppData\Roaming\npm;C:\Users\amitr\.console-ninja\.bin;C:\Program Files\nodejs\;C:\Users\amitr\AppData\Local\Android\Sdk\platforms;C:\Users\amitr\AppData\Local\Android\Sdk;C:\Users\amitr\AppData\Local\Android\Sdk\platform-tools;C:\Users\amitr\AppData\Local\Android\Sdk\emulator;C:\Users\amitr\AppData\Local\Android\Sdk\build-tools;D:\ProgrammingCode\installed\Git\cmd;C:\Program Files\MongoDB\Server\8.0\bin;C:\Program Files\PowerShell\7\;C:\Users\amitr\.console-ninja\.bin;D:\ProgrammingCode\python\python 3.6.8\Scripts\;D:\ProgrammingCode\python\python 3.6.8\;C:\Program Files\MySQL\MySQL Shell 8.0\bin\;C:\Users\amitr\AppData\Local\Microsoft\WindowsApps;D:\ProgrammingCode\Java\IntelliJ IDEA Community Edition 2024.1.4\bin;C:\Users\amitr\AppData\Local\spicetify;C:\Program Files\MongoDB\Server\5.0\bin;C:\Users\amitr\AppData\Local\Microsoft\WindowsApps;D:\ProgrammingCode\Java\IntelliJ IDEA Community Edition 2024.2.4\bin;D:\ProgrammingCode\installed\Microsoft VS Code\bin;D:\ProgrammingCode\installed\node.js installed\node_modules\npm\bin;D:\ProgrammingCode\installed\Android\Sdk\platform-tools;D:\ProgrammingCode\installed\Android\Sdk;C:\Users\amitr\AppData\Roaming\npm;C:\Users\amitr\AppData\Local\Android\Sdk\platform-tools;C:\Users\amitr\AppData\Local\Android\Sdk\emulator;C:\Users\amitr\AppData\Local\Android\Sdk\build-tools;C:\Users\amitr\AppData\Local\Android\Sdk\platforms;C:\Program Files\Microsoft\jdk-17.0.15.6-hotspot\bin;D:\ProgrammingCode\installed\cursor\resources\app\bin;D:\Mongosh;;.]
23-Jul-2025 12:59:04.581 INFO [main] org.apache.coyote.AbstractProtocol.init Initializing ProtocolHandler ["http-nio-8081"]
23-Jul-2025 12:59:04.602 INFO [main] org.apache.catalina.startup.Catalina.load Server initialization in [618] milliseconds
23-Jul-2025 12:59:04.669 INFO [main] org.apache.catalina.core.StandardService.startInternal Starting service [Catalina]
23-Jul-2025 12:59:04.669 INFO [main] org.apache.catalina.core.StandardEngine.startInternal Starting Servlet engine: [Apache Tomcat/11.0.9]
23-Jul-2025 12:59:04.682 INFO [main] org.apache.catalina.startup.HostConfig.deployDescriptor Deploying deployment descriptor [D:\ProgrammingCode\Full web development with java\code\Web Development\_08_Advance_Java\_07_LoginForm\conf\Catalina\localhost\_07_LoginForm.xml]
23-Jul-2025 12:59:05.061 INFO [main] org.apache.jasper.servlet.TldScanner.scanJars At least one JAR was scanned for TLDs yet contained no TLDs. Enable debug logging for this logger for a complete list of JARs that were scanned but no TLDs were found in them. Skipping unneeded JARs during scanning can improve startup time and JSP compilation time.
23-Jul-2025 12:59:05.125 INFO [main] org.apache.catalina.startup.HostConfig.deployDescriptor Deployment of deployment descriptor [D:\ProgrammingCode\Full web development with java\code\Web Development\_08_Advance_Java\_07_LoginForm\conf\Catalina\localhost\_07_LoginForm.xml] has finished in [443] ms
23-Jul-2025 12:59:05.129 INFO [main] org.apache.coyote.AbstractProtocol.start Starting ProtocolHandler ["http-nio-8081"]
23-Jul-2025 12:59:05.153 INFO [main] org.apache.catalina.startup.Catalina.start Server startup in [549] milliseconds
23-Jul-2025 13:01:35.902 INFO [Thread-1] org.apache.coyote.AbstractProtocol.pause Pausing ProtocolHandler ["http-nio-8081"]
23-Jul-2025 13:01:35.907 INFO [Thread-1] org.apache.catalina.core.StandardService.stopInternal Stopping service [Catalina]
23-Jul-2025 13:01:35.916 INFO [Thread-1] org.apache.coyote.AbstractProtocol.stop Stopping ProtocolHandler ["http-nio-8081"]
23-Jul-2025 13:01:35.920 INFO [Thread-1] org.apache.coyote.AbstractProtocol.destroy Destroying ProtocolHandler ["http-nio-8081"]
23-Jul-2025 13:01:42.329 INFO [main] org.apache.catalina.startup.VersionLoggerListener.log Server version name:   Apache Tomcat/11.0.9
23-Jul-2025 13:01:42.333 INFO [main] org.apache.catalina.startup.VersionLoggerListener.log Server built:          Jul 1 2025 20:39:04 UTC
23-Jul-2025 13:01:42.333 INFO [main] org.apache.catalina.startup.VersionLoggerListener.log Server version number: 11.0.9.0
23-Jul-2025 13:01:42.334 INFO [main] org.apache.catalina.startup.VersionLoggerListener.log OS Name:               Windows 11
23-Jul-2025 13:01:42.334 INFO [main] org.apache.catalina.startup.VersionLoggerListener.log OS Version:            10.0
23-Jul-2025 13:01:42.334 INFO [main] org.apache.catalina.startup.VersionLoggerListener.log Architecture:          amd64
23-Jul-2025 13:01:42.334 INFO [main] org.apache.catalina.startup.VersionLoggerListener.log Java Home:             C:\Program Files\Java
23-Jul-2025 13:01:42.334 INFO [main] org.apache.catalina.startup.VersionLoggerListener.log JVM Version:           21.0.1+12-LTS-29
23-Jul-2025 13:01:42.334 INFO [main] org.apache.catalina.startup.VersionLoggerListener.log JVM Vendor:            Oracle Corporation
23-Jul-2025 13:01:42.334 INFO [main] org.apache.catalina.startup.VersionLoggerListener.log CATALINA_BASE:         D:\ProgrammingCode\Full web development with java\code\Web Development\_08_Advance_Java\_07_LoginForm
23-Jul-2025 13:01:42.334 INFO [main] org.apache.catalina.startup.VersionLoggerListener.log CATALINA_HOME:         D:\ProgrammingCode\installed\Tomcat 11
23-Jul-2025 13:01:42.345 INFO [main] org.apache.catalina.startup.VersionLoggerListener.log Command line argument: --add-opens=java.base/java.lang=ALL-UNNAMED
23-Jul-2025 13:01:42.345 INFO [main] org.apache.catalina.startup.VersionLoggerListener.log Command line argument: --add-opens=java.base/java.io=ALL-UNNAMED
23-Jul-2025 13:01:42.345 INFO [main] org.apache.catalina.startup.VersionLoggerListener.log Command line argument: --add-opens=java.base/java.util=ALL-UNNAMED
23-Jul-2025 13:01:42.345 INFO [main] org.apache.catalina.startup.VersionLoggerListener.log Command line argument: --add-opens=java.base/java.util.concurrent=ALL-UNNAMED
23-Jul-2025 13:01:42.345 INFO [main] org.apache.catalina.startup.VersionLoggerListener.log Command line argument: --add-opens=java.rmi/sun.rmi.transport=ALL-UNNAMED
23-Jul-2025 13:01:42.345 INFO [main] org.apache.catalina.startup.VersionLoggerListener.log Command line argument: -Dcatalina.home=D:\ProgrammingCode\installed\Tomcat 11
23-Jul-2025 13:01:42.346 INFO [main] org.apache.catalina.startup.VersionLoggerListener.log Command line argument: -Dcatalina.base=D:\ProgrammingCode\Full web development with java\code\Web Development\_08_Advance_Java\_07_LoginForm
23-Jul-2025 13:01:42.346 INFO [main] org.apache.catalina.startup.VersionLoggerListener.log Command line argument: -Djava.io.tmpdir=D:\ProgrammingCode\Full web development with java\code\Web Development\_08_Advance_Java\_07_LoginForm\temp
23-Jul-2025 13:01:42.346 INFO [main] org.apache.catalina.startup.VersionLoggerListener.log Command line argument: -Djava.util.logging.config.file=D:\ProgrammingCode\Full web development with java\code\Web Development\_08_Advance_Java\_07_LoginForm\conf\logging.properties
23-Jul-2025 13:01:42.346 INFO [main] org.apache.catalina.startup.VersionLoggerListener.log Command line argument: -Djava.util.logging.manager=org.apache.juli.ClassLoaderLogManager
23-Jul-2025 13:01:42.346 INFO [main] org.apache.catalina.startup.VersionLoggerListener.log Command line argument: -javaagent:D:\ProgrammingCode\Java\IntelliJ IDEA Community Edition 2024.2.4\lib\idea_rt.jar=55765
23-Jul-2025 13:01:42.346 INFO [main] org.apache.catalina.startup.VersionLoggerListener.log Command line argument: -Dfile.encoding=UTF-8
23-Jul-2025 13:01:42.346 INFO [main] org.apache.catalina.startup.VersionLoggerListener.log Command line argument: -Dsun.stdout.encoding=UTF-8
23-Jul-2025 13:01:42.346 INFO [main] org.apache.catalina.startup.VersionLoggerListener.log Command line argument: -Dsun.stderr.encoding=UTF-8
23-Jul-2025 13:01:42.359 INFO [main] org.apache.catalina.core.AprLifecycleListener.lifecycleEvent The Apache Tomcat Native library which allows using OpenSSL was not found on the java.library.path: [C:\Program Files\Java\bin;C:\WINDOWS\Sun\Java\bin;C:\WINDOWS\system32;C:\WINDOWS;C:\Program Files\Microsoft\jdk-17.0.15.6-hotspot\bin;D:\ProgrammingCode\python\installed\Scripts\;D:\ProgrammingCode\python\installed\;C:\Program Files\Common Files\Oracle\Java\javapath;C:\windows\system32;C:\windows;C:\windows\System32\Wbem;C:\windows\System32\WindowsPowerShell\v1.0\;C:\windows\System32\OpenSSH\;D:\setup file\installed file\Git\cmd;C:\Program Files\dotnet\;C:\Program Files\Java\bin;C:\WINDOWS\system32;C:\WINDOWS;C:\WINDOWS\System32\Wbem;C:\WINDOWS\System32\WindowsPowerShell\v1.0\;C:\WINDOWS\System32\OpenSSH\;C:\ProgramData\chocolatey\bin;C:\Program Files\MySQL\MySQL Shell 8.0\bin\;C:\Users\amitr\AppData\Local\Microsoft\WindowsApps;D:\Programming code\Java\Inte;C:\ProgramData\chocolatey\lib\maven\apache-maven-3.9.9\bin;D:\Programming code\installed\apache-tomcat-10.1.39-windows-x64\apache-tomcat-10.1.39\bin;D:\Programming code\installed\node js 20.11.1\node_modules\npm\bin;C:\Program Files\Java\bin;C:\Program Files\Apache\apache-maven-3.9.9\bin;D:\Programming code\installed\tomcaat\bin;C:\Users\amitr\AppData\Roaming\npm;C:\Users\amitr\.console-ninja\.bin;C:\Program Files\nodejs\;C:\Users\amitr\AppData\Local\Android\Sdk\platforms;C:\Users\amitr\AppData\Local\Android\Sdk;C:\Users\amitr\AppData\Local\Android\Sdk\platform-tools;C:\Users\amitr\AppData\Local\Android\Sdk\emulator;C:\Users\amitr\AppData\Local\Android\Sdk\build-tools;D:\ProgrammingCode\installed\Git\cmd;C:\Program Files\MongoDB\Server\8.0\bin;C:\Program Files\PowerShell\7\;C:\Users\amitr\.console-ninja\.bin;D:\ProgrammingCode\python\python 3.6.8\Scripts\;D:\ProgrammingCode\python\python 3.6.8\;C:\Program Files\MySQL\MySQL Shell 8.0\bin\;C:\Users\amitr\AppData\Local\Microsoft\WindowsApps;D:\ProgrammingCode\Java\IntelliJ IDEA Community Edition 2024.1.4\bin;C:\Users\amitr\AppData\Local\spicetify;C:\Program Files\MongoDB\Server\5.0\bin;C:\Users\amitr\AppData\Local\Microsoft\WindowsApps;D:\ProgrammingCode\Java\IntelliJ IDEA Community Edition 2024.2.4\bin;D:\ProgrammingCode\installed\Microsoft VS Code\bin;D:\ProgrammingCode\installed\node.js installed\node_modules\npm\bin;D:\ProgrammingCode\installed\Android\Sdk\platform-tools;D:\ProgrammingCode\installed\Android\Sdk;C:\Users\amitr\AppData\Roaming\npm;C:\Users\amitr\AppData\Local\Android\Sdk\platform-tools;C:\Users\amitr\AppData\Local\Android\Sdk\emulator;C:\Users\amitr\AppData\Local\Android\Sdk\build-tools;C:\Users\amitr\AppData\Local\Android\Sdk\platforms;C:\Program Files\Microsoft\jdk-17.0.15.6-hotspot\bin;D:\ProgrammingCode\installed\cursor\resources\app\bin;D:\Mongosh;;.]
23-Jul-2025 13:01:42.686 INFO [main] org.apache.coyote.AbstractProtocol.init Initializing ProtocolHandler ["http-nio-8081"]
23-Jul-2025 13:01:42.708 INFO [main] org.apache.catalina.startup.Catalina.load Server initialization in [562] milliseconds
23-Jul-2025 13:01:42.766 INFO [main] org.apache.catalina.core.StandardService.startInternal Starting service [Catalina]
23-Jul-2025 13:01:42.766 INFO [main] org.apache.catalina.core.StandardEngine.startInternal Starting Servlet engine: [Apache Tomcat/11.0.9]
23-Jul-2025 13:01:42.779 INFO [main] org.apache.catalina.startup.HostConfig.deployDescriptor Deploying deployment descriptor [D:\ProgrammingCode\Full web development with java\code\Web Development\_08_Advance_Java\_07_LoginForm\conf\Catalina\localhost\_07_LoginForm.xml]
23-Jul-2025 13:01:43.181 INFO [main] org.apache.jasper.servlet.TldScanner.scanJars At least one JAR was scanned for TLDs yet contained no TLDs. Enable debug logging for this logger for a complete list of JARs that were scanned but no TLDs were found in them. Skipping unneeded JARs during scanning can improve startup time and JSP compilation time.
23-Jul-2025 13:01:43.235 INFO [main] org.apache.catalina.startup.HostConfig.deployDescriptor Deployment of deployment descriptor [D:\ProgrammingCode\Full web development with java\code\Web Development\_08_Advance_Java\_07_LoginForm\conf\Catalina\localhost\_07_LoginForm.xml] has finished in [456] ms
23-Jul-2025 13:01:43.240 INFO [main] org.apache.coyote.AbstractProtocol.start Starting ProtocolHandler ["http-nio-8081"]
23-Jul-2025 13:01:43.271 INFO [main] org.apache.catalina.startup.Catalina.start Server startup in [561] milliseconds
23-Jul-2025 13:07:05.995 INFO [Thread-1] org.apache.coyote.AbstractProtocol.pause Pausing ProtocolHandler ["http-nio-8081"]
23-Jul-2025 13:07:05.999 INFO [Thread-1] org.apache.catalina.core.StandardService.stopInternal Stopping service [Catalina]
23-Jul-2025 13:07:06.009 INFO [Thread-1] org.apache.coyote.AbstractProtocol.stop Stopping ProtocolHandler ["http-nio-8081"]
23-Jul-2025 13:07:06.013 INFO [Thread-1] org.apache.coyote.AbstractProtocol.destroy Destroying ProtocolHandler ["http-nio-8081"]
