01-Aug-2025 10:42:14.502 INFO [main] org.apache.catalina.startup.VersionLoggerListener.log Server version name:   Apache Tomcat/11.0.9
01-Aug-2025 10:42:14.507 INFO [main] org.apache.catalina.startup.VersionLoggerListener.log Server built:          Jul 1 2025 20:39:04 UTC
01-Aug-2025 10:42:14.507 INFO [main] org.apache.catalina.startup.VersionLoggerListener.log Server version number: 11.0.9.0
01-Aug-2025 10:42:14.508 INFO [main] org.apache.catalina.startup.VersionLoggerListener.log OS Name:               Windows 11
01-Aug-2025 10:42:14.508 INFO [main] org.apache.catalina.startup.VersionLoggerListener.log OS Version:            10.0
01-Aug-2025 10:42:14.508 INFO [main] org.apache.catalina.startup.VersionLoggerListener.log Architecture:          amd64
01-Aug-2025 10:42:14.508 INFO [main] org.apache.catalina.startup.VersionLoggerListener.log Java Home:             C:\Program Files\Java
01-Aug-2025 10:42:14.508 INFO [main] org.apache.catalina.startup.VersionLoggerListener.log JVM Version:           21.0.1+12-LTS-29
01-Aug-2025 10:42:14.508 INFO [main] org.apache.catalina.startup.VersionLoggerListener.log JVM Vendor:            Oracle Corporation
01-Aug-2025 10:42:14.508 INFO [main] org.apache.catalina.startup.VersionLoggerListener.log CATALINA_BASE:         D:\ProgrammingCode\Full web development with java\code\Web Development\_08_Advance_Java\_13_Servlet_With_JDBC
01-Aug-2025 10:42:14.508 INFO [main] org.apache.catalina.startup.VersionLoggerListener.log CATALINA_HOME:         D:\ProgrammingCode\installed\Tomcat 11
01-Aug-2025 10:42:14.519 INFO [main] org.apache.catalina.startup.VersionLoggerListener.log Command line argument: --add-opens=java.base/java.lang=ALL-UNNAMED
01-Aug-2025 10:42:14.519 INFO [main] org.apache.catalina.startup.VersionLoggerListener.log Command line argument: --add-opens=java.base/java.io=ALL-UNNAMED
01-Aug-2025 10:42:14.519 INFO [main] org.apache.catalina.startup.VersionLoggerListener.log Command line argument: --add-opens=java.base/java.util=ALL-UNNAMED
01-Aug-2025 10:42:14.519 INFO [main] org.apache.catalina.startup.VersionLoggerListener.log Command line argument: --add-opens=java.base/java.util.concurrent=ALL-UNNAMED
01-Aug-2025 10:42:14.520 INFO [main] org.apache.catalina.startup.VersionLoggerListener.log Command line argument: --add-opens=java.rmi/sun.rmi.transport=ALL-UNNAMED
01-Aug-2025 10:42:14.520 INFO [main] org.apache.catalina.startup.VersionLoggerListener.log Command line argument: -Dcatalina.home=D:\ProgrammingCode\installed\Tomcat 11
01-Aug-2025 10:42:14.520 INFO [main] org.apache.catalina.startup.VersionLoggerListener.log Command line argument: -Dcatalina.base=D:\ProgrammingCode\Full web development with java\code\Web Development\_08_Advance_Java\_13_Servlet_With_JDBC
01-Aug-2025 10:42:14.520 INFO [main] org.apache.catalina.startup.VersionLoggerListener.log Command line argument: -Djava.io.tmpdir=D:\ProgrammingCode\Full web development with java\code\Web Development\_08_Advance_Java\_13_Servlet_With_JDBC\temp
01-Aug-2025 10:42:14.520 INFO [main] org.apache.catalina.startup.VersionLoggerListener.log Command line argument: -Djava.util.logging.config.file=D:\ProgrammingCode\Full web development with java\code\Web Development\_08_Advance_Java\_13_Servlet_With_JDBC\conf\logging.properties
01-Aug-2025 10:42:14.520 INFO [main] org.apache.catalina.startup.VersionLoggerListener.log Command line argument: -Djava.util.logging.manager=org.apache.juli.ClassLoaderLogManager
01-Aug-2025 10:42:14.520 INFO [main] org.apache.catalina.startup.VersionLoggerListener.log Command line argument: -javaagent:D:\ProgrammingCode\Java\IntelliJ IDEA Community Edition 2024.2.4\lib\idea_rt.jar=50578
01-Aug-2025 10:42:14.520 INFO [main] org.apache.catalina.startup.VersionLoggerListener.log Command line argument: -Dfile.encoding=UTF-8
01-Aug-2025 10:42:14.520 INFO [main] org.apache.catalina.startup.VersionLoggerListener.log Command line argument: -Dsun.stdout.encoding=UTF-8
01-Aug-2025 10:42:14.520 INFO [main] org.apache.catalina.startup.VersionLoggerListener.log Command line argument: -Dsun.stderr.encoding=UTF-8
01-Aug-2025 10:42:14.536 INFO [main] org.apache.catalina.core.AprLifecycleListener.lifecycleEvent The Apache Tomcat Native library which allows using OpenSSL was not found on the java.library.path: [C:\Program Files\Java\bin;C:\WINDOWS\Sun\Java\bin;C:\WINDOWS\system32;C:\WINDOWS;C:\Program Files\Microsoft\jdk-17.0.15.6-hotspot\bin;D:\ProgrammingCode\python\installed\Scripts\;D:\ProgrammingCode\python\installed\;C:\Program Files\Common Files\Oracle\Java\javapath;C:\windows\system32;C:\windows;C:\windows\System32\Wbem;C:\windows\System32\WindowsPowerShell\v1.0\;C:\windows\System32\OpenSSH\;D:\setup file\installed file\Git\cmd;C:\Program Files\dotnet\;C:\Program Files\Java\bin;C:\WINDOWS\system32;C:\WINDOWS;C:\WINDOWS\System32\Wbem;C:\WINDOWS\System32\WindowsPowerShell\v1.0\;C:\WINDOWS\System32\OpenSSH\;C:\ProgramData\chocolatey\bin;C:\Program Files\MySQL\MySQL Shell 8.0\bin\;C:\Users\amitr\AppData\Local\Microsoft\WindowsApps;D:\Programming code\Java\Inte;C:\ProgramData\chocolatey\lib\maven\apache-maven-3.9.9\bin;D:\Programming code\installed\apache-tomcat-10.1.39-windows-x64\apache-tomcat-10.1.39\bin;D:\Programming code\installed\node js 20.11.1\node_modules\npm\bin;C:\Program Files\Java\bin;C:\Program Files\Apache\apache-maven-3.9.9\bin;D:\Programming code\installed\tomcaat\bin;C:\Users\amitr\AppData\Roaming\npm;C:\Users\amitr\.console-ninja\.bin;C:\Program Files\nodejs\;C:\Users\amitr\AppData\Local\Android\Sdk\platforms;C:\Users\amitr\AppData\Local\Android\Sdk;C:\Users\amitr\AppData\Local\Android\Sdk\platform-tools;C:\Users\amitr\AppData\Local\Android\Sdk\emulator;C:\Users\amitr\AppData\Local\Android\Sdk\build-tools;D:\ProgrammingCode\installed\Git\cmd;C:\Program Files\MongoDB\Server\8.0\bin;C:\Program Files\PowerShell\7\;C:\Users\amitr\.console-ninja\.bin;D:\ProgrammingCode\python\python 3.6.8\Scripts\;D:\ProgrammingCode\python\python 3.6.8\;C:\Program Files\MySQL\MySQL Shell 8.0\bin\;C:\Users\amitr\AppData\Local\Microsoft\WindowsApps;D:\ProgrammingCode\Java\IntelliJ IDEA Community Edition 2024.1.4\bin;C:\Users\amitr\AppData\Local\spicetify;C:\Program Files\MongoDB\Server\5.0\bin;C:\Users\amitr\AppData\Local\Microsoft\WindowsApps;D:\ProgrammingCode\Java\IntelliJ IDEA Community Edition 2024.2.4\bin;D:\ProgrammingCode\installed\Microsoft VS Code\bin;D:\ProgrammingCode\installed\node.js installed\node_modules\npm\bin;D:\ProgrammingCode\installed\Android\Sdk\platform-tools;D:\ProgrammingCode\installed\Android\Sdk;C:\Users\amitr\AppData\Roaming\npm;C:\Users\amitr\AppData\Local\Android\Sdk\platform-tools;C:\Users\amitr\AppData\Local\Android\Sdk\emulator;C:\Users\amitr\AppData\Local\Android\Sdk\build-tools;C:\Users\amitr\AppData\Local\Android\Sdk\platforms;C:\Program Files\Microsoft\jdk-17.0.15.6-hotspot\bin;D:\ProgrammingCode\installed\cursor\resources\app\bin;D:\Mongosh;;.]
01-Aug-2025 10:42:14.924 INFO [main] org.apache.coyote.AbstractProtocol.init Initializing ProtocolHandler ["http-nio-8081"]
01-Aug-2025 10:42:14.946 INFO [main] org.apache.catalina.startup.Catalina.load Server initialization in [711] milliseconds
01-Aug-2025 10:42:15.005 INFO [main] org.apache.catalina.core.StandardService.startInternal Starting service [Catalina]
01-Aug-2025 10:42:15.006 INFO [main] org.apache.catalina.core.StandardEngine.startInternal Starting Servlet engine: [Apache Tomcat/11.0.9]
01-Aug-2025 10:42:15.021 INFO [main] org.apache.catalina.startup.HostConfig.deployDescriptor Deploying deployment descriptor [D:\ProgrammingCode\Full web development with java\code\Web Development\_08_Advance_Java\_13_Servlet_With_JDBC\conf\Catalina\localhost\_13_Servlet_With_JDBC.xml]
01-Aug-2025 10:42:16.004 INFO [main] org.apache.jasper.servlet.TldScanner.scanJars At least one JAR was scanned for TLDs yet contained no TLDs. Enable debug logging for this logger for a complete list of JARs that were scanned but no TLDs were found in them. Skipping unneeded JARs during scanning can improve startup time and JSP compilation time.
01-Aug-2025 10:42:16.070 INFO [main] org.apache.catalina.startup.HostConfig.deployDescriptor Deployment of deployment descriptor [D:\ProgrammingCode\Full web development with java\code\Web Development\_08_Advance_Java\_13_Servlet_With_JDBC\conf\Catalina\localhost\_13_Servlet_With_JDBC.xml] has finished in [1,049] ms
01-Aug-2025 10:42:16.074 INFO [main] org.apache.coyote.AbstractProtocol.start Starting ProtocolHandler ["http-nio-8081"]
01-Aug-2025 10:42:16.104 INFO [main] org.apache.catalina.startup.Catalina.start Server startup in [1155] milliseconds
01-Aug-2025 10:46:22.373 INFO [Thread-1] org.apache.coyote.AbstractProtocol.pause Pausing ProtocolHandler ["http-nio-8081"]
01-Aug-2025 10:46:22.381 INFO [Thread-1] org.apache.catalina.core.StandardService.stopInternal Stopping service [Catalina]
01-Aug-2025 10:46:22.388 WARNING [Thread-1] org.apache.catalina.loader.WebappClassLoaderBase.clearReferencesJdbc The web application [_13_Servlet_With_JDBC] registered the JDBC driver [com.mysql.cj.jdbc.Driver] but failed to unregister it when the web application was stopped. To prevent a memory leak, the JDBC Driver has been forcibly unregistered.
01-Aug-2025 10:46:22.388 WARNING [Thread-1] org.apache.catalina.loader.WebappClassLoaderBase.clearReferencesThreads The web application [_13_Servlet_With_JDBC] appears to have started a thread named [mysql-cj-abandoned-connection-cleanup] but has failed to stop it. This is very likely to create a memory leak. Stack trace of thread:
 java.base/jdk.internal.misc.Unsafe.park(Native Method)
 java.base/java.util.concurrent.locks.LockSupport.parkNanos(LockSupport.java:269)
 java.base/java.util.concurrent.locks.AbstractQueuedSynchronizer$ConditionObject.await(AbstractQueuedSynchronizer.java:1847)
 java.base/java.lang.ref.ReferenceQueue.await(ReferenceQueue.java:71)
 java.base/java.lang.ref.ReferenceQueue.remove0(ReferenceQueue.java:143)
 java.base/java.lang.ref.ReferenceQueue.remove(ReferenceQueue.java:218)
 com.mysql.cj.jdbc.AbandonedConnectionCleanupThread.run(AbandonedConnectionCleanupThread.java:84)
 java.base/java.util.concurrent.ThreadPoolExecutor.runWorker(ThreadPoolExecutor.java:1144)
 java.base/java.util.concurrent.ThreadPoolExecutor$Worker.run(ThreadPoolExecutor.java:642)
 java.base/java.lang.Thread.run(Thread.java:1583)
01-Aug-2025 10:46:22.401 INFO [Thread-1] org.apache.coyote.AbstractProtocol.stop Stopping ProtocolHandler ["http-nio-8081"]
01-Aug-2025 10:46:22.419 INFO [Thread-1] org.apache.coyote.AbstractProtocol.destroy Destroying ProtocolHandler ["http-nio-8081"]
01-Aug-2025 10:46:26.021 INFO [main] org.apache.catalina.startup.VersionLoggerListener.log Server version name:   Apache Tomcat/11.0.9
01-Aug-2025 10:46:26.027 INFO [main] org.apache.catalina.startup.VersionLoggerListener.log Server built:          Jul 1 2025 20:39:04 UTC
01-Aug-2025 10:46:26.028 INFO [main] org.apache.catalina.startup.VersionLoggerListener.log Server version number: 11.0.9.0
01-Aug-2025 10:46:26.028 INFO [main] org.apache.catalina.startup.VersionLoggerListener.log OS Name:               Windows 11
01-Aug-2025 10:46:26.028 INFO [main] org.apache.catalina.startup.VersionLoggerListener.log OS Version:            10.0
01-Aug-2025 10:46:26.028 INFO [main] org.apache.catalina.startup.VersionLoggerListener.log Architecture:          amd64
01-Aug-2025 10:46:26.028 INFO [main] org.apache.catalina.startup.VersionLoggerListener.log Java Home:             C:\Program Files\Java
01-Aug-2025 10:46:26.028 INFO [main] org.apache.catalina.startup.VersionLoggerListener.log JVM Version:           21.0.1+12-LTS-29
01-Aug-2025 10:46:26.028 INFO [main] org.apache.catalina.startup.VersionLoggerListener.log JVM Vendor:            Oracle Corporation
01-Aug-2025 10:46:26.029 INFO [main] org.apache.catalina.startup.VersionLoggerListener.log CATALINA_BASE:         D:\ProgrammingCode\Full web development with java\code\Web Development\_08_Advance_Java\_13_Servlet_With_JDBC
01-Aug-2025 10:46:26.029 INFO [main] org.apache.catalina.startup.VersionLoggerListener.log CATALINA_HOME:         D:\ProgrammingCode\installed\Tomcat 11
01-Aug-2025 10:46:26.043 INFO [main] org.apache.catalina.startup.VersionLoggerListener.log Command line argument: --add-opens=java.base/java.lang=ALL-UNNAMED
01-Aug-2025 10:46:26.044 INFO [main] org.apache.catalina.startup.VersionLoggerListener.log Command line argument: --add-opens=java.base/java.io=ALL-UNNAMED
01-Aug-2025 10:46:26.044 INFO [main] org.apache.catalina.startup.VersionLoggerListener.log Command line argument: --add-opens=java.base/java.util=ALL-UNNAMED
01-Aug-2025 10:46:26.044 INFO [main] org.apache.catalina.startup.VersionLoggerListener.log Command line argument: --add-opens=java.base/java.util.concurrent=ALL-UNNAMED
01-Aug-2025 10:46:26.044 INFO [main] org.apache.catalina.startup.VersionLoggerListener.log Command line argument: --add-opens=java.rmi/sun.rmi.transport=ALL-UNNAMED
01-Aug-2025 10:46:26.044 INFO [main] org.apache.catalina.startup.VersionLoggerListener.log Command line argument: -Dcatalina.home=D:\ProgrammingCode\installed\Tomcat 11
01-Aug-2025 10:46:26.044 INFO [main] org.apache.catalina.startup.VersionLoggerListener.log Command line argument: -Dcatalina.base=D:\ProgrammingCode\Full web development with java\code\Web Development\_08_Advance_Java\_13_Servlet_With_JDBC
01-Aug-2025 10:46:26.044 INFO [main] org.apache.catalina.startup.VersionLoggerListener.log Command line argument: -Djava.io.tmpdir=D:\ProgrammingCode\Full web development with java\code\Web Development\_08_Advance_Java\_13_Servlet_With_JDBC\temp
01-Aug-2025 10:46:26.044 INFO [main] org.apache.catalina.startup.VersionLoggerListener.log Command line argument: -Djava.util.logging.config.file=D:\ProgrammingCode\Full web development with java\code\Web Development\_08_Advance_Java\_13_Servlet_With_JDBC\conf\logging.properties
01-Aug-2025 10:46:26.044 INFO [main] org.apache.catalina.startup.VersionLoggerListener.log Command line argument: -Djava.util.logging.manager=org.apache.juli.ClassLoaderLogManager
01-Aug-2025 10:46:26.044 INFO [main] org.apache.catalina.startup.VersionLoggerListener.log Command line argument: -javaagent:D:\ProgrammingCode\Java\IntelliJ IDEA Community Edition 2024.2.4\lib\idea_rt.jar=50632
01-Aug-2025 10:46:26.044 INFO [main] org.apache.catalina.startup.VersionLoggerListener.log Command line argument: -Dfile.encoding=UTF-8
01-Aug-2025 10:46:26.044 INFO [main] org.apache.catalina.startup.VersionLoggerListener.log Command line argument: -Dsun.stdout.encoding=UTF-8
01-Aug-2025 10:46:26.044 INFO [main] org.apache.catalina.startup.VersionLoggerListener.log Command line argument: -Dsun.stderr.encoding=UTF-8
01-Aug-2025 10:46:26.060 INFO [main] org.apache.catalina.core.AprLifecycleListener.lifecycleEvent The Apache Tomcat Native library which allows using OpenSSL was not found on the java.library.path: [C:\Program Files\Java\bin;C:\WINDOWS\Sun\Java\bin;C:\WINDOWS\system32;C:\WINDOWS;C:\Program Files\Microsoft\jdk-17.0.15.6-hotspot\bin;D:\ProgrammingCode\python\installed\Scripts\;D:\ProgrammingCode\python\installed\;C:\Program Files\Common Files\Oracle\Java\javapath;C:\windows\system32;C:\windows;C:\windows\System32\Wbem;C:\windows\System32\WindowsPowerShell\v1.0\;C:\windows\System32\OpenSSH\;D:\setup file\installed file\Git\cmd;C:\Program Files\dotnet\;C:\Program Files\Java\bin;C:\WINDOWS\system32;C:\WINDOWS;C:\WINDOWS\System32\Wbem;C:\WINDOWS\System32\WindowsPowerShell\v1.0\;C:\WINDOWS\System32\OpenSSH\;C:\ProgramData\chocolatey\bin;C:\Program Files\MySQL\MySQL Shell 8.0\bin\;C:\Users\amitr\AppData\Local\Microsoft\WindowsApps;D:\Programming code\Java\Inte;C:\ProgramData\chocolatey\lib\maven\apache-maven-3.9.9\bin;D:\Programming code\installed\apache-tomcat-10.1.39-windows-x64\apache-tomcat-10.1.39\bin;D:\Programming code\installed\node js 20.11.1\node_modules\npm\bin;C:\Program Files\Java\bin;C:\Program Files\Apache\apache-maven-3.9.9\bin;D:\Programming code\installed\tomcaat\bin;C:\Users\amitr\AppData\Roaming\npm;C:\Users\amitr\.console-ninja\.bin;C:\Program Files\nodejs\;C:\Users\amitr\AppData\Local\Android\Sdk\platforms;C:\Users\amitr\AppData\Local\Android\Sdk;C:\Users\amitr\AppData\Local\Android\Sdk\platform-tools;C:\Users\amitr\AppData\Local\Android\Sdk\emulator;C:\Users\amitr\AppData\Local\Android\Sdk\build-tools;D:\ProgrammingCode\installed\Git\cmd;C:\Program Files\MongoDB\Server\8.0\bin;C:\Program Files\PowerShell\7\;C:\Users\amitr\.console-ninja\.bin;D:\ProgrammingCode\python\python 3.6.8\Scripts\;D:\ProgrammingCode\python\python 3.6.8\;C:\Program Files\MySQL\MySQL Shell 8.0\bin\;C:\Users\amitr\AppData\Local\Microsoft\WindowsApps;D:\ProgrammingCode\Java\IntelliJ IDEA Community Edition 2024.1.4\bin;C:\Users\amitr\AppData\Local\spicetify;C:\Program Files\MongoDB\Server\5.0\bin;C:\Users\amitr\AppData\Local\Microsoft\WindowsApps;D:\ProgrammingCode\Java\IntelliJ IDEA Community Edition 2024.2.4\bin;D:\ProgrammingCode\installed\Microsoft VS Code\bin;D:\ProgrammingCode\installed\node.js installed\node_modules\npm\bin;D:\ProgrammingCode\installed\Android\Sdk\platform-tools;D:\ProgrammingCode\installed\Android\Sdk;C:\Users\amitr\AppData\Roaming\npm;C:\Users\amitr\AppData\Local\Android\Sdk\platform-tools;C:\Users\amitr\AppData\Local\Android\Sdk\emulator;C:\Users\amitr\AppData\Local\Android\Sdk\build-tools;C:\Users\amitr\AppData\Local\Android\Sdk\platforms;C:\Program Files\Microsoft\jdk-17.0.15.6-hotspot\bin;D:\ProgrammingCode\installed\cursor\resources\app\bin;D:\Mongosh;;.]
01-Aug-2025 10:46:26.447 INFO [main] org.apache.coyote.AbstractProtocol.init Initializing ProtocolHandler ["http-nio-8081"]
01-Aug-2025 10:46:26.469 INFO [main] org.apache.catalina.startup.Catalina.load Server initialization in [659] milliseconds
01-Aug-2025 10:46:26.523 INFO [main] org.apache.catalina.core.StandardService.startInternal Starting service [Catalina]
01-Aug-2025 10:46:26.524 INFO [main] org.apache.catalina.core.StandardEngine.startInternal Starting Servlet engine: [Apache Tomcat/11.0.9]
01-Aug-2025 10:46:26.536 INFO [main] org.apache.catalina.startup.HostConfig.deployDescriptor Deploying deployment descriptor [D:\ProgrammingCode\Full web development with java\code\Web Development\_08_Advance_Java\_13_Servlet_With_JDBC\conf\Catalina\localhost\_13_Servlet_With_JDBC.xml]
01-Aug-2025 10:46:27.505 INFO [main] org.apache.jasper.servlet.TldScanner.scanJars At least one JAR was scanned for TLDs yet contained no TLDs. Enable debug logging for this logger for a complete list of JARs that were scanned but no TLDs were found in them. Skipping unneeded JARs during scanning can improve startup time and JSP compilation time.
01-Aug-2025 10:46:27.559 INFO [main] org.apache.catalina.startup.HostConfig.deployDescriptor Deployment of deployment descriptor [D:\ProgrammingCode\Full web development with java\code\Web Development\_08_Advance_Java\_13_Servlet_With_JDBC\conf\Catalina\localhost\_13_Servlet_With_JDBC.xml] has finished in [1,023] ms
01-Aug-2025 10:46:27.565 INFO [main] org.apache.coyote.AbstractProtocol.start Starting ProtocolHandler ["http-nio-8081"]
01-Aug-2025 10:46:27.594 INFO [main] org.apache.catalina.startup.Catalina.start Server startup in [1122] milliseconds
01-Aug-2025 11:02:20.097 INFO [Thread-1] org.apache.coyote.AbstractProtocol.pause Pausing ProtocolHandler ["http-nio-8081"]
01-Aug-2025 11:02:20.107 INFO [Thread-1] org.apache.catalina.core.StandardService.stopInternal Stopping service [Catalina]
01-Aug-2025 11:02:20.114 WARNING [Thread-1] org.apache.catalina.loader.WebappClassLoaderBase.clearReferencesJdbc The web application [_13_Servlet_With_JDBC] registered the JDBC driver [com.mysql.cj.jdbc.Driver] but failed to unregister it when the web application was stopped. To prevent a memory leak, the JDBC Driver has been forcibly unregistered.
01-Aug-2025 11:02:20.114 WARNING [Thread-1] org.apache.catalina.loader.WebappClassLoaderBase.clearReferencesThreads The web application [_13_Servlet_With_JDBC] appears to have started a thread named [mysql-cj-abandoned-connection-cleanup] but has failed to stop it. This is very likely to create a memory leak. Stack trace of thread:
 java.base/jdk.internal.misc.Unsafe.park(Native Method)
 java.base/java.util.concurrent.locks.LockSupport.parkNanos(LockSupport.java:269)
 java.base/java.util.concurrent.locks.AbstractQueuedSynchronizer$ConditionObject.await(AbstractQueuedSynchronizer.java:1847)
 java.base/java.lang.ref.ReferenceQueue.await(ReferenceQueue.java:71)
 java.base/java.lang.ref.ReferenceQueue.remove0(ReferenceQueue.java:143)
 java.base/java.lang.ref.ReferenceQueue.remove(ReferenceQueue.java:218)
 com.mysql.cj.jdbc.AbandonedConnectionCleanupThread.run(AbandonedConnectionCleanupThread.java:84)
 java.base/java.util.concurrent.ThreadPoolExecutor.runWorker(ThreadPoolExecutor.java:1144)
 java.base/java.util.concurrent.ThreadPoolExecutor$Worker.run(ThreadPoolExecutor.java:642)
 java.base/java.lang.Thread.run(Thread.java:1583)
01-Aug-2025 11:02:20.122 INFO [Thread-1] org.apache.coyote.AbstractProtocol.stop Stopping ProtocolHandler ["http-nio-8081"]
01-Aug-2025 11:02:20.130 INFO [Thread-1] org.apache.coyote.AbstractProtocol.destroy Destroying ProtocolHandler ["http-nio-8081"]
01-Aug-2025 11:02:23.641 INFO [main] org.apache.catalina.startup.VersionLoggerListener.log Server version name:   Apache Tomcat/11.0.9
01-Aug-2025 11:02:23.646 INFO [main] org.apache.catalina.startup.VersionLoggerListener.log Server built:          Jul 1 2025 20:39:04 UTC
01-Aug-2025 11:02:23.646 INFO [main] org.apache.catalina.startup.VersionLoggerListener.log Server version number: 11.0.9.0
01-Aug-2025 11:02:23.647 INFO [main] org.apache.catalina.startup.VersionLoggerListener.log OS Name:               Windows 11
01-Aug-2025 11:02:23.647 INFO [main] org.apache.catalina.startup.VersionLoggerListener.log OS Version:            10.0
01-Aug-2025 11:02:23.647 INFO [main] org.apache.catalina.startup.VersionLoggerListener.log Architecture:          amd64
01-Aug-2025 11:02:23.647 INFO [main] org.apache.catalina.startup.VersionLoggerListener.log Java Home:             C:\Program Files\Java
01-Aug-2025 11:02:23.647 INFO [main] org.apache.catalina.startup.VersionLoggerListener.log JVM Version:           21.0.1+12-LTS-29
01-Aug-2025 11:02:23.647 INFO [main] org.apache.catalina.startup.VersionLoggerListener.log JVM Vendor:            Oracle Corporation
01-Aug-2025 11:02:23.648 INFO [main] org.apache.catalina.startup.VersionLoggerListener.log CATALINA_BASE:         D:\ProgrammingCode\Full web development with java\code\Web Development\_08_Advance_Java\_13_Servlet_With_JDBC
01-Aug-2025 11:02:23.648 INFO [main] org.apache.catalina.startup.VersionLoggerListener.log CATALINA_HOME:         D:\ProgrammingCode\installed\Tomcat 11
01-Aug-2025 11:02:23.662 INFO [main] org.apache.catalina.startup.VersionLoggerListener.log Command line argument: --add-opens=java.base/java.lang=ALL-UNNAMED
01-Aug-2025 11:02:23.662 INFO [main] org.apache.catalina.startup.VersionLoggerListener.log Command line argument: --add-opens=java.base/java.io=ALL-UNNAMED
01-Aug-2025 11:02:23.662 INFO [main] org.apache.catalina.startup.VersionLoggerListener.log Command line argument: --add-opens=java.base/java.util=ALL-UNNAMED
01-Aug-2025 11:02:23.662 INFO [main] org.apache.catalina.startup.VersionLoggerListener.log Command line argument: --add-opens=java.base/java.util.concurrent=ALL-UNNAMED
01-Aug-2025 11:02:23.662 INFO [main] org.apache.catalina.startup.VersionLoggerListener.log Command line argument: --add-opens=java.rmi/sun.rmi.transport=ALL-UNNAMED
01-Aug-2025 11:02:23.663 INFO [main] org.apache.catalina.startup.VersionLoggerListener.log Command line argument: -Dcatalina.home=D:\ProgrammingCode\installed\Tomcat 11
01-Aug-2025 11:02:23.663 INFO [main] org.apache.catalina.startup.VersionLoggerListener.log Command line argument: -Dcatalina.base=D:\ProgrammingCode\Full web development with java\code\Web Development\_08_Advance_Java\_13_Servlet_With_JDBC
01-Aug-2025 11:02:23.663 INFO [main] org.apache.catalina.startup.VersionLoggerListener.log Command line argument: -Djava.io.tmpdir=D:\ProgrammingCode\Full web development with java\code\Web Development\_08_Advance_Java\_13_Servlet_With_JDBC\temp
01-Aug-2025 11:02:23.663 INFO [main] org.apache.catalina.startup.VersionLoggerListener.log Command line argument: -Djava.util.logging.config.file=D:\ProgrammingCode\Full web development with java\code\Web Development\_08_Advance_Java\_13_Servlet_With_JDBC\conf\logging.properties
01-Aug-2025 11:02:23.663 INFO [main] org.apache.catalina.startup.VersionLoggerListener.log Command line argument: -Djava.util.logging.manager=org.apache.juli.ClassLoaderLogManager
01-Aug-2025 11:02:23.663 INFO [main] org.apache.catalina.startup.VersionLoggerListener.log Command line argument: -javaagent:D:\ProgrammingCode\Java\IntelliJ IDEA Community Edition 2024.2.4\lib\idea_rt.jar=50775
01-Aug-2025 11:02:23.663 INFO [main] org.apache.catalina.startup.VersionLoggerListener.log Command line argument: -Dfile.encoding=UTF-8
01-Aug-2025 11:02:23.663 INFO [main] org.apache.catalina.startup.VersionLoggerListener.log Command line argument: -Dsun.stdout.encoding=UTF-8
01-Aug-2025 11:02:23.663 INFO [main] org.apache.catalina.startup.VersionLoggerListener.log Command line argument: -Dsun.stderr.encoding=UTF-8
01-Aug-2025 11:02:23.680 INFO [main] org.apache.catalina.core.AprLifecycleListener.lifecycleEvent The Apache Tomcat Native library which allows using OpenSSL was not found on the java.library.path: [C:\Program Files\Java\bin;C:\WINDOWS\Sun\Java\bin;C:\WINDOWS\system32;C:\WINDOWS;C:\Program Files\Microsoft\jdk-17.0.15.6-hotspot\bin;D:\ProgrammingCode\python\installed\Scripts\;D:\ProgrammingCode\python\installed\;C:\Program Files\Common Files\Oracle\Java\javapath;C:\windows\system32;C:\windows;C:\windows\System32\Wbem;C:\windows\System32\WindowsPowerShell\v1.0\;C:\windows\System32\OpenSSH\;D:\setup file\installed file\Git\cmd;C:\Program Files\dotnet\;C:\Program Files\Java\bin;C:\WINDOWS\system32;C:\WINDOWS;C:\WINDOWS\System32\Wbem;C:\WINDOWS\System32\WindowsPowerShell\v1.0\;C:\WINDOWS\System32\OpenSSH\;C:\ProgramData\chocolatey\bin;C:\Program Files\MySQL\MySQL Shell 8.0\bin\;C:\Users\amitr\AppData\Local\Microsoft\WindowsApps;D:\Programming code\Java\Inte;C:\ProgramData\chocolatey\lib\maven\apache-maven-3.9.9\bin;D:\Programming code\installed\apache-tomcat-10.1.39-windows-x64\apache-tomcat-10.1.39\bin;D:\Programming code\installed\node js 20.11.1\node_modules\npm\bin;C:\Program Files\Java\bin;C:\Program Files\Apache\apache-maven-3.9.9\bin;D:\Programming code\installed\tomcaat\bin;C:\Users\amitr\AppData\Roaming\npm;C:\Users\amitr\.console-ninja\.bin;C:\Program Files\nodejs\;C:\Users\amitr\AppData\Local\Android\Sdk\platforms;C:\Users\amitr\AppData\Local\Android\Sdk;C:\Users\amitr\AppData\Local\Android\Sdk\platform-tools;C:\Users\amitr\AppData\Local\Android\Sdk\emulator;C:\Users\amitr\AppData\Local\Android\Sdk\build-tools;D:\ProgrammingCode\installed\Git\cmd;C:\Program Files\MongoDB\Server\8.0\bin;C:\Program Files\PowerShell\7\;C:\Users\amitr\.console-ninja\.bin;D:\ProgrammingCode\python\python 3.6.8\Scripts\;D:\ProgrammingCode\python\python 3.6.8\;C:\Program Files\MySQL\MySQL Shell 8.0\bin\;C:\Users\amitr\AppData\Local\Microsoft\WindowsApps;D:\ProgrammingCode\Java\IntelliJ IDEA Community Edition 2024.1.4\bin;C:\Users\amitr\AppData\Local\spicetify;C:\Program Files\MongoDB\Server\5.0\bin;C:\Users\amitr\AppData\Local\Microsoft\WindowsApps;D:\ProgrammingCode\Java\IntelliJ IDEA Community Edition 2024.2.4\bin;D:\ProgrammingCode\installed\Microsoft VS Code\bin;D:\ProgrammingCode\installed\node.js installed\node_modules\npm\bin;D:\ProgrammingCode\installed\Android\Sdk\platform-tools;D:\ProgrammingCode\installed\Android\Sdk;C:\Users\amitr\AppData\Roaming\npm;C:\Users\amitr\AppData\Local\Android\Sdk\platform-tools;C:\Users\amitr\AppData\Local\Android\Sdk\emulator;C:\Users\amitr\AppData\Local\Android\Sdk\build-tools;C:\Users\amitr\AppData\Local\Android\Sdk\platforms;C:\Program Files\Microsoft\jdk-17.0.15.6-hotspot\bin;D:\ProgrammingCode\installed\cursor\resources\app\bin;D:\Mongosh;;.]
01-Aug-2025 11:02:24.091 INFO [main] org.apache.coyote.AbstractProtocol.init Initializing ProtocolHandler ["http-nio-8081"]
01-Aug-2025 11:02:24.113 INFO [main] org.apache.catalina.startup.Catalina.load Server initialization in [695] milliseconds
01-Aug-2025 11:02:24.178 INFO [main] org.apache.catalina.core.StandardService.startInternal Starting service [Catalina]
01-Aug-2025 11:02:24.178 INFO [main] org.apache.catalina.core.StandardEngine.startInternal Starting Servlet engine: [Apache Tomcat/11.0.9]
01-Aug-2025 11:02:24.191 INFO [main] org.apache.catalina.startup.HostConfig.deployDescriptor Deploying deployment descriptor [D:\ProgrammingCode\Full web development with java\code\Web Development\_08_Advance_Java\_13_Servlet_With_JDBC\conf\Catalina\localhost\_13_Servlet_With_JDBC.xml]
01-Aug-2025 11:02:25.150 INFO [main] org.apache.jasper.servlet.TldScanner.scanJars At least one JAR was scanned for TLDs yet contained no TLDs. Enable debug logging for this logger for a complete list of JARs that were scanned but no TLDs were found in them. Skipping unneeded JARs during scanning can improve startup time and JSP compilation time.
01-Aug-2025 11:02:25.207 INFO [main] org.apache.catalina.startup.HostConfig.deployDescriptor Deployment of deployment descriptor [D:\ProgrammingCode\Full web development with java\code\Web Development\_08_Advance_Java\_13_Servlet_With_JDBC\conf\Catalina\localhost\_13_Servlet_With_JDBC.xml] has finished in [1,016] ms
01-Aug-2025 11:02:25.213 INFO [main] org.apache.coyote.AbstractProtocol.start Starting ProtocolHandler ["http-nio-8081"]
01-Aug-2025 11:02:25.244 INFO [main] org.apache.catalina.startup.Catalina.start Server startup in [1128] milliseconds
01-Aug-2025 12:08:35.192 INFO [Thread-1] org.apache.coyote.AbstractProtocol.pause Pausing ProtocolHandler ["http-nio-8081"]
01-Aug-2025 12:08:35.202 INFO [Thread-1] org.apache.catalina.core.StandardService.stopInternal Stopping service [Catalina]
01-Aug-2025 12:08:35.214 WARNING [Thread-1] org.apache.catalina.loader.WebappClassLoaderBase.clearReferencesJdbc The web application [_13_Servlet_With_JDBC] registered the JDBC driver [com.mysql.cj.jdbc.Driver] but failed to unregister it when the web application was stopped. To prevent a memory leak, the JDBC Driver has been forcibly unregistered.
01-Aug-2025 12:08:35.216 WARNING [Thread-1] org.apache.catalina.loader.WebappClassLoaderBase.clearReferencesThreads The web application [_13_Servlet_With_JDBC] appears to have started a thread named [mysql-cj-abandoned-connection-cleanup] but has failed to stop it. This is very likely to create a memory leak. Stack trace of thread:
 java.base/jdk.internal.misc.Unsafe.park(Native Method)
 java.base/java.util.concurrent.locks.LockSupport.parkNanos(LockSupport.java:269)
 java.base/java.util.concurrent.locks.AbstractQueuedSynchronizer$ConditionObject.await(AbstractQueuedSynchronizer.java:1847)
 java.base/java.lang.ref.ReferenceQueue.await(ReferenceQueue.java:71)
 java.base/java.lang.ref.ReferenceQueue.remove0(ReferenceQueue.java:143)
 java.base/java.lang.ref.ReferenceQueue.remove(ReferenceQueue.java:218)
 com.mysql.cj.jdbc.AbandonedConnectionCleanupThread.run(AbandonedConnectionCleanupThread.java:84)
 java.base/java.util.concurrent.ThreadPoolExecutor.runWorker(ThreadPoolExecutor.java:1144)
 java.base/java.util.concurrent.ThreadPoolExecutor$Worker.run(ThreadPoolExecutor.java:642)
 java.base/java.lang.Thread.run(Thread.java:1583)
01-Aug-2025 12:08:35.227 INFO [Thread-1] org.apache.coyote.AbstractProtocol.stop Stopping ProtocolHandler ["http-nio-8081"]
01-Aug-2025 12:08:35.246 INFO [Thread-1] org.apache.coyote.AbstractProtocol.destroy Destroying ProtocolHandler ["http-nio-8081"]
