01-Aug-2025 13:01:56.776 SEVERE [http-nio-8081-exec-3] org.apache.catalina.core.StandardWrapperValve.invoke Servlet.service() for servlet [jsp] in context with path [/_14_JSP_Explaination] threw exception [Unable to compile class for JSP: 

An error occurred at line: [58] in the jsp file: [/Welcome.jsp]
Syntax error on token ";", delete this token
55:         out.println("Scriptlet tag : " + x);
56:     %>
57:     <%=
58:         "Expression tag : " + x ;
59:     %>
60:     <a href="index.html">Back to Home</a>
61: 


Stacktrace:] with root cause
	org.apache.jasper.JasperException: Unable to compile class for JSP: 

An error occurred at line: [58] in the jsp file: [/Welcome.jsp]
Syntax error on token ";", delete this token
55:         out.println("Scriptlet tag : " + x);
56:     %>
57:     <%=
58:         "Expression tag : " + x ;
59:     %>
60:     <a href="index.html">Back to Home</a>
61: 


Stacktrace:
		at org.apache.jasper.compiler.DefaultErrorHandler.javacError(DefaultErrorHandler.java:72)
		at org.apache.jasper.compiler.ErrorDispatcher.javacError(ErrorDispatcher.java:192)
		at org.apache.jasper.compiler.JDTCompiler.generateClass(JDTCompiler.java:525)
		at org.apache.jasper.compiler.Compiler.compile(Compiler.java:374)
		at org.apache.jasper.compiler.Compiler.compile(Compiler.java:346)
		at org.apache.jasper.compiler.Compiler.compile(Compiler.java:332)
		at org.apache.jasper.JspCompilationContext.compile(JspCompilationContext.java:591)
		at org.apache.jasper.servlet.JspServletWrapper.service(JspServletWrapper.java:376)
		at org.apache.jasper.servlet.JspServlet.serviceJspFile(JspServlet.java:337)
		at org.apache.jasper.servlet.JspServlet.service(JspServlet.java:288)
		at jakarta.servlet.http.HttpServlet.service(HttpServlet.java:710)
		at org.apache.catalina.core.ApplicationFilterChain.doFilter(ApplicationFilterChain.java:130)
		at org.apache.tomcat.websocket.server.WsFilter.doFilter(WsFilter.java:53)
		at org.apache.catalina.core.ApplicationFilterChain.doFilter(ApplicationFilterChain.java:109)
		at org.apache.catalina.core.StandardWrapperValve.invoke(StandardWrapperValve.java:167)
		at org.apache.catalina.core.StandardContextValve.invoke(StandardContextValve.java:79)
		at org.apache.catalina.authenticator.AuthenticatorBase.invoke(AuthenticatorBase.java:483)
		at org.apache.catalina.core.StandardHostValve.invoke(StandardHostValve.java:116)
		at org.apache.catalina.valves.ErrorReportValve.invoke(ErrorReportValve.java:93)
		at org.apache.catalina.valves.AbstractAccessLogValve.invoke(AbstractAccessLogValve.java:666)
		at org.apache.catalina.core.StandardEngineValve.invoke(StandardEngineValve.java:74)
		at org.apache.catalina.connector.CoyoteAdapter.service(CoyoteAdapter.java:343)
		at org.apache.coyote.http11.Http11Processor.service(Http11Processor.java:396)
		at org.apache.coyote.AbstractProcessorLight.process(AbstractProcessorLight.java:63)
		at org.apache.coyote.AbstractProtocol$ConnectionHandler.process(AbstractProtocol.java:903)
		at org.apache.tomcat.util.net.NioEndpoint$SocketProcessor.doRun(NioEndpoint.java:1773)
		at org.apache.tomcat.util.net.SocketProcessorBase.run(SocketProcessorBase.java:52)
		at org.apache.tomcat.util.threads.ThreadPoolExecutor.runWorker(ThreadPoolExecutor.java:1149)
		at org.apache.tomcat.util.threads.ThreadPoolExecutor$Worker.run(ThreadPoolExecutor.java:637)
		at org.apache.tomcat.util.threads.TaskThread$WrappingRunnable.run(TaskThread.java:59)
		at java.base/java.lang.Thread.run(Thread.java:1583)
01-Aug-2025 13:03:54.669 SEVERE [http-nio-8081-exec-5] org.apache.catalina.core.StandardWrapperValve.invoke Servlet.service() for servlet [jsp] in context with path [/_14_JSP_Explaination] threw exception [Unable to compile class for JSP: 

An error occurred at line: [49] in the jsp file: [/Welcome.jsp]
x cannot be resolved to a variable
46:         out.println("Welcome....." + n + "<br>");
47:     %>
48:     <%
49:         out.println("Scriptlet tag : " + x + "<br>");
50:     %>
51:     <%= "Expression tag : " + x + "<br>" %>
52: 


An error occurred at line: [51] in the jsp file: [/Welcome.jsp]
x cannot be resolved to a variable
48:     <%
49:         out.println("Scriptlet tag : " + x + "<br>");
50:     %>
51:     <%= "Expression tag : " + x + "<br>" %>
52: 
53:     <a href="index.html">Back to Home</a>
54: 


Stacktrace:] with root cause
	org.apache.jasper.JasperException: Unable to compile class for JSP: 

An error occurred at line: [49] in the jsp file: [/Welcome.jsp]
x cannot be resolved to a variable
46:         out.println("Welcome....." + n + "<br>");
47:     %>
48:     <%
49:         out.println("Scriptlet tag : " + x + "<br>");
50:     %>
51:     <%= "Expression tag : " + x + "<br>" %>
52: 


An error occurred at line: [51] in the jsp file: [/Welcome.jsp]
x cannot be resolved to a variable
48:     <%
49:         out.println("Scriptlet tag : " + x + "<br>");
50:     %>
51:     <%= "Expression tag : " + x + "<br>" %>
52: 
53:     <a href="index.html">Back to Home</a>
54: 


Stacktrace:
		at org.apache.jasper.compiler.DefaultErrorHandler.javacError(DefaultErrorHandler.java:72)
		at org.apache.jasper.compiler.ErrorDispatcher.javacError(ErrorDispatcher.java:192)
		at org.apache.jasper.compiler.JDTCompiler.generateClass(JDTCompiler.java:525)
		at org.apache.jasper.compiler.Compiler.compile(Compiler.java:374)
		at org.apache.jasper.compiler.Compiler.compile(Compiler.java:346)
		at org.apache.jasper.compiler.Compiler.compile(Compiler.java:332)
		at org.apache.jasper.JspCompilationContext.compile(JspCompilationContext.java:591)
		at org.apache.jasper.servlet.JspServletWrapper.service(JspServletWrapper.java:376)
		at org.apache.jasper.servlet.JspServlet.serviceJspFile(JspServlet.java:337)
		at org.apache.jasper.servlet.JspServlet.service(JspServlet.java:288)
		at jakarta.servlet.http.HttpServlet.service(HttpServlet.java:710)
		at org.apache.catalina.core.ApplicationFilterChain.doFilter(ApplicationFilterChain.java:130)
		at org.apache.tomcat.websocket.server.WsFilter.doFilter(WsFilter.java:53)
		at org.apache.catalina.core.ApplicationFilterChain.doFilter(ApplicationFilterChain.java:109)
		at org.apache.catalina.core.StandardWrapperValve.invoke(StandardWrapperValve.java:167)
		at org.apache.catalina.core.StandardContextValve.invoke(StandardContextValve.java:79)
		at org.apache.catalina.authenticator.AuthenticatorBase.invoke(AuthenticatorBase.java:483)
		at org.apache.catalina.core.StandardHostValve.invoke(StandardHostValve.java:116)
		at org.apache.catalina.valves.ErrorReportValve.invoke(ErrorReportValve.java:93)
		at org.apache.catalina.valves.AbstractAccessLogValve.invoke(AbstractAccessLogValve.java:666)
		at org.apache.catalina.core.StandardEngineValve.invoke(StandardEngineValve.java:74)
		at org.apache.catalina.connector.CoyoteAdapter.service(CoyoteAdapter.java:343)
		at org.apache.coyote.http11.Http11Processor.service(Http11Processor.java:396)
		at org.apache.coyote.AbstractProcessorLight.process(AbstractProcessorLight.java:63)
		at org.apache.coyote.AbstractProtocol$ConnectionHandler.process(AbstractProtocol.java:903)
		at org.apache.tomcat.util.net.NioEndpoint$SocketProcessor.doRun(NioEndpoint.java:1773)
		at org.apache.tomcat.util.net.SocketProcessorBase.run(SocketProcessorBase.java:52)
		at org.apache.tomcat.util.threads.ThreadPoolExecutor.runWorker(ThreadPoolExecutor.java:1149)
		at org.apache.tomcat.util.threads.ThreadPoolExecutor$Worker.run(ThreadPoolExecutor.java:637)
		at org.apache.tomcat.util.threads.TaskThread$WrappingRunnable.run(TaskThread.java:59)
		at java.base/java.lang.Thread.run(Thread.java:1583)
01-Aug-2025 13:03:59.295 SEVERE [http-nio-8081-exec-7] org.apache.catalina.core.StandardWrapperValve.invoke Servlet.service() for servlet [jsp] in context with path [/_14_JSP_Explaination] threw exception [Unable to compile class for JSP: 

An error occurred at line: [49] in the jsp file: [/Welcome.jsp]
x cannot be resolved to a variable
46:         out.println("Welcome....." + n + "<br>");
47:     %>
48:     <%
49:         out.println("Scriptlet tag : " + x + "<br>");
50:     %>
51:     <%= "Expression tag : " + x + "<br>" %>
52: 


An error occurred at line: [51] in the jsp file: [/Welcome.jsp]
x cannot be resolved to a variable
48:     <%
49:         out.println("Scriptlet tag : " + x + "<br>");
50:     %>
51:     <%= "Expression tag : " + x + "<br>" %>
52: 
53:     <a href="index.html">Back to Home</a>
54: 


Stacktrace:] with root cause
	org.apache.jasper.JasperException: Unable to compile class for JSP: 

An error occurred at line: [49] in the jsp file: [/Welcome.jsp]
x cannot be resolved to a variable
46:         out.println("Welcome....." + n + "<br>");
47:     %>
48:     <%
49:         out.println("Scriptlet tag : " + x + "<br>");
50:     %>
51:     <%= "Expression tag : " + x + "<br>" %>
52: 


An error occurred at line: [51] in the jsp file: [/Welcome.jsp]
x cannot be resolved to a variable
48:     <%
49:         out.println("Scriptlet tag : " + x + "<br>");
50:     %>
51:     <%= "Expression tag : " + x + "<br>" %>
52: 
53:     <a href="index.html">Back to Home</a>
54: 


Stacktrace:
		at org.apache.jasper.compiler.DefaultErrorHandler.javacError(DefaultErrorHandler.java:72)
		at org.apache.jasper.compiler.ErrorDispatcher.javacError(ErrorDispatcher.java:192)
		at org.apache.jasper.compiler.JDTCompiler.generateClass(JDTCompiler.java:525)
		at org.apache.jasper.compiler.Compiler.compile(Compiler.java:374)
		at org.apache.jasper.compiler.Compiler.compile(Compiler.java:346)
		at org.apache.jasper.compiler.Compiler.compile(Compiler.java:332)
		at org.apache.jasper.JspCompilationContext.compile(JspCompilationContext.java:591)
		at org.apache.jasper.servlet.JspServletWrapper.service(JspServletWrapper.java:376)
		at org.apache.jasper.servlet.JspServlet.serviceJspFile(JspServlet.java:337)
		at org.apache.jasper.servlet.JspServlet.service(JspServlet.java:288)
		at jakarta.servlet.http.HttpServlet.service(HttpServlet.java:710)
		at org.apache.catalina.core.ApplicationFilterChain.doFilter(ApplicationFilterChain.java:130)
		at org.apache.tomcat.websocket.server.WsFilter.doFilter(WsFilter.java:53)
		at org.apache.catalina.core.ApplicationFilterChain.doFilter(ApplicationFilterChain.java:109)
		at org.apache.catalina.core.StandardWrapperValve.invoke(StandardWrapperValve.java:167)
		at org.apache.catalina.core.StandardContextValve.invoke(StandardContextValve.java:79)
		at org.apache.catalina.authenticator.AuthenticatorBase.invoke(AuthenticatorBase.java:483)
		at org.apache.catalina.core.StandardHostValve.invoke(StandardHostValve.java:116)
		at org.apache.catalina.valves.ErrorReportValve.invoke(ErrorReportValve.java:93)
		at org.apache.catalina.valves.AbstractAccessLogValve.invoke(AbstractAccessLogValve.java:666)
		at org.apache.catalina.core.StandardEngineValve.invoke(StandardEngineValve.java:74)
		at org.apache.catalina.connector.CoyoteAdapter.service(CoyoteAdapter.java:343)
		at org.apache.coyote.http11.Http11Processor.service(Http11Processor.java:396)
		at org.apache.coyote.AbstractProcessorLight.process(AbstractProcessorLight.java:63)
		at org.apache.coyote.AbstractProtocol$ConnectionHandler.process(AbstractProtocol.java:903)
		at org.apache.tomcat.util.net.NioEndpoint$SocketProcessor.doRun(NioEndpoint.java:1773)
		at org.apache.tomcat.util.net.SocketProcessorBase.run(SocketProcessorBase.java:52)
		at org.apache.tomcat.util.threads.ThreadPoolExecutor.runWorker(ThreadPoolExecutor.java:1149)
		at org.apache.tomcat.util.threads.ThreadPoolExecutor$Worker.run(ThreadPoolExecutor.java:637)
		at org.apache.tomcat.util.threads.TaskThread$WrappingRunnable.run(TaskThread.java:59)
		at java.base/java.lang.Thread.run(Thread.java:1583)
