18-Jul-2025 12:06:26.817 INFO [main] org.apache.catalina.startup.VersionLoggerListener.log Server version name:   Apache Tomcat/11.0.9
18-Jul-2025 12:06:26.826 INFO [main] org.apache.catalina.startup.VersionLoggerListener.log Server built:          Jul 1 2025 20:39:04 UTC
18-Jul-2025 12:06:26.827 INFO [main] org.apache.catalina.startup.VersionLoggerListener.log Server version number: 11.0.9.0
18-Jul-2025 12:06:26.827 INFO [main] org.apache.catalina.startup.VersionLoggerListener.log OS Name:               Windows 11
18-Jul-2025 12:06:26.827 INFO [main] org.apache.catalina.startup.VersionLoggerListener.log OS Version:            10.0
18-Jul-2025 12:06:26.827 INFO [main] org.apache.catalina.startup.VersionLoggerListener.log Architecture:          amd64
18-Jul-2025 12:06:26.829 INFO [main] org.apache.catalina.startup.VersionLoggerListener.log Java Home:             C:\Program Files\Java
18-Jul-2025 12:06:26.829 INFO [main] org.apache.catalina.startup.VersionLoggerListener.log JVM Version:           21.0.1+12-LTS-29
18-Jul-2025 12:06:26.829 INFO [main] org.apache.catalina.startup.VersionLoggerListener.log JVM Vendor:            Oracle Corporation
18-Jul-2025 12:06:26.830 INFO [main] org.apache.catalina.startup.VersionLoggerListener.log CATALINA_BASE:         D:\ProgrammingCode\Full web development with java\code\Web Development\_08_Advance_Java\_02_Add_Servlet
18-Jul-2025 12:06:26.830 INFO [main] org.apache.catalina.startup.VersionLoggerListener.log CATALINA_HOME:         D:\ProgrammingCode\installed\Tomcat 11
18-Jul-2025 12:06:26.853 INFO [main] org.apache.catalina.startup.VersionLoggerListener.log Command line argument: --add-opens=java.base/java.lang=ALL-UNNAMED
18-Jul-2025 12:06:26.853 INFO [main] org.apache.catalina.startup.VersionLoggerListener.log Command line argument: --add-opens=java.base/java.io=ALL-UNNAMED
18-Jul-2025 12:06:26.853 INFO [main] org.apache.catalina.startup.VersionLoggerListener.log Command line argument: --add-opens=java.base/java.util=ALL-UNNAMED
18-Jul-2025 12:06:26.853 INFO [main] org.apache.catalina.startup.VersionLoggerListener.log Command line argument: --add-opens=java.base/java.util.concurrent=ALL-UNNAMED
18-Jul-2025 12:06:26.853 INFO [main] org.apache.catalina.startup.VersionLoggerListener.log Command line argument: --add-opens=java.rmi/sun.rmi.transport=ALL-UNNAMED
18-Jul-2025 12:06:26.853 INFO [main] org.apache.catalina.startup.VersionLoggerListener.log Command line argument: -Dcatalina.home=D:\ProgrammingCode\installed\Tomcat 11
18-Jul-2025 12:06:26.853 INFO [main] org.apache.catalina.startup.VersionLoggerListener.log Command line argument: -Dcatalina.base=D:\ProgrammingCode\Full web development with java\code\Web Development\_08_Advance_Java\_02_Add_Servlet
18-Jul-2025 12:06:26.853 INFO [main] org.apache.catalina.startup.VersionLoggerListener.log Command line argument: -Djava.io.tmpdir=D:\ProgrammingCode\Full web development with java\code\Web Development\_08_Advance_Java\_02_Add_Servlet\temp
18-Jul-2025 12:06:26.854 INFO [main] org.apache.catalina.startup.VersionLoggerListener.log Command line argument: -Djava.util.logging.config.file=D:\ProgrammingCode\Full web development with java\code\Web Development\_08_Advance_Java\_02_Add_Servlet\conf\logging.properties
18-Jul-2025 12:06:26.854 INFO [main] org.apache.catalina.startup.VersionLoggerListener.log Command line argument: -Djava.util.logging.manager=org.apache.juli.ClassLoaderLogManager
18-Jul-2025 12:06:26.854 INFO [main] org.apache.catalina.startup.VersionLoggerListener.log Command line argument: -javaagent:D:\ProgrammingCode\Java\IntelliJ IDEA Community Edition 2024.2.4\lib\idea_rt.jar=53280
18-Jul-2025 12:06:26.854 INFO [main] org.apache.catalina.startup.VersionLoggerListener.log Command line argument: -Dfile.encoding=UTF-8
18-Jul-2025 12:06:26.855 INFO [main] org.apache.catalina.startup.VersionLoggerListener.log Command line argument: -Dsun.stdout.encoding=UTF-8
18-Jul-2025 12:06:26.855 INFO [main] org.apache.catalina.startup.VersionLoggerListener.log Command line argument: -Dsun.stderr.encoding=UTF-8
18-Jul-2025 12:06:26.875 INFO [main] org.apache.catalina.core.AprLifecycleListener.lifecycleEvent The Apache Tomcat Native library which allows using OpenSSL was not found on the java.library.path: [C:\Program Files\Java\bin;C:\WINDOWS\Sun\Java\bin;C:\WINDOWS\system32;C:\WINDOWS;C:\Program Files\Microsoft\jdk-17.0.15.6-hotspot\bin;D:\ProgrammingCode\python\installed\Scripts\;D:\ProgrammingCode\python\installed\;C:\Program Files\Common Files\Oracle\Java\javapath;C:\windows\system32;C:\windows;C:\windows\System32\Wbem;C:\windows\System32\WindowsPowerShell\v1.0\;C:\windows\System32\OpenSSH\;D:\setup file\installed file\Git\cmd;C:\Program Files\dotnet\;C:\Program Files\Java\bin;C:\WINDOWS\system32;C:\WINDOWS;C:\WINDOWS\System32\Wbem;C:\WINDOWS\System32\WindowsPowerShell\v1.0\;C:\WINDOWS\System32\OpenSSH\;C:\ProgramData\chocolatey\bin;C:\Program Files\MySQL\MySQL Shell 8.0\bin\;C:\Users\amitr\AppData\Local\Microsoft\WindowsApps;D:\Programming code\Java\Inte;C:\ProgramData\chocolatey\lib\maven\apache-maven-3.9.9\bin;D:\Programming code\installed\apache-tomcat-10.1.39-windows-x64\apache-tomcat-10.1.39\bin;D:\Programming code\installed\node js 20.11.1\node_modules\npm\bin;C:\Program Files\Java\bin;C:\Program Files\Apache\apache-maven-3.9.9\bin;D:\Programming code\installed\tomcaat\bin;C:\Users\amitr\AppData\Roaming\npm;C:\Users\amitr\.console-ninja\.bin;C:\Program Files\nodejs\;C:\Users\amitr\AppData\Local\Android\Sdk\platforms;C:\Users\amitr\AppData\Local\Android\Sdk;C:\Users\amitr\AppData\Local\Android\Sdk\platform-tools;C:\Users\amitr\AppData\Local\Android\Sdk\emulator;C:\Users\amitr\AppData\Local\Android\Sdk\build-tools;D:\ProgrammingCode\installed\Git\cmd;C:\Program Files\MongoDB\Server\8.0\bin;C:\Program Files\PowerShell\7\;C:\Users\amitr\.console-ninja\.bin;D:\ProgrammingCode\python\python 3.6.8\Scripts\;D:\ProgrammingCode\python\python 3.6.8\;C:\Program Files\MySQL\MySQL Shell 8.0\bin\;C:\Users\amitr\AppData\Local\Microsoft\WindowsApps;D:\ProgrammingCode\Java\IntelliJ IDEA Community Edition 2024.1.4\bin;C:\Users\amitr\AppData\Local\spicetify;C:\Program Files\MongoDB\Server\5.0\bin;C:\Users\amitr\AppData\Local\Microsoft\WindowsApps;D:\ProgrammingCode\Java\IntelliJ IDEA Community Edition 2024.2.4\bin;D:\ProgrammingCode\installed\Microsoft VS Code\bin;D:\ProgrammingCode\installed\node.js installed\node_modules\npm\bin;D:\ProgrammingCode\installed\Android\Sdk\platform-tools;D:\ProgrammingCode\installed\Android\Sdk;C:\Users\amitr\AppData\Roaming\npm;C:\Users\amitr\AppData\Local\Android\Sdk\platform-tools;C:\Users\amitr\AppData\Local\Android\Sdk\emulator;C:\Users\amitr\AppData\Local\Android\Sdk\build-tools;C:\Users\amitr\AppData\Local\Android\Sdk\platforms;C:\Program Files\Microsoft\jdk-17.0.15.6-hotspot\bin;D:\ProgrammingCode\installed\cursor\resources\app\bin;D:\Mongosh;;.]
18-Jul-2025 12:06:27.317 INFO [main] org.apache.coyote.AbstractProtocol.init Initializing ProtocolHandler ["http-nio-8081"]
18-Jul-2025 12:06:27.349 INFO [main] org.apache.catalina.startup.Catalina.load Server initialization in [825] milliseconds
18-Jul-2025 12:06:27.419 INFO [main] org.apache.catalina.core.StandardService.startInternal Starting service [Catalina]
18-Jul-2025 12:06:27.419 INFO [main] org.apache.catalina.core.StandardEngine.startInternal Starting Servlet engine: [Apache Tomcat/11.0.9]
18-Jul-2025 12:06:27.442 INFO [main] org.apache.catalina.startup.HostConfig.deployDescriptor Deploying deployment descriptor [D:\ProgrammingCode\Full web development with java\code\Web Development\_08_Advance_Java\_02_Add_Servlet\conf\Catalina\localhost\_02_Add_Servlet.xml]
18-Jul-2025 12:06:27.866 INFO [main] org.apache.catalina.startup.HostConfig.deployDescriptor Deployment of deployment descriptor [D:\ProgrammingCode\Full web development with java\code\Web Development\_08_Advance_Java\_02_Add_Servlet\conf\Catalina\localhost\_02_Add_Servlet.xml] has finished in [423] ms
18-Jul-2025 12:06:27.872 INFO [main] org.apache.coyote.AbstractProtocol.start Starting ProtocolHandler ["http-nio-8081"]
18-Jul-2025 12:06:27.902 INFO [main] org.apache.catalina.startup.Catalina.start Server startup in [549] milliseconds
18-Jul-2025 12:29:29.273 INFO [Catalina-utility-2] org.apache.catalina.startup.HostConfig.reload Reloading context [/_02_Add_Servlet]
18-Jul-2025 12:29:29.275 INFO [Catalina-utility-2] org.apache.catalina.core.StandardContext.reload Reloading Context with name [/_02_Add_Servlet] has started
18-Jul-2025 12:29:29.315 SEVERE [Catalina-utility-2] org.apache.tomcat.util.digester.Digester.endElement End event threw exception
	java.lang.reflect.InvocationTargetException
		at java.base/jdk.internal.reflect.DirectMethodHandleAccessor.invoke(DirectMethodHandleAccessor.java:118)
		at java.base/java.lang.reflect.Method.invoke(Method.java:580)
		at org.apache.tomcat.util.IntrospectionUtils.callMethodN(IntrospectionUtils.java:503)
		at org.apache.tomcat.util.digester.CallMethodRule.end(CallMethodRule.java:343)
		at org.apache.tomcat.util.digester.Digester.endElement(Digester.java:1014)
		at java.xml/com.sun.org.apache.xerces.internal.parsers.AbstractSAXParser.endElement(AbstractSAXParser.java:618)
		at java.xml/com.sun.org.apache.xerces.internal.impl.dtd.XMLDTDValidator.endNamespaceScope(XMLDTDValidator.java:1985)
		at java.xml/com.sun.org.apache.xerces.internal.impl.dtd.XMLDTDValidator.handleEndElement(XMLDTDValidator.java:1934)
		at java.xml/com.sun.org.apache.xerces.internal.impl.dtd.XMLDTDValidator.endElement(XMLDTDValidator.java:865)
		at java.xml/com.sun.org.apache.xerces.internal.impl.XMLDocumentFragmentScannerImpl.scanEndElement(XMLDocumentFragmentScannerImpl.java:1728)
		at java.xml/com.sun.org.apache.xerces.internal.impl.XMLDocumentFragmentScannerImpl$FragmentContentDriver.next(XMLDocumentFragmentScannerImpl.java:2899)
		at java.xml/com.sun.org.apache.xerces.internal.impl.XMLDocumentScannerImpl.next(XMLDocumentScannerImpl.java:605)
		at java.xml/com.sun.org.apache.xerces.internal.impl.XMLDocumentFragmentScannerImpl.scanDocument(XMLDocumentFragmentScannerImpl.java:542)
		at java.xml/com.sun.org.apache.xerces.internal.parsers.XML11Configuration.parse(XML11Configuration.java:889)
		at java.xml/com.sun.org.apache.xerces.internal.parsers.XML11Configuration.parse(XML11Configuration.java:825)
		at java.xml/com.sun.org.apache.xerces.internal.parsers.XMLParser.parse(XMLParser.java:141)
		at java.xml/com.sun.org.apache.xerces.internal.parsers.AbstractSAXParser.parse(AbstractSAXParser.java:1224)
		at java.xml/com.sun.org.apache.xerces.internal.jaxp.SAXParserImpl$JAXPSAXParser.parse(SAXParserImpl.java:637)
		at org.apache.tomcat.util.digester.Digester.parse(Digester.java:1506)
		at org.apache.tomcat.util.descriptor.web.WebXmlParser.parseWebXml(WebXmlParser.java:114)
		at org.apache.catalina.startup.ContextConfig.webConfig(ContextConfig.java:1244)
		at org.apache.catalina.startup.ContextConfig.configureStart(ContextConfig.java:969)
		at org.apache.catalina.startup.ContextConfig.lifecycleEvent(ContextConfig.java:290)
		at org.apache.catalina.util.LifecycleBase.fireLifecycleEvent(LifecycleBase.java:109)
		at org.apache.catalina.core.StandardContext.startInternal(StandardContext.java:4346)
		at org.apache.catalina.util.LifecycleBase.start(LifecycleBase.java:164)
		at org.apache.catalina.core.StandardContext.reload(StandardContext.java:3236)
		at org.apache.catalina.startup.HostConfig.reload(HostConfig.java:1417)
		at org.apache.catalina.startup.HostConfig.checkResources(HostConfig.java:1392)
		at org.apache.catalina.startup.HostConfig.check(HostConfig.java:1618)
		at org.apache.catalina.startup.HostConfig.lifecycleEvent(HostConfig.java:263)
		at org.apache.catalina.util.LifecycleBase.fireLifecycleEvent(LifecycleBase.java:109)
		at org.apache.catalina.core.ContainerBase.backgroundProcess(ContainerBase.java:940)
		at org.apache.catalina.core.ContainerBase$ContainerBackgroundProcessor.processChildren(ContainerBase.java:1139)
		at org.apache.catalina.core.ContainerBase$ContainerBackgroundProcessor.processChildren(ContainerBase.java:1143)
		at org.apache.catalina.core.ContainerBase$ContainerBackgroundProcessor.run(ContainerBase.java:1121)
		at java.base/java.util.concurrent.Executors$RunnableAdapter.call(Executors.java:572)
		at java.base/java.util.concurrent.FutureTask.runAndReset(FutureTask.java:358)
		at java.base/java.util.concurrent.ScheduledThreadPoolExecutor$ScheduledFutureTask.run(ScheduledThreadPoolExecutor.java:305)
		at java.base/java.util.concurrent.ThreadPoolExecutor.runWorker(ThreadPoolExecutor.java:1144)
		at java.base/java.util.concurrent.ThreadPoolExecutor$Worker.run(ThreadPoolExecutor.java:642)
		at org.apache.tomcat.util.threads.TaskThread$WrappingRunnable.run(TaskThread.java:59)
		at java.base/java.lang.Thread.run(Thread.java:1583)
	Caused by: java.lang.IllegalArgumentException: Invalid <servlet-name> [] in servlet definition.
		at org.apache.tomcat.util.descriptor.web.ServletDef.setServletName(ServletDef.java:110)
		at java.base/jdk.internal.reflect.DirectMethodHandleAccessor.invoke(DirectMethodHandleAccessor.java:103)
		... 42 more
18-Jul-2025 12:29:29.321 SEVERE [Catalina-utility-2] org.apache.tomcat.util.descriptor.web.WebXmlParser.parseWebXml Parse error in application web.xml file at [file:/D:/ProgrammingCode/Full%20web%20development%20with%20java/code/Web%20Development/_08_Advance_Java/_02_Add_Servlet/src/main/webapp/WEB-INF/web.xml]
	org.xml.sax.SAXParseException; systemId: file:/D:/ProgrammingCode/Full%20web%20development%20with%20java/code/Web%20Development/_08_Advance_Java/_02_Add_Servlet/src/main/webapp/WEB-INF/web.xml; lineNumber: 8; columnNumber: 34; Error at line [8] column [34]: [Invalid <servlet-name> [] in servlet definition.]
		at org.apache.tomcat.util.digester.Digester.createSAXException(Digester.java:1945)
		at org.apache.tomcat.util.digester.Digester.createSAXException(Digester.java:1975)
		at org.apache.tomcat.util.digester.Digester.endElement(Digester.java:1017)
		at java.xml/com.sun.org.apache.xerces.internal.parsers.AbstractSAXParser.endElement(AbstractSAXParser.java:618)
		at java.xml/com.sun.org.apache.xerces.internal.impl.dtd.XMLDTDValidator.endNamespaceScope(XMLDTDValidator.java:1985)
		at java.xml/com.sun.org.apache.xerces.internal.impl.dtd.XMLDTDValidator.handleEndElement(XMLDTDValidator.java:1934)
		at java.xml/com.sun.org.apache.xerces.internal.impl.dtd.XMLDTDValidator.endElement(XMLDTDValidator.java:865)
		at java.xml/com.sun.org.apache.xerces.internal.impl.XMLDocumentFragmentScannerImpl.scanEndElement(XMLDocumentFragmentScannerImpl.java:1728)
		at java.xml/com.sun.org.apache.xerces.internal.impl.XMLDocumentFragmentScannerImpl$FragmentContentDriver.next(XMLDocumentFragmentScannerImpl.java:2899)
		at java.xml/com.sun.org.apache.xerces.internal.impl.XMLDocumentScannerImpl.next(XMLDocumentScannerImpl.java:605)
		at java.xml/com.sun.org.apache.xerces.internal.impl.XMLDocumentFragmentScannerImpl.scanDocument(XMLDocumentFragmentScannerImpl.java:542)
		at java.xml/com.sun.org.apache.xerces.internal.parsers.XML11Configuration.parse(XML11Configuration.java:889)
		at java.xml/com.sun.org.apache.xerces.internal.parsers.XML11Configuration.parse(XML11Configuration.java:825)
		at java.xml/com.sun.org.apache.xerces.internal.parsers.XMLParser.parse(XMLParser.java:141)
		at java.xml/com.sun.org.apache.xerces.internal.parsers.AbstractSAXParser.parse(AbstractSAXParser.java:1224)
		at java.xml/com.sun.org.apache.xerces.internal.jaxp.SAXParserImpl$JAXPSAXParser.parse(SAXParserImpl.java:637)
		at org.apache.tomcat.util.digester.Digester.parse(Digester.java:1506)
		at org.apache.tomcat.util.descriptor.web.WebXmlParser.parseWebXml(WebXmlParser.java:114)
		at org.apache.catalina.startup.ContextConfig.webConfig(ContextConfig.java:1244)
		at org.apache.catalina.startup.ContextConfig.configureStart(ContextConfig.java:969)
		at org.apache.catalina.startup.ContextConfig.lifecycleEvent(ContextConfig.java:290)
		at org.apache.catalina.util.LifecycleBase.fireLifecycleEvent(LifecycleBase.java:109)
		at org.apache.catalina.core.StandardContext.startInternal(StandardContext.java:4346)
		at org.apache.catalina.util.LifecycleBase.start(LifecycleBase.java:164)
		at org.apache.catalina.core.StandardContext.reload(StandardContext.java:3236)
		at org.apache.catalina.startup.HostConfig.reload(HostConfig.java:1417)
		at org.apache.catalina.startup.HostConfig.checkResources(HostConfig.java:1392)
		at org.apache.catalina.startup.HostConfig.check(HostConfig.java:1618)
		at org.apache.catalina.startup.HostConfig.lifecycleEvent(HostConfig.java:263)
		at org.apache.catalina.util.LifecycleBase.fireLifecycleEvent(LifecycleBase.java:109)
		at org.apache.catalina.core.ContainerBase.backgroundProcess(ContainerBase.java:940)
		at org.apache.catalina.core.ContainerBase$ContainerBackgroundProcessor.processChildren(ContainerBase.java:1139)
		at org.apache.catalina.core.ContainerBase$ContainerBackgroundProcessor.processChildren(ContainerBase.java:1143)
		at org.apache.catalina.core.ContainerBase$ContainerBackgroundProcessor.run(ContainerBase.java:1121)
		at java.base/java.util.concurrent.Executors$RunnableAdapter.call(Executors.java:572)
		at java.base/java.util.concurrent.FutureTask.runAndReset(FutureTask.java:358)
		at java.base/java.util.concurrent.ScheduledThreadPoolExecutor$ScheduledFutureTask.run(ScheduledThreadPoolExecutor.java:305)
		at java.base/java.util.concurrent.ThreadPoolExecutor.runWorker(ThreadPoolExecutor.java:1144)
		at java.base/java.util.concurrent.ThreadPoolExecutor$Worker.run(ThreadPoolExecutor.java:642)
		at org.apache.tomcat.util.threads.TaskThread$WrappingRunnable.run(TaskThread.java:59)
		at java.base/java.lang.Thread.run(Thread.java:1583)
	Caused by: java.lang.IllegalArgumentException: Invalid <servlet-name> [] in servlet definition.
		at org.apache.tomcat.util.descriptor.web.ServletDef.setServletName(ServletDef.java:110)
		at java.base/jdk.internal.reflect.DirectMethodHandleAccessor.invoke(DirectMethodHandleAccessor.java:103)
		at java.base/java.lang.reflect.Method.invoke(Method.java:580)
		at org.apache.tomcat.util.IntrospectionUtils.callMethodN(IntrospectionUtils.java:503)
		at org.apache.tomcat.util.digester.CallMethodRule.end(CallMethodRule.java:343)
		at org.apache.tomcat.util.digester.Digester.endElement(Digester.java:1014)
		... 38 more
18-Jul-2025 12:29:29.328 SEVERE [Catalina-utility-2] org.apache.tomcat.util.descriptor.web.WebXmlParser.parseWebXml Occurred at line [8] column [34]
18-Jul-2025 12:29:29.333 SEVERE [Catalina-utility-2] org.apache.catalina.startup.ContextConfig.configureStart Marking this application unavailable due to previous error(s)
18-Jul-2025 12:29:29.334 SEVERE [Catalina-utility-2] org.apache.catalina.core.StandardContext.startInternal One or more components marked the context as not correctly configured
18-Jul-2025 12:29:29.335 SEVERE [Catalina-utility-2] org.apache.catalina.core.StandardContext.startInternal Context [/_02_Add_Servlet] startup failed due to previous errors
18-Jul-2025 12:29:29.337 INFO [Catalina-utility-2] org.apache.catalina.core.StandardContext.reload Reloading Context with name [/_02_Add_Servlet] is completed
18-Jul-2025 12:29:59.380 INFO [Catalina-utility-1] org.apache.catalina.startup.HostConfig.reload Reloading context [/_02_Add_Servlet]
18-Jul-2025 12:29:59.421 SEVERE [Catalina-utility-1] org.apache.tomcat.util.digester.Digester.fatalError Parse fatal error at line [9] column [6]
	org.xml.sax.SAXParseException; systemId: file:/D:/ProgrammingCode/Full%20web%20development%20with%20java/code/Web%20Development/_08_Advance_Java/_02_Add_Servlet/src/main/webapp/WEB-INF/web.xml; lineNumber: 9; columnNumber: 6; The content of elements must consist of well-formed character data or markup.
		at java.xml/com.sun.org.apache.xerces.internal.util.ErrorHandlerWrapper.createSAXParseException(ErrorHandlerWrapper.java:204)
		at java.xml/com.sun.org.apache.xerces.internal.util.ErrorHandlerWrapper.fatalError(ErrorHandlerWrapper.java:178)
		at java.xml/com.sun.org.apache.xerces.internal.impl.XMLErrorReporter.reportError(XMLErrorReporter.java:400)
		at java.xml/com.sun.org.apache.xerces.internal.impl.XMLErrorReporter.reportError(XMLErrorReporter.java:327)
		at java.xml/com.sun.org.apache.xerces.internal.impl.XMLScanner.reportFatalError(XMLScanner.java:1465)
		at java.xml/com.sun.org.apache.xerces.internal.impl.XMLDocumentFragmentScannerImpl$FragmentContentDriver.startOfMarkup(XMLDocumentFragmentScannerImpl.java:2589)
		at java.xml/com.sun.org.apache.xerces.internal.impl.XMLDocumentFragmentScannerImpl$FragmentContentDriver.next(XMLDocumentFragmentScannerImpl.java:2679)
		at java.xml/com.sun.org.apache.xerces.internal.impl.XMLDocumentScannerImpl.next(XMLDocumentScannerImpl.java:605)
		at java.xml/com.sun.org.apache.xerces.internal.impl.XMLDocumentFragmentScannerImpl.scanDocument(XMLDocumentFragmentScannerImpl.java:542)
		at java.xml/com.sun.org.apache.xerces.internal.parsers.XML11Configuration.parse(XML11Configuration.java:889)
		at java.xml/com.sun.org.apache.xerces.internal.parsers.XML11Configuration.parse(XML11Configuration.java:825)
		at java.xml/com.sun.org.apache.xerces.internal.parsers.XMLParser.parse(XMLParser.java:141)
		at java.xml/com.sun.org.apache.xerces.internal.parsers.AbstractSAXParser.parse(AbstractSAXParser.java:1224)
		at java.xml/com.sun.org.apache.xerces.internal.jaxp.SAXParserImpl$JAXPSAXParser.parse(SAXParserImpl.java:637)
		at org.apache.tomcat.util.digester.Digester.parse(Digester.java:1506)
		at org.apache.tomcat.util.descriptor.web.WebXmlParser.parseWebXml(WebXmlParser.java:114)
		at org.apache.catalina.startup.ContextConfig.webConfig(ContextConfig.java:1244)
		at org.apache.catalina.startup.ContextConfig.configureStart(ContextConfig.java:969)
		at org.apache.catalina.startup.ContextConfig.lifecycleEvent(ContextConfig.java:290)
		at org.apache.catalina.util.LifecycleBase.fireLifecycleEvent(LifecycleBase.java:109)
		at org.apache.catalina.core.StandardContext.startInternal(StandardContext.java:4346)
		at org.apache.catalina.util.LifecycleBase.start(LifecycleBase.java:164)
		at org.apache.catalina.startup.HostConfig.reload(HostConfig.java:1426)
		at org.apache.catalina.startup.HostConfig.checkResources(HostConfig.java:1392)
		at org.apache.catalina.startup.HostConfig.check(HostConfig.java:1618)
		at org.apache.catalina.startup.HostConfig.lifecycleEvent(HostConfig.java:263)
		at org.apache.catalina.util.LifecycleBase.fireLifecycleEvent(LifecycleBase.java:109)
		at org.apache.catalina.core.ContainerBase.backgroundProcess(ContainerBase.java:940)
		at org.apache.catalina.core.ContainerBase$ContainerBackgroundProcessor.processChildren(ContainerBase.java:1139)
		at org.apache.catalina.core.ContainerBase$ContainerBackgroundProcessor.processChildren(ContainerBase.java:1143)
		at org.apache.catalina.core.ContainerBase$ContainerBackgroundProcessor.run(ContainerBase.java:1121)
		at java.base/java.util.concurrent.Executors$RunnableAdapter.call(Executors.java:572)
		at java.base/java.util.concurrent.FutureTask.runAndReset(FutureTask.java:358)
		at java.base/java.util.concurrent.ScheduledThreadPoolExecutor$ScheduledFutureTask.run(ScheduledThreadPoolExecutor.java:305)
		at java.base/java.util.concurrent.ThreadPoolExecutor.runWorker(ThreadPoolExecutor.java:1144)
		at java.base/java.util.concurrent.ThreadPoolExecutor$Worker.run(ThreadPoolExecutor.java:642)
		at org.apache.tomcat.util.threads.TaskThread$WrappingRunnable.run(TaskThread.java:59)
		at java.base/java.lang.Thread.run(Thread.java:1583)
18-Jul-2025 12:29:59.426 SEVERE [Catalina-utility-1] org.apache.tomcat.util.descriptor.web.WebXmlParser.parseWebXml Parse error in application web.xml file at [file:/D:/ProgrammingCode/Full%20web%20development%20with%20java/code/Web%20Development/_08_Advance_Java/_02_Add_Servlet/src/main/webapp/WEB-INF/web.xml]
	org.xml.sax.SAXParseException; systemId: file:/D:/ProgrammingCode/Full%20web%20development%20with%20java/code/Web%20Development/_08_Advance_Java/_02_Add_Servlet/src/main/webapp/WEB-INF/web.xml; lineNumber: 9; columnNumber: 6; The content of elements must consist of well-formed character data or markup.
		at java.xml/com.sun.org.apache.xerces.internal.util.ErrorHandlerWrapper.createSAXParseException(ErrorHandlerWrapper.java:204)
		at java.xml/com.sun.org.apache.xerces.internal.util.ErrorHandlerWrapper.fatalError(ErrorHandlerWrapper.java:178)
		at java.xml/com.sun.org.apache.xerces.internal.impl.XMLErrorReporter.reportError(XMLErrorReporter.java:400)
		at java.xml/com.sun.org.apache.xerces.internal.impl.XMLErrorReporter.reportError(XMLErrorReporter.java:327)
		at java.xml/com.sun.org.apache.xerces.internal.impl.XMLScanner.reportFatalError(XMLScanner.java:1465)
		at java.xml/com.sun.org.apache.xerces.internal.impl.XMLDocumentFragmentScannerImpl$FragmentContentDriver.startOfMarkup(XMLDocumentFragmentScannerImpl.java:2589)
		at java.xml/com.sun.org.apache.xerces.internal.impl.XMLDocumentFragmentScannerImpl$FragmentContentDriver.next(XMLDocumentFragmentScannerImpl.java:2679)
		at java.xml/com.sun.org.apache.xerces.internal.impl.XMLDocumentScannerImpl.next(XMLDocumentScannerImpl.java:605)
		at java.xml/com.sun.org.apache.xerces.internal.impl.XMLDocumentFragmentScannerImpl.scanDocument(XMLDocumentFragmentScannerImpl.java:542)
		at java.xml/com.sun.org.apache.xerces.internal.parsers.XML11Configuration.parse(XML11Configuration.java:889)
		at java.xml/com.sun.org.apache.xerces.internal.parsers.XML11Configuration.parse(XML11Configuration.java:825)
		at java.xml/com.sun.org.apache.xerces.internal.parsers.XMLParser.parse(XMLParser.java:141)
		at java.xml/com.sun.org.apache.xerces.internal.parsers.AbstractSAXParser.parse(AbstractSAXParser.java:1224)
		at java.xml/com.sun.org.apache.xerces.internal.jaxp.SAXParserImpl$JAXPSAXParser.parse(SAXParserImpl.java:637)
		at org.apache.tomcat.util.digester.Digester.parse(Digester.java:1506)
		at org.apache.tomcat.util.descriptor.web.WebXmlParser.parseWebXml(WebXmlParser.java:114)
		at org.apache.catalina.startup.ContextConfig.webConfig(ContextConfig.java:1244)
		at org.apache.catalina.startup.ContextConfig.configureStart(ContextConfig.java:969)
		at org.apache.catalina.startup.ContextConfig.lifecycleEvent(ContextConfig.java:290)
		at org.apache.catalina.util.LifecycleBase.fireLifecycleEvent(LifecycleBase.java:109)
		at org.apache.catalina.core.StandardContext.startInternal(StandardContext.java:4346)
		at org.apache.catalina.util.LifecycleBase.start(LifecycleBase.java:164)
		at org.apache.catalina.startup.HostConfig.reload(HostConfig.java:1426)
		at org.apache.catalina.startup.HostConfig.checkResources(HostConfig.java:1392)
		at org.apache.catalina.startup.HostConfig.check(HostConfig.java:1618)
		at org.apache.catalina.startup.HostConfig.lifecycleEvent(HostConfig.java:263)
		at org.apache.catalina.util.LifecycleBase.fireLifecycleEvent(LifecycleBase.java:109)
		at org.apache.catalina.core.ContainerBase.backgroundProcess(ContainerBase.java:940)
		at org.apache.catalina.core.ContainerBase$ContainerBackgroundProcessor.processChildren(ContainerBase.java:1139)
		at org.apache.catalina.core.ContainerBase$ContainerBackgroundProcessor.processChildren(ContainerBase.java:1143)
		at org.apache.catalina.core.ContainerBase$ContainerBackgroundProcessor.run(ContainerBase.java:1121)
		at java.base/java.util.concurrent.Executors$RunnableAdapter.call(Executors.java:572)
		at java.base/java.util.concurrent.FutureTask.runAndReset(FutureTask.java:358)
		at java.base/java.util.concurrent.ScheduledThreadPoolExecutor$ScheduledFutureTask.run(ScheduledThreadPoolExecutor.java:305)
		at java.base/java.util.concurrent.ThreadPoolExecutor.runWorker(ThreadPoolExecutor.java:1144)
		at java.base/java.util.concurrent.ThreadPoolExecutor$Worker.run(ThreadPoolExecutor.java:642)
		at org.apache.tomcat.util.threads.TaskThread$WrappingRunnable.run(TaskThread.java:59)
		at java.base/java.lang.Thread.run(Thread.java:1583)
18-Jul-2025 12:29:59.441 SEVERE [Catalina-utility-1] org.apache.tomcat.util.descriptor.web.WebXmlParser.parseWebXml Occurred at line [9] column [6]
18-Jul-2025 12:29:59.444 SEVERE [Catalina-utility-1] org.apache.catalina.startup.ContextConfig.configureStart Marking this application unavailable due to previous error(s)
18-Jul-2025 12:29:59.444 SEVERE [Catalina-utility-1] org.apache.catalina.core.StandardContext.startInternal One or more components marked the context as not correctly configured
18-Jul-2025 12:29:59.446 SEVERE [Catalina-utility-1] org.apache.catalina.core.StandardContext.startInternal Context [/_02_Add_Servlet] startup failed due to previous errors
18-Jul-2025 12:30:09.459 INFO [Catalina-utility-2] org.apache.catalina.startup.HostConfig.reload Reloading context [/_02_Add_Servlet]
18-Jul-2025 12:30:09.487 SEVERE [Catalina-utility-2] org.apache.tomcat.util.digester.Digester.fatalError Parse fatal error at line [10] column [3]
	org.xml.sax.SAXParseException; systemId: file:/D:/ProgrammingCode/Full%20web%20development%20with%20java/code/Web%20Development/_08_Advance_Java/_02_Add_Servlet/src/main/webapp/WEB-INF/web.xml; lineNumber: 10; columnNumber: 3; Element type "servlet-class" must be followed by either attribute specifications, ">" or "/>".
		at java.xml/com.sun.org.apache.xerces.internal.util.ErrorHandlerWrapper.createSAXParseException(ErrorHandlerWrapper.java:204)
		at java.xml/com.sun.org.apache.xerces.internal.util.ErrorHandlerWrapper.fatalError(ErrorHandlerWrapper.java:178)
		at java.xml/com.sun.org.apache.xerces.internal.impl.XMLErrorReporter.reportError(XMLErrorReporter.java:400)
		at java.xml/com.sun.org.apache.xerces.internal.impl.XMLErrorReporter.reportError(XMLErrorReporter.java:327)
		at java.xml/com.sun.org.apache.xerces.internal.impl.XMLScanner.reportFatalError(XMLScanner.java:1465)
		at java.xml/com.sun.org.apache.xerces.internal.impl.XMLDocumentFragmentScannerImpl.seekCloseOfStartTag(XMLDocumentFragmentScannerImpl.java:1443)
		at java.xml/com.sun.org.apache.xerces.internal.impl.XMLDocumentFragmentScannerImpl.scanStartElement(XMLDocumentFragmentScannerImpl.java:1357)
		at java.xml/com.sun.org.apache.xerces.internal.impl.XMLDocumentFragmentScannerImpl$FragmentContentDriver.next(XMLDocumentFragmentScannerImpl.java:2726)
		at java.xml/com.sun.org.apache.xerces.internal.impl.XMLDocumentScannerImpl.next(XMLDocumentScannerImpl.java:605)
		at java.xml/com.sun.org.apache.xerces.internal.impl.XMLDocumentFragmentScannerImpl.scanDocument(XMLDocumentFragmentScannerImpl.java:542)
		at java.xml/com.sun.org.apache.xerces.internal.parsers.XML11Configuration.parse(XML11Configuration.java:889)
		at java.xml/com.sun.org.apache.xerces.internal.parsers.XML11Configuration.parse(XML11Configuration.java:825)
		at java.xml/com.sun.org.apache.xerces.internal.parsers.XMLParser.parse(XMLParser.java:141)
		at java.xml/com.sun.org.apache.xerces.internal.parsers.AbstractSAXParser.parse(AbstractSAXParser.java:1224)
		at java.xml/com.sun.org.apache.xerces.internal.jaxp.SAXParserImpl$JAXPSAXParser.parse(SAXParserImpl.java:637)
		at org.apache.tomcat.util.digester.Digester.parse(Digester.java:1506)
		at org.apache.tomcat.util.descriptor.web.WebXmlParser.parseWebXml(WebXmlParser.java:114)
		at org.apache.catalina.startup.ContextConfig.webConfig(ContextConfig.java:1244)
		at org.apache.catalina.startup.ContextConfig.configureStart(ContextConfig.java:969)
		at org.apache.catalina.startup.ContextConfig.lifecycleEvent(ContextConfig.java:290)
		at org.apache.catalina.util.LifecycleBase.fireLifecycleEvent(LifecycleBase.java:109)
		at org.apache.catalina.core.StandardContext.startInternal(StandardContext.java:4346)
		at org.apache.catalina.util.LifecycleBase.start(LifecycleBase.java:164)
		at org.apache.catalina.startup.HostConfig.reload(HostConfig.java:1426)
		at org.apache.catalina.startup.HostConfig.checkResources(HostConfig.java:1392)
		at org.apache.catalina.startup.HostConfig.check(HostConfig.java:1618)
		at org.apache.catalina.startup.HostConfig.lifecycleEvent(HostConfig.java:263)
		at org.apache.catalina.util.LifecycleBase.fireLifecycleEvent(LifecycleBase.java:109)
		at org.apache.catalina.core.ContainerBase.backgroundProcess(ContainerBase.java:940)
		at org.apache.catalina.core.ContainerBase$ContainerBackgroundProcessor.processChildren(ContainerBase.java:1139)
		at org.apache.catalina.core.ContainerBase$ContainerBackgroundProcessor.processChildren(ContainerBase.java:1143)
		at org.apache.catalina.core.ContainerBase$ContainerBackgroundProcessor.run(ContainerBase.java:1121)
		at java.base/java.util.concurrent.Executors$RunnableAdapter.call(Executors.java:572)
		at java.base/java.util.concurrent.FutureTask.runAndReset(FutureTask.java:358)
		at java.base/java.util.concurrent.ScheduledThreadPoolExecutor$ScheduledFutureTask.run(ScheduledThreadPoolExecutor.java:305)
		at java.base/java.util.concurrent.ThreadPoolExecutor.runWorker(ThreadPoolExecutor.java:1144)
		at java.base/java.util.concurrent.ThreadPoolExecutor$Worker.run(ThreadPoolExecutor.java:642)
		at org.apache.tomcat.util.threads.TaskThread$WrappingRunnable.run(TaskThread.java:59)
		at java.base/java.lang.Thread.run(Thread.java:1583)
18-Jul-2025 12:30:09.490 SEVERE [Catalina-utility-2] org.apache.tomcat.util.descriptor.web.WebXmlParser.parseWebXml Parse error in application web.xml file at [file:/D:/ProgrammingCode/Full%20web%20development%20with%20java/code/Web%20Development/_08_Advance_Java/_02_Add_Servlet/src/main/webapp/WEB-INF/web.xml]
	org.xml.sax.SAXParseException; systemId: file:/D:/ProgrammingCode/Full%20web%20development%20with%20java/code/Web%20Development/_08_Advance_Java/_02_Add_Servlet/src/main/webapp/WEB-INF/web.xml; lineNumber: 10; columnNumber: 3; Element type "servlet-class" must be followed by either attribute specifications, ">" or "/>".
		at java.xml/com.sun.org.apache.xerces.internal.util.ErrorHandlerWrapper.createSAXParseException(ErrorHandlerWrapper.java:204)
		at java.xml/com.sun.org.apache.xerces.internal.util.ErrorHandlerWrapper.fatalError(ErrorHandlerWrapper.java:178)
		at java.xml/com.sun.org.apache.xerces.internal.impl.XMLErrorReporter.reportError(XMLErrorReporter.java:400)
		at java.xml/com.sun.org.apache.xerces.internal.impl.XMLErrorReporter.reportError(XMLErrorReporter.java:327)
		at java.xml/com.sun.org.apache.xerces.internal.impl.XMLScanner.reportFatalError(XMLScanner.java:1465)
		at java.xml/com.sun.org.apache.xerces.internal.impl.XMLDocumentFragmentScannerImpl.seekCloseOfStartTag(XMLDocumentFragmentScannerImpl.java:1443)
		at java.xml/com.sun.org.apache.xerces.internal.impl.XMLDocumentFragmentScannerImpl.scanStartElement(XMLDocumentFragmentScannerImpl.java:1357)
		at java.xml/com.sun.org.apache.xerces.internal.impl.XMLDocumentFragmentScannerImpl$FragmentContentDriver.next(XMLDocumentFragmentScannerImpl.java:2726)
		at java.xml/com.sun.org.apache.xerces.internal.impl.XMLDocumentScannerImpl.next(XMLDocumentScannerImpl.java:605)
		at java.xml/com.sun.org.apache.xerces.internal.impl.XMLDocumentFragmentScannerImpl.scanDocument(XMLDocumentFragmentScannerImpl.java:542)
		at java.xml/com.sun.org.apache.xerces.internal.parsers.XML11Configuration.parse(XML11Configuration.java:889)
		at java.xml/com.sun.org.apache.xerces.internal.parsers.XML11Configuration.parse(XML11Configuration.java:825)
		at java.xml/com.sun.org.apache.xerces.internal.parsers.XMLParser.parse(XMLParser.java:141)
		at java.xml/com.sun.org.apache.xerces.internal.parsers.AbstractSAXParser.parse(AbstractSAXParser.java:1224)
		at java.xml/com.sun.org.apache.xerces.internal.jaxp.SAXParserImpl$JAXPSAXParser.parse(SAXParserImpl.java:637)
		at org.apache.tomcat.util.digester.Digester.parse(Digester.java:1506)
		at org.apache.tomcat.util.descriptor.web.WebXmlParser.parseWebXml(WebXmlParser.java:114)
		at org.apache.catalina.startup.ContextConfig.webConfig(ContextConfig.java:1244)
		at org.apache.catalina.startup.ContextConfig.configureStart(ContextConfig.java:969)
		at org.apache.catalina.startup.ContextConfig.lifecycleEvent(ContextConfig.java:290)
		at org.apache.catalina.util.LifecycleBase.fireLifecycleEvent(LifecycleBase.java:109)
		at org.apache.catalina.core.StandardContext.startInternal(StandardContext.java:4346)
		at org.apache.catalina.util.LifecycleBase.start(LifecycleBase.java:164)
		at org.apache.catalina.startup.HostConfig.reload(HostConfig.java:1426)
		at org.apache.catalina.startup.HostConfig.checkResources(HostConfig.java:1392)
		at org.apache.catalina.startup.HostConfig.check(HostConfig.java:1618)
		at org.apache.catalina.startup.HostConfig.lifecycleEvent(HostConfig.java:263)
		at org.apache.catalina.util.LifecycleBase.fireLifecycleEvent(LifecycleBase.java:109)
		at org.apache.catalina.core.ContainerBase.backgroundProcess(ContainerBase.java:940)
		at org.apache.catalina.core.ContainerBase$ContainerBackgroundProcessor.processChildren(ContainerBase.java:1139)
		at org.apache.catalina.core.ContainerBase$ContainerBackgroundProcessor.processChildren(ContainerBase.java:1143)
		at org.apache.catalina.core.ContainerBase$ContainerBackgroundProcessor.run(ContainerBase.java:1121)
		at java.base/java.util.concurrent.Executors$RunnableAdapter.call(Executors.java:572)
		at java.base/java.util.concurrent.FutureTask.runAndReset(FutureTask.java:358)
		at java.base/java.util.concurrent.ScheduledThreadPoolExecutor$ScheduledFutureTask.run(ScheduledThreadPoolExecutor.java:305)
		at java.base/java.util.concurrent.ThreadPoolExecutor.runWorker(ThreadPoolExecutor.java:1144)
		at java.base/java.util.concurrent.ThreadPoolExecutor$Worker.run(ThreadPoolExecutor.java:642)
		at org.apache.tomcat.util.threads.TaskThread$WrappingRunnable.run(TaskThread.java:59)
		at java.base/java.lang.Thread.run(Thread.java:1583)
18-Jul-2025 12:30:09.505 SEVERE [Catalina-utility-2] org.apache.tomcat.util.descriptor.web.WebXmlParser.parseWebXml Occurred at line [10] column [3]
18-Jul-2025 12:30:09.507 SEVERE [Catalina-utility-2] org.apache.catalina.startup.ContextConfig.configureStart Marking this application unavailable due to previous error(s)
18-Jul-2025 12:30:09.507 SEVERE [Catalina-utility-2] org.apache.catalina.core.StandardContext.startInternal One or more components marked the context as not correctly configured
18-Jul-2025 12:30:09.509 SEVERE [Catalina-utility-2] org.apache.catalina.core.StandardContext.startInternal Context [/_02_Add_Servlet] startup failed due to previous errors
18-Jul-2025 12:30:19.519 INFO [Catalina-utility-1] org.apache.catalina.startup.HostConfig.reload Reloading context [/_02_Add_Servlet]
18-Jul-2025 12:30:59.587 INFO [Catalina-utility-2] org.apache.catalina.startup.HostConfig.reload Reloading context [/_02_Add_Servlet]
18-Jul-2025 12:30:59.587 INFO [Catalina-utility-2] org.apache.catalina.core.StandardContext.reload Reloading Context with name [/_02_Add_Servlet] has started
18-Jul-2025 12:30:59.638 INFO [Catalina-utility-2] org.apache.catalina.core.StandardContext.reload Reloading Context with name [/_02_Add_Servlet] is completed
18-Jul-2025 12:31:49.704 INFO [Catalina-utility-1] org.apache.catalina.startup.HostConfig.reload Reloading context [/_02_Add_Servlet]
18-Jul-2025 12:31:49.704 INFO [Catalina-utility-1] org.apache.catalina.core.StandardContext.reload Reloading Context with name [/_02_Add_Servlet] has started
18-Jul-2025 12:31:49.750 INFO [Catalina-utility-1] org.apache.catalina.core.StandardContext.reload Reloading Context with name [/_02_Add_Servlet] is completed
18-Jul-2025 12:32:09.774 INFO [Catalina-utility-1] org.apache.catalina.startup.HostConfig.reload Reloading context [/_02_Add_Servlet]
18-Jul-2025 12:32:09.775 INFO [Catalina-utility-1] org.apache.catalina.core.StandardContext.reload Reloading Context with name [/_02_Add_Servlet] has started
18-Jul-2025 12:32:09.820 INFO [Catalina-utility-1] org.apache.catalina.core.StandardContext.reload Reloading Context with name [/_02_Add_Servlet] is completed
18-Jul-2025 12:32:29.839 INFO [Catalina-utility-2] org.apache.catalina.startup.HostConfig.reload Reloading context [/_02_Add_Servlet]
18-Jul-2025 12:32:29.839 INFO [Catalina-utility-2] org.apache.catalina.core.StandardContext.reload Reloading Context with name [/_02_Add_Servlet] has started
18-Jul-2025 12:32:29.887 INFO [Catalina-utility-2] org.apache.catalina.core.StandardContext.reload Reloading Context with name [/_02_Add_Servlet] is completed
18-Jul-2025 12:33:09.914 INFO [Catalina-utility-1] org.apache.catalina.startup.HostConfig.reload Reloading context [/_02_Add_Servlet]
18-Jul-2025 12:33:09.914 INFO [Catalina-utility-1] org.apache.catalina.core.StandardContext.reload Reloading Context with name [/_02_Add_Servlet] has started
18-Jul-2025 12:33:09.960 INFO [Catalina-utility-1] org.apache.catalina.core.StandardContext.reload Reloading Context with name [/_02_Add_Servlet] is completed
18-Jul-2025 12:36:44.736 INFO [Thread-1] org.apache.coyote.AbstractProtocol.pause Pausing ProtocolHandler ["http-nio-8081"]
18-Jul-2025 12:36:44.743 INFO [Thread-1] org.apache.catalina.core.StandardService.stopInternal Stopping service [Catalina]
18-Jul-2025 12:36:44.749 INFO [Thread-1] org.apache.coyote.AbstractProtocol.stop Stopping ProtocolHandler ["http-nio-8081"]
18-Jul-2025 12:36:44.754 INFO [Thread-1] org.apache.coyote.AbstractProtocol.destroy Destroying ProtocolHandler ["http-nio-8081"]
18-Jul-2025 12:37:05.462 INFO [main] org.apache.catalina.startup.VersionLoggerListener.log Server version name:   Apache Tomcat/11.0.9
18-Jul-2025 12:37:05.467 INFO [main] org.apache.catalina.startup.VersionLoggerListener.log Server built:          Jul 1 2025 20:39:04 UTC
18-Jul-2025 12:37:05.467 INFO [main] org.apache.catalina.startup.VersionLoggerListener.log Server version number: 11.0.9.0
18-Jul-2025 12:37:05.467 INFO [main] org.apache.catalina.startup.VersionLoggerListener.log OS Name:               Windows 11
18-Jul-2025 12:37:05.468 INFO [main] org.apache.catalina.startup.VersionLoggerListener.log OS Version:            10.0
18-Jul-2025 12:37:05.468 INFO [main] org.apache.catalina.startup.VersionLoggerListener.log Architecture:          amd64
18-Jul-2025 12:37:05.468 INFO [main] org.apache.catalina.startup.VersionLoggerListener.log Java Home:             C:\Program Files\Java
18-Jul-2025 12:37:05.468 INFO [main] org.apache.catalina.startup.VersionLoggerListener.log JVM Version:           21.0.1+12-LTS-29
18-Jul-2025 12:37:05.468 INFO [main] org.apache.catalina.startup.VersionLoggerListener.log JVM Vendor:            Oracle Corporation
18-Jul-2025 12:37:05.468 INFO [main] org.apache.catalina.startup.VersionLoggerListener.log CATALINA_BASE:         D:\ProgrammingCode\Full web development with java\code\Web Development\_08_Advance_Java\_02_Add_Servlet
18-Jul-2025 12:37:05.468 INFO [main] org.apache.catalina.startup.VersionLoggerListener.log CATALINA_HOME:         D:\ProgrammingCode\installed\Tomcat 11
18-Jul-2025 12:37:05.480 INFO [main] org.apache.catalina.startup.VersionLoggerListener.log Command line argument: --add-opens=java.base/java.lang=ALL-UNNAMED
18-Jul-2025 12:37:05.480 INFO [main] org.apache.catalina.startup.VersionLoggerListener.log Command line argument: --add-opens=java.base/java.io=ALL-UNNAMED
18-Jul-2025 12:37:05.480 INFO [main] org.apache.catalina.startup.VersionLoggerListener.log Command line argument: --add-opens=java.base/java.util=ALL-UNNAMED
18-Jul-2025 12:37:05.480 INFO [main] org.apache.catalina.startup.VersionLoggerListener.log Command line argument: --add-opens=java.base/java.util.concurrent=ALL-UNNAMED
18-Jul-2025 12:37:05.480 INFO [main] org.apache.catalina.startup.VersionLoggerListener.log Command line argument: --add-opens=java.rmi/sun.rmi.transport=ALL-UNNAMED
18-Jul-2025 12:37:05.480 INFO [main] org.apache.catalina.startup.VersionLoggerListener.log Command line argument: -Dcatalina.home=D:\ProgrammingCode\installed\Tomcat 11
18-Jul-2025 12:37:05.481 INFO [main] org.apache.catalina.startup.VersionLoggerListener.log Command line argument: -Dcatalina.base=D:\ProgrammingCode\Full web development with java\code\Web Development\_08_Advance_Java\_02_Add_Servlet
18-Jul-2025 12:37:05.481 INFO [main] org.apache.catalina.startup.VersionLoggerListener.log Command line argument: -Djava.io.tmpdir=D:\ProgrammingCode\Full web development with java\code\Web Development\_08_Advance_Java\_02_Add_Servlet\temp
18-Jul-2025 12:37:05.481 INFO [main] org.apache.catalina.startup.VersionLoggerListener.log Command line argument: -Djava.util.logging.config.file=D:\ProgrammingCode\Full web development with java\code\Web Development\_08_Advance_Java\_02_Add_Servlet\conf\logging.properties
18-Jul-2025 12:37:05.481 INFO [main] org.apache.catalina.startup.VersionLoggerListener.log Command line argument: -Djava.util.logging.manager=org.apache.juli.ClassLoaderLogManager
18-Jul-2025 12:37:05.481 INFO [main] org.apache.catalina.startup.VersionLoggerListener.log Command line argument: -javaagent:D:\ProgrammingCode\Java\IntelliJ IDEA Community Edition 2024.2.4\lib\idea_rt.jar=53528
18-Jul-2025 12:37:05.481 INFO [main] org.apache.catalina.startup.VersionLoggerListener.log Command line argument: -Dfile.encoding=UTF-8
18-Jul-2025 12:37:05.481 INFO [main] org.apache.catalina.startup.VersionLoggerListener.log Command line argument: -Dsun.stdout.encoding=UTF-8
18-Jul-2025 12:37:05.481 INFO [main] org.apache.catalina.startup.VersionLoggerListener.log Command line argument: -Dsun.stderr.encoding=UTF-8
18-Jul-2025 12:37:05.495 INFO [main] org.apache.catalina.core.AprLifecycleListener.lifecycleEvent The Apache Tomcat Native library which allows using OpenSSL was not found on the java.library.path: [C:\Program Files\Java\bin;C:\WINDOWS\Sun\Java\bin;C:\WINDOWS\system32;C:\WINDOWS;C:\Program Files\Microsoft\jdk-17.0.15.6-hotspot\bin;D:\ProgrammingCode\python\installed\Scripts\;D:\ProgrammingCode\python\installed\;C:\Program Files\Common Files\Oracle\Java\javapath;C:\windows\system32;C:\windows;C:\windows\System32\Wbem;C:\windows\System32\WindowsPowerShell\v1.0\;C:\windows\System32\OpenSSH\;D:\setup file\installed file\Git\cmd;C:\Program Files\dotnet\;C:\Program Files\Java\bin;C:\WINDOWS\system32;C:\WINDOWS;C:\WINDOWS\System32\Wbem;C:\WINDOWS\System32\WindowsPowerShell\v1.0\;C:\WINDOWS\System32\OpenSSH\;C:\ProgramData\chocolatey\bin;C:\Program Files\MySQL\MySQL Shell 8.0\bin\;C:\Users\amitr\AppData\Local\Microsoft\WindowsApps;D:\Programming code\Java\Inte;C:\ProgramData\chocolatey\lib\maven\apache-maven-3.9.9\bin;D:\Programming code\installed\apache-tomcat-10.1.39-windows-x64\apache-tomcat-10.1.39\bin;D:\Programming code\installed\node js 20.11.1\node_modules\npm\bin;C:\Program Files\Java\bin;C:\Program Files\Apache\apache-maven-3.9.9\bin;D:\Programming code\installed\tomcaat\bin;C:\Users\amitr\AppData\Roaming\npm;C:\Users\amitr\.console-ninja\.bin;C:\Program Files\nodejs\;C:\Users\amitr\AppData\Local\Android\Sdk\platforms;C:\Users\amitr\AppData\Local\Android\Sdk;C:\Users\amitr\AppData\Local\Android\Sdk\platform-tools;C:\Users\amitr\AppData\Local\Android\Sdk\emulator;C:\Users\amitr\AppData\Local\Android\Sdk\build-tools;D:\ProgrammingCode\installed\Git\cmd;C:\Program Files\MongoDB\Server\8.0\bin;C:\Program Files\PowerShell\7\;C:\Users\amitr\.console-ninja\.bin;D:\ProgrammingCode\python\python 3.6.8\Scripts\;D:\ProgrammingCode\python\python 3.6.8\;C:\Program Files\MySQL\MySQL Shell 8.0\bin\;C:\Users\amitr\AppData\Local\Microsoft\WindowsApps;D:\ProgrammingCode\Java\IntelliJ IDEA Community Edition 2024.1.4\bin;C:\Users\amitr\AppData\Local\spicetify;C:\Program Files\MongoDB\Server\5.0\bin;C:\Users\amitr\AppData\Local\Microsoft\WindowsApps;D:\ProgrammingCode\Java\IntelliJ IDEA Community Edition 2024.2.4\bin;D:\ProgrammingCode\installed\Microsoft VS Code\bin;D:\ProgrammingCode\installed\node.js installed\node_modules\npm\bin;D:\ProgrammingCode\installed\Android\Sdk\platform-tools;D:\ProgrammingCode\installed\Android\Sdk;C:\Users\amitr\AppData\Roaming\npm;C:\Users\amitr\AppData\Local\Android\Sdk\platform-tools;C:\Users\amitr\AppData\Local\Android\Sdk\emulator;C:\Users\amitr\AppData\Local\Android\Sdk\build-tools;C:\Users\amitr\AppData\Local\Android\Sdk\platforms;C:\Program Files\Microsoft\jdk-17.0.15.6-hotspot\bin;D:\ProgrammingCode\installed\cursor\resources\app\bin;D:\Mongosh;;.]
18-Jul-2025 12:37:05.876 INFO [main] org.apache.coyote.AbstractProtocol.init Initializing ProtocolHandler ["http-nio-8081"]
18-Jul-2025 12:37:05.900 INFO [main] org.apache.catalina.startup.Catalina.load Server initialization in [684] milliseconds
18-Jul-2025 12:37:05.957 INFO [main] org.apache.catalina.core.StandardService.startInternal Starting service [Catalina]
18-Jul-2025 12:37:05.957 INFO [main] org.apache.catalina.core.StandardEngine.startInternal Starting Servlet engine: [Apache Tomcat/11.0.9]
18-Jul-2025 12:37:05.969 INFO [main] org.apache.catalina.startup.HostConfig.deployDescriptor Deploying deployment descriptor [D:\ProgrammingCode\Full web development with java\code\Web Development\_08_Advance_Java\_02_Add_Servlet\conf\Catalina\localhost\_02_Add_Servlet.xml]
18-Jul-2025 12:37:06.386 INFO [main] org.apache.catalina.startup.HostConfig.deployDescriptor Deployment of deployment descriptor [D:\ProgrammingCode\Full web development with java\code\Web Development\_08_Advance_Java\_02_Add_Servlet\conf\Catalina\localhost\_02_Add_Servlet.xml] has finished in [415] ms
18-Jul-2025 12:37:06.389 INFO [main] org.apache.coyote.AbstractProtocol.start Starting ProtocolHandler ["http-nio-8081"]
18-Jul-2025 12:37:06.418 INFO [main] org.apache.catalina.startup.Catalina.start Server startup in [516] milliseconds
18-Jul-2025 12:37:31.926 INFO [Thread-1] org.apache.coyote.AbstractProtocol.pause Pausing ProtocolHandler ["http-nio-8081"]
18-Jul-2025 12:37:31.940 INFO [Thread-1] org.apache.catalina.core.StandardService.stopInternal Stopping service [Catalina]
18-Jul-2025 12:37:31.969 INFO [Thread-1] org.apache.coyote.AbstractProtocol.stop Stopping ProtocolHandler ["http-nio-8081"]
18-Jul-2025 12:37:31.980 INFO [Thread-1] org.apache.coyote.AbstractProtocol.destroy Destroying ProtocolHandler ["http-nio-8081"]
