25-Jul-2025 11:35:57.857 INFO [main] org.apache.catalina.startup.VersionLoggerListener.log Server version name:   Apache Tomcat/11.0.9
25-Jul-2025 11:35:57.861 INFO [main] org.apache.catalina.startup.VersionLoggerListener.log Server built:          Jul 1 2025 20:39:04 UTC
25-Jul-2025 11:35:57.862 INFO [main] org.apache.catalina.startup.VersionLoggerListener.log Server version number: 11.0.9.0
25-Jul-2025 11:35:57.862 INFO [main] org.apache.catalina.startup.VersionLoggerListener.log OS Name:               Windows 11
25-Jul-2025 11:35:57.862 INFO [main] org.apache.catalina.startup.VersionLoggerListener.log OS Version:            10.0
25-Jul-2025 11:35:57.862 INFO [main] org.apache.catalina.startup.VersionLoggerListener.log Architecture:          amd64
25-Jul-2025 11:35:57.862 INFO [main] org.apache.catalina.startup.VersionLoggerListener.log Java Home:             C:\Program Files\Java
25-Jul-2025 11:35:57.862 INFO [main] org.apache.catalina.startup.VersionLoggerListener.log JVM Version:           21.0.1+12-LTS-29
25-Jul-2025 11:35:57.862 INFO [main] org.apache.catalina.startup.VersionLoggerListener.log JVM Vendor:            Oracle Corporation
25-Jul-2025 11:35:57.862 INFO [main] org.apache.catalina.startup.VersionLoggerListener.log CATALINA_BASE:         D:\ProgrammingCode\Full web development with java\code\Web Development\_08_Advance_Java\_10_Session_Hidden_Form_Field
25-Jul-2025 11:35:57.862 INFO [main] org.apache.catalina.startup.VersionLoggerListener.log CATALINA_HOME:         D:\ProgrammingCode\installed\Tomcat 11
25-Jul-2025 11:35:57.872 INFO [main] org.apache.catalina.startup.VersionLoggerListener.log Command line argument: --add-opens=java.base/java.lang=ALL-UNNAMED
25-Jul-2025 11:35:57.872 INFO [main] org.apache.catalina.startup.VersionLoggerListener.log Command line argument: --add-opens=java.base/java.io=ALL-UNNAMED
25-Jul-2025 11:35:57.872 INFO [main] org.apache.catalina.startup.VersionLoggerListener.log Command line argument: --add-opens=java.base/java.util=ALL-UNNAMED
25-Jul-2025 11:35:57.872 INFO [main] org.apache.catalina.startup.VersionLoggerListener.log Command line argument: --add-opens=java.base/java.util.concurrent=ALL-UNNAMED
25-Jul-2025 11:35:57.872 INFO [main] org.apache.catalina.startup.VersionLoggerListener.log Command line argument: --add-opens=java.rmi/sun.rmi.transport=ALL-UNNAMED
25-Jul-2025 11:35:57.874 INFO [main] org.apache.catalina.startup.VersionLoggerListener.log Command line argument: -Dcatalina.home=D:\ProgrammingCode\installed\Tomcat 11
25-Jul-2025 11:35:57.874 INFO [main] org.apache.catalina.startup.VersionLoggerListener.log Command line argument: -Dcatalina.base=D:\ProgrammingCode\Full web development with java\code\Web Development\_08_Advance_Java\_10_Session_Hidden_Form_Field
25-Jul-2025 11:35:57.874 INFO [main] org.apache.catalina.startup.VersionLoggerListener.log Command line argument: -Djava.io.tmpdir=D:\ProgrammingCode\Full web development with java\code\Web Development\_08_Advance_Java\_10_Session_Hidden_Form_Field\temp
25-Jul-2025 11:35:57.874 INFO [main] org.apache.catalina.startup.VersionLoggerListener.log Command line argument: -Djava.util.logging.config.file=D:\ProgrammingCode\Full web development with java\code\Web Development\_08_Advance_Java\_10_Session_Hidden_Form_Field\conf\logging.properties
25-Jul-2025 11:35:57.874 INFO [main] org.apache.catalina.startup.VersionLoggerListener.log Command line argument: -Djava.util.logging.manager=org.apache.juli.ClassLoaderLogManager
25-Jul-2025 11:35:57.874 INFO [main] org.apache.catalina.startup.VersionLoggerListener.log Command line argument: -javaagent:D:\ProgrammingCode\Java\IntelliJ IDEA Community Edition 2024.2.4\lib\idea_rt.jar=58309
25-Jul-2025 11:35:57.874 INFO [main] org.apache.catalina.startup.VersionLoggerListener.log Command line argument: -Dfile.encoding=UTF-8
25-Jul-2025 11:35:57.874 INFO [main] org.apache.catalina.startup.VersionLoggerListener.log Command line argument: -Dsun.stdout.encoding=UTF-8
25-Jul-2025 11:35:57.874 INFO [main] org.apache.catalina.startup.VersionLoggerListener.log Command line argument: -Dsun.stderr.encoding=UTF-8
25-Jul-2025 11:35:57.886 INFO [main] org.apache.catalina.core.AprLifecycleListener.lifecycleEvent The Apache Tomcat Native library which allows using OpenSSL was not found on the java.library.path: [C:\Program Files\Java\bin;C:\WINDOWS\Sun\Java\bin;C:\WINDOWS\system32;C:\WINDOWS;C:\Program Files\Microsoft\jdk-17.0.15.6-hotspot\bin;D:\ProgrammingCode\python\installed\Scripts\;D:\ProgrammingCode\python\installed\;C:\Program Files\Common Files\Oracle\Java\javapath;C:\windows\system32;C:\windows;C:\windows\System32\Wbem;C:\windows\System32\WindowsPowerShell\v1.0\;C:\windows\System32\OpenSSH\;D:\setup file\installed file\Git\cmd;C:\Program Files\dotnet\;C:\Program Files\Java\bin;C:\WINDOWS\system32;C:\WINDOWS;C:\WINDOWS\System32\Wbem;C:\WINDOWS\System32\WindowsPowerShell\v1.0\;C:\WINDOWS\System32\OpenSSH\;C:\ProgramData\chocolatey\bin;C:\Program Files\MySQL\MySQL Shell 8.0\bin\;C:\Users\amitr\AppData\Local\Microsoft\WindowsApps;D:\Programming code\Java\Inte;C:\ProgramData\chocolatey\lib\maven\apache-maven-3.9.9\bin;D:\Programming code\installed\apache-tomcat-10.1.39-windows-x64\apache-tomcat-10.1.39\bin;D:\Programming code\installed\node js 20.11.1\node_modules\npm\bin;C:\Program Files\Java\bin;C:\Program Files\Apache\apache-maven-3.9.9\bin;D:\Programming code\installed\tomcaat\bin;C:\Users\amitr\AppData\Roaming\npm;C:\Users\amitr\.console-ninja\.bin;C:\Program Files\nodejs\;C:\Users\amitr\AppData\Local\Android\Sdk\platforms;C:\Users\amitr\AppData\Local\Android\Sdk;C:\Users\amitr\AppData\Local\Android\Sdk\platform-tools;C:\Users\amitr\AppData\Local\Android\Sdk\emulator;C:\Users\amitr\AppData\Local\Android\Sdk\build-tools;D:\ProgrammingCode\installed\Git\cmd;C:\Program Files\MongoDB\Server\8.0\bin;C:\Program Files\PowerShell\7\;C:\Users\amitr\.console-ninja\.bin;D:\ProgrammingCode\python\python 3.6.8\Scripts\;D:\ProgrammingCode\python\python 3.6.8\;C:\Program Files\MySQL\MySQL Shell 8.0\bin\;C:\Users\amitr\AppData\Local\Microsoft\WindowsApps;D:\ProgrammingCode\Java\IntelliJ IDEA Community Edition 2024.1.4\bin;C:\Users\amitr\AppData\Local\spicetify;C:\Program Files\MongoDB\Server\5.0\bin;C:\Users\amitr\AppData\Local\Microsoft\WindowsApps;D:\ProgrammingCode\Java\IntelliJ IDEA Community Edition 2024.2.4\bin;D:\ProgrammingCode\installed\Microsoft VS Code\bin;D:\ProgrammingCode\installed\node.js installed\node_modules\npm\bin;D:\ProgrammingCode\installed\Android\Sdk\platform-tools;D:\ProgrammingCode\installed\Android\Sdk;C:\Users\amitr\AppData\Roaming\npm;C:\Users\amitr\AppData\Local\Android\Sdk\platform-tools;C:\Users\amitr\AppData\Local\Android\Sdk\emulator;C:\Users\amitr\AppData\Local\Android\Sdk\build-tools;C:\Users\amitr\AppData\Local\Android\Sdk\platforms;C:\Program Files\Microsoft\jdk-17.0.15.6-hotspot\bin;D:\ProgrammingCode\installed\cursor\resources\app\bin;D:\Mongosh;;.]
25-Jul-2025 11:35:58.170 INFO [main] org.apache.coyote.AbstractProtocol.init Initializing ProtocolHandler ["http-nio-8081"]
25-Jul-2025 11:35:58.186 INFO [main] org.apache.catalina.startup.Catalina.load Server initialization in [512] milliseconds
25-Jul-2025 11:35:58.230 INFO [main] org.apache.catalina.core.StandardService.startInternal Starting service [Catalina]
25-Jul-2025 11:35:58.230 INFO [main] org.apache.catalina.core.StandardEngine.startInternal Starting Servlet engine: [Apache Tomcat/11.0.9]
25-Jul-2025 11:35:58.243 INFO [main] org.apache.catalina.startup.HostConfig.deployDescriptor Deploying deployment descriptor [D:\ProgrammingCode\Full web development with java\code\Web Development\_08_Advance_Java\_10_Session_Hidden_Form_Field\conf\Catalina\localhost\_10_Session_Hidden_Form_Field.xml]
25-Jul-2025 11:35:58.597 INFO [main] org.apache.jasper.servlet.TldScanner.scanJars At least one JAR was scanned for TLDs yet contained no TLDs. Enable debug logging for this logger for a complete list of JARs that were scanned but no TLDs were found in them. Skipping unneeded JARs during scanning can improve startup time and JSP compilation time.
25-Jul-2025 11:35:58.656 INFO [main] org.apache.catalina.startup.HostConfig.deployDescriptor Deployment of deployment descriptor [D:\ProgrammingCode\Full web development with java\code\Web Development\_08_Advance_Java\_10_Session_Hidden_Form_Field\conf\Catalina\localhost\_10_Session_Hidden_Form_Field.xml] has finished in [412] ms
25-Jul-2025 11:35:58.667 INFO [main] org.apache.coyote.AbstractProtocol.start Starting ProtocolHandler ["http-nio-8081"]
25-Jul-2025 11:35:58.693 INFO [main] org.apache.catalina.startup.Catalina.start Server startup in [505] milliseconds
25-Jul-2025 12:18:53.442 INFO [Thread-1] org.apache.coyote.AbstractProtocol.pause Pausing ProtocolHandler ["http-nio-8081"]
25-Jul-2025 12:18:53.447 INFO [Thread-1] org.apache.catalina.core.StandardService.stopInternal Stopping service [Catalina]
25-Jul-2025 12:18:53.463 INFO [Thread-1] org.apache.coyote.AbstractProtocol.stop Stopping ProtocolHandler ["http-nio-8081"]
25-Jul-2025 12:18:53.473 INFO [Thread-1] org.apache.coyote.AbstractProtocol.destroy Destroying ProtocolHandler ["http-nio-8081"]
25-Jul-2025 17:20:37.655 INFO [main] org.apache.catalina.startup.VersionLoggerListener.log Server version name:   Apache Tomcat/11.0.9
25-Jul-2025 17:20:37.661 INFO [main] org.apache.catalina.startup.VersionLoggerListener.log Server built:          Jul 1 2025 20:39:04 UTC
25-Jul-2025 17:20:37.661 INFO [main] org.apache.catalina.startup.VersionLoggerListener.log Server version number: 11.0.9.0
25-Jul-2025 17:20:37.662 INFO [main] org.apache.catalina.startup.VersionLoggerListener.log OS Name:               Windows 11
25-Jul-2025 17:20:37.662 INFO [main] org.apache.catalina.startup.VersionLoggerListener.log OS Version:            10.0
25-Jul-2025 17:20:37.662 INFO [main] org.apache.catalina.startup.VersionLoggerListener.log Architecture:          amd64
25-Jul-2025 17:20:37.662 INFO [main] org.apache.catalina.startup.VersionLoggerListener.log Java Home:             C:\Program Files\Java
25-Jul-2025 17:20:37.662 INFO [main] org.apache.catalina.startup.VersionLoggerListener.log JVM Version:           21.0.1+12-LTS-29
25-Jul-2025 17:20:37.662 INFO [main] org.apache.catalina.startup.VersionLoggerListener.log JVM Vendor:            Oracle Corporation
25-Jul-2025 17:20:37.663 INFO [main] org.apache.catalina.startup.VersionLoggerListener.log CATALINA_BASE:         D:\ProgrammingCode\Full web development with java\code\Web Development\_08_Advance_Java\_10_Session_Hidden_Form_Field
25-Jul-2025 17:20:37.663 INFO [main] org.apache.catalina.startup.VersionLoggerListener.log CATALINA_HOME:         D:\ProgrammingCode\installed\Tomcat 11
25-Jul-2025 17:20:37.673 INFO [main] org.apache.catalina.startup.VersionLoggerListener.log Command line argument: --add-opens=java.base/java.lang=ALL-UNNAMED
25-Jul-2025 17:20:37.673 INFO [main] org.apache.catalina.startup.VersionLoggerListener.log Command line argument: --add-opens=java.base/java.io=ALL-UNNAMED
25-Jul-2025 17:20:37.673 INFO [main] org.apache.catalina.startup.VersionLoggerListener.log Command line argument: --add-opens=java.base/java.util=ALL-UNNAMED
25-Jul-2025 17:20:37.673 INFO [main] org.apache.catalina.startup.VersionLoggerListener.log Command line argument: --add-opens=java.base/java.util.concurrent=ALL-UNNAMED
25-Jul-2025 17:20:37.673 INFO [main] org.apache.catalina.startup.VersionLoggerListener.log Command line argument: --add-opens=java.rmi/sun.rmi.transport=ALL-UNNAMED
25-Jul-2025 17:20:37.673 INFO [main] org.apache.catalina.startup.VersionLoggerListener.log Command line argument: -Dcatalina.home=D:\ProgrammingCode\installed\Tomcat 11
25-Jul-2025 17:20:37.673 INFO [main] org.apache.catalina.startup.VersionLoggerListener.log Command line argument: -Dcatalina.base=D:\ProgrammingCode\Full web development with java\code\Web Development\_08_Advance_Java\_10_Session_Hidden_Form_Field
25-Jul-2025 17:20:37.673 INFO [main] org.apache.catalina.startup.VersionLoggerListener.log Command line argument: -Djava.io.tmpdir=D:\ProgrammingCode\Full web development with java\code\Web Development\_08_Advance_Java\_10_Session_Hidden_Form_Field\temp
25-Jul-2025 17:20:37.675 INFO [main] org.apache.catalina.startup.VersionLoggerListener.log Command line argument: -Djava.util.logging.config.file=D:\ProgrammingCode\Full web development with java\code\Web Development\_08_Advance_Java\_10_Session_Hidden_Form_Field\conf\logging.properties
25-Jul-2025 17:20:37.675 INFO [main] org.apache.catalina.startup.VersionLoggerListener.log Command line argument: -Djava.util.logging.manager=org.apache.juli.ClassLoaderLogManager
25-Jul-2025 17:20:37.675 INFO [main] org.apache.catalina.startup.VersionLoggerListener.log Command line argument: -javaagent:D:\ProgrammingCode\Java\IntelliJ IDEA Community Edition 2024.2.4\lib\idea_rt.jar=51742
25-Jul-2025 17:20:37.675 INFO [main] org.apache.catalina.startup.VersionLoggerListener.log Command line argument: -Dfile.encoding=UTF-8
25-Jul-2025 17:20:37.675 INFO [main] org.apache.catalina.startup.VersionLoggerListener.log Command line argument: -Dsun.stdout.encoding=UTF-8
25-Jul-2025 17:20:37.675 INFO [main] org.apache.catalina.startup.VersionLoggerListener.log Command line argument: -Dsun.stderr.encoding=UTF-8
25-Jul-2025 17:20:37.689 INFO [main] org.apache.catalina.core.AprLifecycleListener.lifecycleEvent The Apache Tomcat Native library which allows using OpenSSL was not found on the java.library.path: [C:\Program Files\Java\bin;C:\WINDOWS\Sun\Java\bin;C:\WINDOWS\system32;C:\WINDOWS;C:\Program Files\Microsoft\jdk-17.0.15.6-hotspot\bin;D:\ProgrammingCode\python\installed\Scripts\;D:\ProgrammingCode\python\installed\;C:\Program Files\Common Files\Oracle\Java\javapath;C:\windows\system32;C:\windows;C:\windows\System32\Wbem;C:\windows\System32\WindowsPowerShell\v1.0\;C:\windows\System32\OpenSSH\;D:\setup file\installed file\Git\cmd;C:\Program Files\dotnet\;C:\Program Files\Java\bin;C:\WINDOWS\system32;C:\WINDOWS;C:\WINDOWS\System32\Wbem;C:\WINDOWS\System32\WindowsPowerShell\v1.0\;C:\WINDOWS\System32\OpenSSH\;C:\ProgramData\chocolatey\bin;C:\Program Files\MySQL\MySQL Shell 8.0\bin\;C:\Users\amitr\AppData\Local\Microsoft\WindowsApps;D:\Programming code\Java\Inte;C:\ProgramData\chocolatey\lib\maven\apache-maven-3.9.9\bin;D:\Programming code\installed\apache-tomcat-10.1.39-windows-x64\apache-tomcat-10.1.39\bin;D:\Programming code\installed\node js 20.11.1\node_modules\npm\bin;C:\Program Files\Java\bin;C:\Program Files\Apache\apache-maven-3.9.9\bin;D:\Programming code\installed\tomcaat\bin;C:\Users\amitr\AppData\Roaming\npm;C:\Users\amitr\.console-ninja\.bin;C:\Program Files\nodejs\;C:\Users\amitr\AppData\Local\Android\Sdk\platforms;C:\Users\amitr\AppData\Local\Android\Sdk;C:\Users\amitr\AppData\Local\Android\Sdk\platform-tools;C:\Users\amitr\AppData\Local\Android\Sdk\emulator;C:\Users\amitr\AppData\Local\Android\Sdk\build-tools;D:\ProgrammingCode\installed\Git\cmd;C:\Program Files\MongoDB\Server\8.0\bin;C:\Program Files\PowerShell\7\;C:\Users\amitr\.console-ninja\.bin;D:\ProgrammingCode\python\python 3.6.8\Scripts\;D:\ProgrammingCode\python\python 3.6.8\;C:\Program Files\MySQL\MySQL Shell 8.0\bin\;C:\Users\amitr\AppData\Local\Microsoft\WindowsApps;D:\ProgrammingCode\Java\IntelliJ IDEA Community Edition 2024.1.4\bin;C:\Users\amitr\AppData\Local\spicetify;C:\Program Files\MongoDB\Server\5.0\bin;C:\Users\amitr\AppData\Local\Microsoft\WindowsApps;D:\ProgrammingCode\Java\IntelliJ IDEA Community Edition 2024.2.4\bin;D:\ProgrammingCode\installed\Microsoft VS Code\bin;D:\ProgrammingCode\installed\node.js installed\node_modules\npm\bin;D:\ProgrammingCode\installed\Android\Sdk\platform-tools;D:\ProgrammingCode\installed\Android\Sdk;C:\Users\amitr\AppData\Roaming\npm;C:\Users\amitr\AppData\Local\Android\Sdk\platform-tools;C:\Users\amitr\AppData\Local\Android\Sdk\emulator;C:\Users\amitr\AppData\Local\Android\Sdk\build-tools;C:\Users\amitr\AppData\Local\Android\Sdk\platforms;C:\Program Files\Microsoft\jdk-17.0.15.6-hotspot\bin;D:\ProgrammingCode\installed\cursor\resources\app\bin;D:\Mongosh;;.]
25-Jul-2025 17:20:38.060 INFO [main] org.apache.coyote.AbstractProtocol.init Initializing ProtocolHandler ["http-nio-8081"]
25-Jul-2025 17:20:38.080 INFO [main] org.apache.catalina.startup.Catalina.load Server initialization in [679] milliseconds
25-Jul-2025 17:20:38.138 INFO [main] org.apache.catalina.core.StandardService.startInternal Starting service [Catalina]
25-Jul-2025 17:20:38.138 INFO [main] org.apache.catalina.core.StandardEngine.startInternal Starting Servlet engine: [Apache Tomcat/11.0.9]
25-Jul-2025 17:20:38.151 INFO [main] org.apache.catalina.startup.HostConfig.deployDescriptor Deploying deployment descriptor [D:\ProgrammingCode\Full web development with java\code\Web Development\_08_Advance_Java\_10_Session_Hidden_Form_Field\conf\Catalina\localhost\_10_Session_Hidden_Form_Field.xml]
25-Jul-2025 17:20:38.587 INFO [main] org.apache.jasper.servlet.TldScanner.scanJars At least one JAR was scanned for TLDs yet contained no TLDs. Enable debug logging for this logger for a complete list of JARs that were scanned but no TLDs were found in them. Skipping unneeded JARs during scanning can improve startup time and JSP compilation time.
25-Jul-2025 17:20:38.659 INFO [main] org.apache.catalina.startup.HostConfig.deployDescriptor Deployment of deployment descriptor [D:\ProgrammingCode\Full web development with java\code\Web Development\_08_Advance_Java\_10_Session_Hidden_Form_Field\conf\Catalina\localhost\_10_Session_Hidden_Form_Field.xml] has finished in [506] ms
25-Jul-2025 17:20:38.664 INFO [main] org.apache.coyote.AbstractProtocol.start Starting ProtocolHandler ["http-nio-8081"]
25-Jul-2025 17:20:38.692 INFO [main] org.apache.catalina.startup.Catalina.start Server startup in [611] milliseconds
25-Jul-2025 17:21:49.806 INFO [Thread-1] org.apache.coyote.AbstractProtocol.pause Pausing ProtocolHandler ["http-nio-8081"]
25-Jul-2025 17:21:49.816 INFO [Thread-1] org.apache.catalina.core.StandardService.stopInternal Stopping service [Catalina]
25-Jul-2025 17:21:49.840 INFO [Thread-1] org.apache.coyote.AbstractProtocol.stop Stopping ProtocolHandler ["http-nio-8081"]
25-Jul-2025 17:21:49.848 INFO [Thread-1] org.apache.coyote.AbstractProtocol.destroy Destroying ProtocolHandler ["http-nio-8081"]
25-Jul-2025 17:25:37.411 INFO [main] org.apache.catalina.startup.VersionLoggerListener.log Server version name:   Apache Tomcat/11.0.9
25-Jul-2025 17:25:37.416 INFO [main] org.apache.catalina.startup.VersionLoggerListener.log Server built:          Jul 1 2025 20:39:04 UTC
25-Jul-2025 17:25:37.418 INFO [main] org.apache.catalina.startup.VersionLoggerListener.log Server version number: 11.0.9.0
25-Jul-2025 17:25:37.418 INFO [main] org.apache.catalina.startup.VersionLoggerListener.log OS Name:               Windows 11
25-Jul-2025 17:25:37.418 INFO [main] org.apache.catalina.startup.VersionLoggerListener.log OS Version:            10.0
25-Jul-2025 17:25:37.418 INFO [main] org.apache.catalina.startup.VersionLoggerListener.log Architecture:          amd64
25-Jul-2025 17:25:37.419 INFO [main] org.apache.catalina.startup.VersionLoggerListener.log Java Home:             C:\Program Files\Java
25-Jul-2025 17:25:37.419 INFO [main] org.apache.catalina.startup.VersionLoggerListener.log JVM Version:           21.0.1+12-LTS-29
25-Jul-2025 17:25:37.419 INFO [main] org.apache.catalina.startup.VersionLoggerListener.log JVM Vendor:            Oracle Corporation
25-Jul-2025 17:25:37.419 INFO [main] org.apache.catalina.startup.VersionLoggerListener.log CATALINA_BASE:         D:\ProgrammingCode\Full web development with java\code\Web Development\_08_Advance_Java\_10_Session_Hidden_Form_Field
25-Jul-2025 17:25:37.419 INFO [main] org.apache.catalina.startup.VersionLoggerListener.log CATALINA_HOME:         D:\ProgrammingCode\installed\Tomcat 11
25-Jul-2025 17:25:37.430 INFO [main] org.apache.catalina.startup.VersionLoggerListener.log Command line argument: --add-opens=java.base/java.lang=ALL-UNNAMED
25-Jul-2025 17:25:37.432 INFO [main] org.apache.catalina.startup.VersionLoggerListener.log Command line argument: --add-opens=java.base/java.io=ALL-UNNAMED
25-Jul-2025 17:25:37.432 INFO [main] org.apache.catalina.startup.VersionLoggerListener.log Command line argument: --add-opens=java.base/java.util=ALL-UNNAMED
25-Jul-2025 17:25:37.432 INFO [main] org.apache.catalina.startup.VersionLoggerListener.log Command line argument: --add-opens=java.base/java.util.concurrent=ALL-UNNAMED
25-Jul-2025 17:25:37.432 INFO [main] org.apache.catalina.startup.VersionLoggerListener.log Command line argument: --add-opens=java.rmi/sun.rmi.transport=ALL-UNNAMED
25-Jul-2025 17:25:37.432 INFO [main] org.apache.catalina.startup.VersionLoggerListener.log Command line argument: -Dcatalina.home=D:\ProgrammingCode\installed\Tomcat 11
25-Jul-2025 17:25:37.432 INFO [main] org.apache.catalina.startup.VersionLoggerListener.log Command line argument: -Dcatalina.base=D:\ProgrammingCode\Full web development with java\code\Web Development\_08_Advance_Java\_10_Session_Hidden_Form_Field
25-Jul-2025 17:25:37.432 INFO [main] org.apache.catalina.startup.VersionLoggerListener.log Command line argument: -Djava.io.tmpdir=D:\ProgrammingCode\Full web development with java\code\Web Development\_08_Advance_Java\_10_Session_Hidden_Form_Field\temp
25-Jul-2025 17:25:37.432 INFO [main] org.apache.catalina.startup.VersionLoggerListener.log Command line argument: -Djava.util.logging.config.file=D:\ProgrammingCode\Full web development with java\code\Web Development\_08_Advance_Java\_10_Session_Hidden_Form_Field\conf\logging.properties
25-Jul-2025 17:25:37.432 INFO [main] org.apache.catalina.startup.VersionLoggerListener.log Command line argument: -Djava.util.logging.manager=org.apache.juli.ClassLoaderLogManager
25-Jul-2025 17:25:37.432 INFO [main] org.apache.catalina.startup.VersionLoggerListener.log Command line argument: -javaagent:D:\ProgrammingCode\Java\IntelliJ IDEA Community Edition 2024.2.4\lib\idea_rt.jar=51983
25-Jul-2025 17:25:37.432 INFO [main] org.apache.catalina.startup.VersionLoggerListener.log Command line argument: -Dfile.encoding=UTF-8
25-Jul-2025 17:25:37.432 INFO [main] org.apache.catalina.startup.VersionLoggerListener.log Command line argument: -Dsun.stdout.encoding=UTF-8
25-Jul-2025 17:25:37.432 INFO [main] org.apache.catalina.startup.VersionLoggerListener.log Command line argument: -Dsun.stderr.encoding=UTF-8
25-Jul-2025 17:25:37.445 INFO [main] org.apache.catalina.core.AprLifecycleListener.lifecycleEvent The Apache Tomcat Native library which allows using OpenSSL was not found on the java.library.path: [C:\Program Files\Java\bin;C:\WINDOWS\Sun\Java\bin;C:\WINDOWS\system32;C:\WINDOWS;C:\Program Files\Microsoft\jdk-17.0.15.6-hotspot\bin;D:\ProgrammingCode\python\installed\Scripts\;D:\ProgrammingCode\python\installed\;C:\Program Files\Common Files\Oracle\Java\javapath;C:\windows\system32;C:\windows;C:\windows\System32\Wbem;C:\windows\System32\WindowsPowerShell\v1.0\;C:\windows\System32\OpenSSH\;D:\setup file\installed file\Git\cmd;C:\Program Files\dotnet\;C:\Program Files\Java\bin;C:\WINDOWS\system32;C:\WINDOWS;C:\WINDOWS\System32\Wbem;C:\WINDOWS\System32\WindowsPowerShell\v1.0\;C:\WINDOWS\System32\OpenSSH\;C:\ProgramData\chocolatey\bin;C:\Program Files\MySQL\MySQL Shell 8.0\bin\;C:\Users\amitr\AppData\Local\Microsoft\WindowsApps;D:\Programming code\Java\Inte;C:\ProgramData\chocolatey\lib\maven\apache-maven-3.9.9\bin;D:\Programming code\installed\apache-tomcat-10.1.39-windows-x64\apache-tomcat-10.1.39\bin;D:\Programming code\installed\node js 20.11.1\node_modules\npm\bin;C:\Program Files\Java\bin;C:\Program Files\Apache\apache-maven-3.9.9\bin;D:\Programming code\installed\tomcaat\bin;C:\Users\amitr\AppData\Roaming\npm;C:\Users\amitr\.console-ninja\.bin;C:\Program Files\nodejs\;C:\Users\amitr\AppData\Local\Android\Sdk\platforms;C:\Users\amitr\AppData\Local\Android\Sdk;C:\Users\amitr\AppData\Local\Android\Sdk\platform-tools;C:\Users\amitr\AppData\Local\Android\Sdk\emulator;C:\Users\amitr\AppData\Local\Android\Sdk\build-tools;D:\ProgrammingCode\installed\Git\cmd;C:\Program Files\MongoDB\Server\8.0\bin;C:\Program Files\PowerShell\7\;C:\Users\amitr\.console-ninja\.bin;D:\ProgrammingCode\python\python 3.6.8\Scripts\;D:\ProgrammingCode\python\python 3.6.8\;C:\Program Files\MySQL\MySQL Shell 8.0\bin\;C:\Users\amitr\AppData\Local\Microsoft\WindowsApps;D:\ProgrammingCode\Java\IntelliJ IDEA Community Edition 2024.1.4\bin;C:\Users\amitr\AppData\Local\spicetify;C:\Program Files\MongoDB\Server\5.0\bin;C:\Users\amitr\AppData\Local\Microsoft\WindowsApps;D:\ProgrammingCode\Java\IntelliJ IDEA Community Edition 2024.2.4\bin;D:\ProgrammingCode\installed\Microsoft VS Code\bin;D:\ProgrammingCode\installed\node.js installed\node_modules\npm\bin;D:\ProgrammingCode\installed\Android\Sdk\platform-tools;D:\ProgrammingCode\installed\Android\Sdk;C:\Users\amitr\AppData\Roaming\npm;C:\Users\amitr\AppData\Local\Android\Sdk\platform-tools;C:\Users\amitr\AppData\Local\Android\Sdk\emulator;C:\Users\amitr\AppData\Local\Android\Sdk\build-tools;C:\Users\amitr\AppData\Local\Android\Sdk\platforms;C:\Program Files\Microsoft\jdk-17.0.15.6-hotspot\bin;D:\ProgrammingCode\installed\cursor\resources\app\bin;D:\Mongosh;;.]
25-Jul-2025 17:25:37.809 INFO [main] org.apache.coyote.AbstractProtocol.init Initializing ProtocolHandler ["http-nio-8081"]
25-Jul-2025 17:25:37.832 INFO [main] org.apache.catalina.startup.Catalina.load Server initialization in [713] milliseconds
25-Jul-2025 17:25:37.903 INFO [main] org.apache.catalina.core.StandardService.startInternal Starting service [Catalina]
25-Jul-2025 17:25:37.903 INFO [main] org.apache.catalina.core.StandardEngine.startInternal Starting Servlet engine: [Apache Tomcat/11.0.9]
25-Jul-2025 17:25:37.919 INFO [main] org.apache.catalina.startup.HostConfig.deployDescriptor Deploying deployment descriptor [D:\ProgrammingCode\Full web development with java\code\Web Development\_08_Advance_Java\_10_Session_Hidden_Form_Field\conf\Catalina\localhost\_10_Session_Hidden_Form_Field.xml]
25-Jul-2025 17:25:38.383 INFO [main] org.apache.jasper.servlet.TldScanner.scanJars At least one JAR was scanned for TLDs yet contained no TLDs. Enable debug logging for this logger for a complete list of JARs that were scanned but no TLDs were found in them. Skipping unneeded JARs during scanning can improve startup time and JSP compilation time.
25-Jul-2025 17:25:38.456 INFO [main] org.apache.catalina.startup.HostConfig.deployDescriptor Deployment of deployment descriptor [D:\ProgrammingCode\Full web development with java\code\Web Development\_08_Advance_Java\_10_Session_Hidden_Form_Field\conf\Catalina\localhost\_10_Session_Hidden_Form_Field.xml] has finished in [535] ms
25-Jul-2025 17:25:38.460 INFO [main] org.apache.coyote.AbstractProtocol.start Starting ProtocolHandler ["http-nio-8081"]
25-Jul-2025 17:25:38.486 INFO [main] org.apache.catalina.startup.Catalina.start Server startup in [652] milliseconds
25-Jul-2025 17:25:51.000 INFO [Thread-1] org.apache.coyote.AbstractProtocol.pause Pausing ProtocolHandler ["http-nio-8081"]
25-Jul-2025 17:25:51.009 INFO [Thread-1] org.apache.catalina.core.StandardService.stopInternal Stopping service [Catalina]
25-Jul-2025 17:25:51.026 INFO [Thread-1] org.apache.coyote.AbstractProtocol.stop Stopping ProtocolHandler ["http-nio-8081"]
25-Jul-2025 17:25:51.041 INFO [Thread-1] org.apache.coyote.AbstractProtocol.destroy Destroying ProtocolHandler ["http-nio-8081"]
