19-Jul-2025 12:51:11.317 INFO [main] org.apache.catalina.startup.VersionLoggerListener.log Server version name:   Apache Tomcat/11.0.9
19-Jul-2025 12:51:11.323 INFO [main] org.apache.catalina.startup.VersionLoggerListener.log Server built:          Jul 1 2025 20:39:04 UTC
19-Jul-2025 12:51:11.323 INFO [main] org.apache.catalina.startup.VersionLoggerListener.log Server version number: 11.0.9.0
19-Jul-2025 12:51:11.323 INFO [main] org.apache.catalina.startup.VersionLoggerListener.log OS Name:               Windows 11
19-Jul-2025 12:51:11.323 INFO [main] org.apache.catalina.startup.VersionLoggerListener.log OS Version:            10.0
19-Jul-2025 12:51:11.323 INFO [main] org.apache.catalina.startup.VersionLoggerListener.log Architecture:          amd64
19-Jul-2025 12:51:11.323 INFO [main] org.apache.catalina.startup.VersionLoggerListener.log Java Home:             C:\Program Files\Java
19-Jul-2025 12:51:11.323 INFO [main] org.apache.catalina.startup.VersionLoggerListener.log JVM Version:           21.0.1+12-LTS-29
19-Jul-2025 12:51:11.323 INFO [main] org.apache.catalina.startup.VersionLoggerListener.log JVM Vendor:            Oracle Corporation
19-Jul-2025 12:51:11.324 INFO [main] org.apache.catalina.startup.VersionLoggerListener.log CATALINA_BASE:         D:\ProgrammingCode\Full web development with java\code\Web Development\_08_Advance_Java\_03_Calc_Servlet
19-Jul-2025 12:51:11.324 INFO [main] org.apache.catalina.startup.VersionLoggerListener.log CATALINA_HOME:         D:\ProgrammingCode\installed\Tomcat 11
19-Jul-2025 12:51:11.336 INFO [main] org.apache.catalina.startup.VersionLoggerListener.log Command line argument: --add-opens=java.base/java.lang=ALL-UNNAMED
19-Jul-2025 12:51:11.336 INFO [main] org.apache.catalina.startup.VersionLoggerListener.log Command line argument: --add-opens=java.base/java.io=ALL-UNNAMED
19-Jul-2025 12:51:11.336 INFO [main] org.apache.catalina.startup.VersionLoggerListener.log Command line argument: --add-opens=java.base/java.util=ALL-UNNAMED
19-Jul-2025 12:51:11.337 INFO [main] org.apache.catalina.startup.VersionLoggerListener.log Command line argument: --add-opens=java.base/java.util.concurrent=ALL-UNNAMED
19-Jul-2025 12:51:11.337 INFO [main] org.apache.catalina.startup.VersionLoggerListener.log Command line argument: --add-opens=java.rmi/sun.rmi.transport=ALL-UNNAMED
19-Jul-2025 12:51:11.337 INFO [main] org.apache.catalina.startup.VersionLoggerListener.log Command line argument: -Dcatalina.home=D:\ProgrammingCode\installed\Tomcat 11
19-Jul-2025 12:51:11.337 INFO [main] org.apache.catalina.startup.VersionLoggerListener.log Command line argument: -Dcatalina.base=D:\ProgrammingCode\Full web development with java\code\Web Development\_08_Advance_Java\_03_Calc_Servlet
19-Jul-2025 12:51:11.337 INFO [main] org.apache.catalina.startup.VersionLoggerListener.log Command line argument: -Djava.io.tmpdir=D:\ProgrammingCode\Full web development with java\code\Web Development\_08_Advance_Java\_03_Calc_Servlet\temp
19-Jul-2025 12:51:11.337 INFO [main] org.apache.catalina.startup.VersionLoggerListener.log Command line argument: -Djava.util.logging.config.file=D:\ProgrammingCode\Full web development with java\code\Web Development\_08_Advance_Java\_03_Calc_Servlet\conf\logging.properties
19-Jul-2025 12:51:11.337 INFO [main] org.apache.catalina.startup.VersionLoggerListener.log Command line argument: -Djava.util.logging.manager=org.apache.juli.ClassLoaderLogManager
19-Jul-2025 12:51:11.337 INFO [main] org.apache.catalina.startup.VersionLoggerListener.log Command line argument: -javaagent:D:\ProgrammingCode\Java\IntelliJ IDEA Community Edition 2024.2.4\lib\idea_rt.jar=59259
19-Jul-2025 12:51:11.337 INFO [main] org.apache.catalina.startup.VersionLoggerListener.log Command line argument: -Dfile.encoding=UTF-8
19-Jul-2025 12:51:11.337 INFO [main] org.apache.catalina.startup.VersionLoggerListener.log Command line argument: -Dsun.stdout.encoding=UTF-8
19-Jul-2025 12:51:11.337 INFO [main] org.apache.catalina.startup.VersionLoggerListener.log Command line argument: -Dsun.stderr.encoding=UTF-8
19-Jul-2025 12:51:11.355 INFO [main] org.apache.catalina.core.AprLifecycleListener.lifecycleEvent The Apache Tomcat Native library which allows using OpenSSL was not found on the java.library.path: [C:\Program Files\Java\bin;C:\WINDOWS\Sun\Java\bin;C:\WINDOWS\system32;C:\WINDOWS;C:\Program Files\Microsoft\jdk-17.0.15.6-hotspot\bin;D:\ProgrammingCode\python\installed\Scripts\;D:\ProgrammingCode\python\installed\;C:\Program Files\Common Files\Oracle\Java\javapath;C:\windows\system32;C:\windows;C:\windows\System32\Wbem;C:\windows\System32\WindowsPowerShell\v1.0\;C:\windows\System32\OpenSSH\;D:\setup file\installed file\Git\cmd;C:\Program Files\dotnet\;C:\Program Files\Java\bin;C:\WINDOWS\system32;C:\WINDOWS;C:\WINDOWS\System32\Wbem;C:\WINDOWS\System32\WindowsPowerShell\v1.0\;C:\WINDOWS\System32\OpenSSH\;C:\ProgramData\chocolatey\bin;C:\Program Files\MySQL\MySQL Shell 8.0\bin\;C:\Users\amitr\AppData\Local\Microsoft\WindowsApps;D:\Programming code\Java\Inte;C:\ProgramData\chocolatey\lib\maven\apache-maven-3.9.9\bin;D:\Programming code\installed\apache-tomcat-10.1.39-windows-x64\apache-tomcat-10.1.39\bin;D:\Programming code\installed\node js 20.11.1\node_modules\npm\bin;C:\Program Files\Java\bin;C:\Program Files\Apache\apache-maven-3.9.9\bin;D:\Programming code\installed\tomcaat\bin;C:\Users\amitr\AppData\Roaming\npm;C:\Users\amitr\.console-ninja\.bin;C:\Program Files\nodejs\;C:\Users\amitr\AppData\Local\Android\Sdk\platforms;C:\Users\amitr\AppData\Local\Android\Sdk;C:\Users\amitr\AppData\Local\Android\Sdk\platform-tools;C:\Users\amitr\AppData\Local\Android\Sdk\emulator;C:\Users\amitr\AppData\Local\Android\Sdk\build-tools;D:\ProgrammingCode\installed\Git\cmd;C:\Program Files\MongoDB\Server\8.0\bin;C:\Program Files\PowerShell\7\;C:\Users\amitr\.console-ninja\.bin;D:\ProgrammingCode\python\python 3.6.8\Scripts\;D:\ProgrammingCode\python\python 3.6.8\;C:\Program Files\MySQL\MySQL Shell 8.0\bin\;C:\Users\amitr\AppData\Local\Microsoft\WindowsApps;D:\ProgrammingCode\Java\IntelliJ IDEA Community Edition 2024.1.4\bin;C:\Users\amitr\AppData\Local\spicetify;C:\Program Files\MongoDB\Server\5.0\bin;C:\Users\amitr\AppData\Local\Microsoft\WindowsApps;D:\ProgrammingCode\Java\IntelliJ IDEA Community Edition 2024.2.4\bin;D:\ProgrammingCode\installed\Microsoft VS Code\bin;D:\ProgrammingCode\installed\node.js installed\node_modules\npm\bin;D:\ProgrammingCode\installed\Android\Sdk\platform-tools;D:\ProgrammingCode\installed\Android\Sdk;C:\Users\amitr\AppData\Roaming\npm;C:\Users\amitr\AppData\Local\Android\Sdk\platform-tools;C:\Users\amitr\AppData\Local\Android\Sdk\emulator;C:\Users\amitr\AppData\Local\Android\Sdk\build-tools;C:\Users\amitr\AppData\Local\Android\Sdk\platforms;C:\Program Files\Microsoft\jdk-17.0.15.6-hotspot\bin;D:\ProgrammingCode\installed\cursor\resources\app\bin;D:\Mongosh;;.]
19-Jul-2025 12:51:11.718 INFO [main] org.apache.coyote.AbstractProtocol.init Initializing ProtocolHandler ["http-nio-8081"]
19-Jul-2025 12:51:11.741 INFO [main] org.apache.catalina.startup.Catalina.load Server initialization in [634] milliseconds
19-Jul-2025 12:51:11.794 INFO [main] org.apache.catalina.core.StandardService.startInternal Starting service [Catalina]
19-Jul-2025 12:51:11.794 INFO [main] org.apache.catalina.core.StandardEngine.startInternal Starting Servlet engine: [Apache Tomcat/11.0.9]
19-Jul-2025 12:51:11.817 INFO [main] org.apache.catalina.startup.HostConfig.deployDescriptor Deploying deployment descriptor [D:\ProgrammingCode\Full web development with java\code\Web Development\_08_Advance_Java\_03_Calc_Servlet\conf\Catalina\localhost\_03_Calc_Servlet.xml]
19-Jul-2025 12:51:12.242 INFO [main] org.apache.jasper.servlet.TldScanner.scanJars At least one JAR was scanned for TLDs yet contained no TLDs. Enable debug logging for this logger for a complete list of JARs that were scanned but no TLDs were found in them. Skipping unneeded JARs during scanning can improve startup time and JSP compilation time.
19-Jul-2025 12:51:12.302 INFO [main] org.apache.catalina.startup.HostConfig.deployDescriptor Deployment of deployment descriptor [D:\ProgrammingCode\Full web development with java\code\Web Development\_08_Advance_Java\_03_Calc_Servlet\conf\Catalina\localhost\_03_Calc_Servlet.xml] has finished in [485] ms
19-Jul-2025 12:51:12.305 INFO [main] org.apache.coyote.AbstractProtocol.start Starting ProtocolHandler ["http-nio-8081"]
19-Jul-2025 12:51:12.339 INFO [main] org.apache.catalina.startup.Catalina.start Server startup in [596] milliseconds
19-Jul-2025 12:51:31.616 INFO [Thread-1] org.apache.coyote.AbstractProtocol.pause Pausing ProtocolHandler ["http-nio-8081"]
19-Jul-2025 12:51:31.626 INFO [Thread-1] org.apache.catalina.core.StandardService.stopInternal Stopping service [Catalina]
19-Jul-2025 12:51:31.642 INFO [Thread-1] org.apache.coyote.AbstractProtocol.stop Stopping ProtocolHandler ["http-nio-8081"]
19-Jul-2025 12:51:31.660 INFO [Thread-1] org.apache.coyote.AbstractProtocol.destroy Destroying ProtocolHandler ["http-nio-8081"]
19-Jul-2025 12:54:36.110 INFO [main] org.apache.catalina.startup.VersionLoggerListener.log Server version name:   Apache Tomcat/11.0.9
19-Jul-2025 12:54:36.118 INFO [main] org.apache.catalina.startup.VersionLoggerListener.log Server built:          Jul 1 2025 20:39:04 UTC
19-Jul-2025 12:54:36.118 INFO [main] org.apache.catalina.startup.VersionLoggerListener.log Server version number: 11.0.9.0
19-Jul-2025 12:54:36.118 INFO [main] org.apache.catalina.startup.VersionLoggerListener.log OS Name:               Windows 11
19-Jul-2025 12:54:36.118 INFO [main] org.apache.catalina.startup.VersionLoggerListener.log OS Version:            10.0
19-Jul-2025 12:54:36.118 INFO [main] org.apache.catalina.startup.VersionLoggerListener.log Architecture:          amd64
19-Jul-2025 12:54:36.120 INFO [main] org.apache.catalina.startup.VersionLoggerListener.log Java Home:             C:\Program Files\Java
19-Jul-2025 12:54:36.120 INFO [main] org.apache.catalina.startup.VersionLoggerListener.log JVM Version:           21.0.1+12-LTS-29
19-Jul-2025 12:54:36.120 INFO [main] org.apache.catalina.startup.VersionLoggerListener.log JVM Vendor:            Oracle Corporation
19-Jul-2025 12:54:36.120 INFO [main] org.apache.catalina.startup.VersionLoggerListener.log CATALINA_BASE:         D:\ProgrammingCode\Full web development with java\code\Web Development\_08_Advance_Java\_03_Calc_Servlet
19-Jul-2025 12:54:36.120 INFO [main] org.apache.catalina.startup.VersionLoggerListener.log CATALINA_HOME:         D:\ProgrammingCode\installed\Tomcat 11
19-Jul-2025 12:54:36.138 INFO [main] org.apache.catalina.startup.VersionLoggerListener.log Command line argument: --add-opens=java.base/java.lang=ALL-UNNAMED
19-Jul-2025 12:54:36.138 INFO [main] org.apache.catalina.startup.VersionLoggerListener.log Command line argument: --add-opens=java.base/java.io=ALL-UNNAMED
19-Jul-2025 12:54:36.138 INFO [main] org.apache.catalina.startup.VersionLoggerListener.log Command line argument: --add-opens=java.base/java.util=ALL-UNNAMED
19-Jul-2025 12:54:36.138 INFO [main] org.apache.catalina.startup.VersionLoggerListener.log Command line argument: --add-opens=java.base/java.util.concurrent=ALL-UNNAMED
19-Jul-2025 12:54:36.138 INFO [main] org.apache.catalina.startup.VersionLoggerListener.log Command line argument: --add-opens=java.rmi/sun.rmi.transport=ALL-UNNAMED
19-Jul-2025 12:54:36.138 INFO [main] org.apache.catalina.startup.VersionLoggerListener.log Command line argument: -Dcatalina.home=D:\ProgrammingCode\installed\Tomcat 11
19-Jul-2025 12:54:36.138 INFO [main] org.apache.catalina.startup.VersionLoggerListener.log Command line argument: -Dcatalina.base=D:\ProgrammingCode\Full web development with java\code\Web Development\_08_Advance_Java\_03_Calc_Servlet
19-Jul-2025 12:54:36.138 INFO [main] org.apache.catalina.startup.VersionLoggerListener.log Command line argument: -Djava.io.tmpdir=D:\ProgrammingCode\Full web development with java\code\Web Development\_08_Advance_Java\_03_Calc_Servlet\temp
19-Jul-2025 12:54:36.138 INFO [main] org.apache.catalina.startup.VersionLoggerListener.log Command line argument: -Djava.util.logging.config.file=D:\ProgrammingCode\Full web development with java\code\Web Development\_08_Advance_Java\_03_Calc_Servlet\conf\logging.properties
19-Jul-2025 12:54:36.138 INFO [main] org.apache.catalina.startup.VersionLoggerListener.log Command line argument: -Djava.util.logging.manager=org.apache.juli.ClassLoaderLogManager
19-Jul-2025 12:54:36.138 INFO [main] org.apache.catalina.startup.VersionLoggerListener.log Command line argument: -javaagent:D:\ProgrammingCode\Java\IntelliJ IDEA Community Edition 2024.2.4\lib\idea_rt.jar=59281
19-Jul-2025 12:54:36.138 INFO [main] org.apache.catalina.startup.VersionLoggerListener.log Command line argument: -Dfile.encoding=UTF-8
19-Jul-2025 12:54:36.140 INFO [main] org.apache.catalina.startup.VersionLoggerListener.log Command line argument: -Dsun.stdout.encoding=UTF-8
19-Jul-2025 12:54:36.140 INFO [main] org.apache.catalina.startup.VersionLoggerListener.log Command line argument: -Dsun.stderr.encoding=UTF-8
19-Jul-2025 12:54:36.156 INFO [main] org.apache.catalina.core.AprLifecycleListener.lifecycleEvent The Apache Tomcat Native library which allows using OpenSSL was not found on the java.library.path: [C:\Program Files\Java\bin;C:\WINDOWS\Sun\Java\bin;C:\WINDOWS\system32;C:\WINDOWS;C:\Program Files\Microsoft\jdk-17.0.15.6-hotspot\bin;D:\ProgrammingCode\python\installed\Scripts\;D:\ProgrammingCode\python\installed\;C:\Program Files\Common Files\Oracle\Java\javapath;C:\windows\system32;C:\windows;C:\windows\System32\Wbem;C:\windows\System32\WindowsPowerShell\v1.0\;C:\windows\System32\OpenSSH\;D:\setup file\installed file\Git\cmd;C:\Program Files\dotnet\;C:\Program Files\Java\bin;C:\WINDOWS\system32;C:\WINDOWS;C:\WINDOWS\System32\Wbem;C:\WINDOWS\System32\WindowsPowerShell\v1.0\;C:\WINDOWS\System32\OpenSSH\;C:\ProgramData\chocolatey\bin;C:\Program Files\MySQL\MySQL Shell 8.0\bin\;C:\Users\amitr\AppData\Local\Microsoft\WindowsApps;D:\Programming code\Java\Inte;C:\ProgramData\chocolatey\lib\maven\apache-maven-3.9.9\bin;D:\Programming code\installed\apache-tomcat-10.1.39-windows-x64\apache-tomcat-10.1.39\bin;D:\Programming code\installed\node js 20.11.1\node_modules\npm\bin;C:\Program Files\Java\bin;C:\Program Files\Apache\apache-maven-3.9.9\bin;D:\Programming code\installed\tomcaat\bin;C:\Users\amitr\AppData\Roaming\npm;C:\Users\amitr\.console-ninja\.bin;C:\Program Files\nodejs\;C:\Users\amitr\AppData\Local\Android\Sdk\platforms;C:\Users\amitr\AppData\Local\Android\Sdk;C:\Users\amitr\AppData\Local\Android\Sdk\platform-tools;C:\Users\amitr\AppData\Local\Android\Sdk\emulator;C:\Users\amitr\AppData\Local\Android\Sdk\build-tools;D:\ProgrammingCode\installed\Git\cmd;C:\Program Files\MongoDB\Server\8.0\bin;C:\Program Files\PowerShell\7\;C:\Users\amitr\.console-ninja\.bin;D:\ProgrammingCode\python\python 3.6.8\Scripts\;D:\ProgrammingCode\python\python 3.6.8\;C:\Program Files\MySQL\MySQL Shell 8.0\bin\;C:\Users\amitr\AppData\Local\Microsoft\WindowsApps;D:\ProgrammingCode\Java\IntelliJ IDEA Community Edition 2024.1.4\bin;C:\Users\amitr\AppData\Local\spicetify;C:\Program Files\MongoDB\Server\5.0\bin;C:\Users\amitr\AppData\Local\Microsoft\WindowsApps;D:\ProgrammingCode\Java\IntelliJ IDEA Community Edition 2024.2.4\bin;D:\ProgrammingCode\installed\Microsoft VS Code\bin;D:\ProgrammingCode\installed\node.js installed\node_modules\npm\bin;D:\ProgrammingCode\installed\Android\Sdk\platform-tools;D:\ProgrammingCode\installed\Android\Sdk;C:\Users\amitr\AppData\Roaming\npm;C:\Users\amitr\AppData\Local\Android\Sdk\platform-tools;C:\Users\amitr\AppData\Local\Android\Sdk\emulator;C:\Users\amitr\AppData\Local\Android\Sdk\build-tools;C:\Users\amitr\AppData\Local\Android\Sdk\platforms;C:\Program Files\Microsoft\jdk-17.0.15.6-hotspot\bin;D:\ProgrammingCode\installed\cursor\resources\app\bin;D:\Mongosh;;.]
19-Jul-2025 12:54:36.598 INFO [main] org.apache.coyote.AbstractProtocol.init Initializing ProtocolHandler ["http-nio-8081"]
19-Jul-2025 12:54:36.620 INFO [main] org.apache.catalina.startup.Catalina.load Server initialization in [813] milliseconds
19-Jul-2025 12:54:36.680 INFO [main] org.apache.catalina.core.StandardService.startInternal Starting service [Catalina]
19-Jul-2025 12:54:36.681 INFO [main] org.apache.catalina.core.StandardEngine.startInternal Starting Servlet engine: [Apache Tomcat/11.0.9]
19-Jul-2025 12:54:36.695 INFO [main] org.apache.catalina.startup.HostConfig.deployDescriptor Deploying deployment descriptor [D:\ProgrammingCode\Full web development with java\code\Web Development\_08_Advance_Java\_03_Calc_Servlet\conf\Catalina\localhost\_03_Calc_Servlet.xml]
19-Jul-2025 12:54:37.111 INFO [main] org.apache.jasper.servlet.TldScanner.scanJars At least one JAR was scanned for TLDs yet contained no TLDs. Enable debug logging for this logger for a complete list of JARs that were scanned but no TLDs were found in them. Skipping unneeded JARs during scanning can improve startup time and JSP compilation time.
19-Jul-2025 12:54:37.168 INFO [main] org.apache.catalina.startup.HostConfig.deployDescriptor Deployment of deployment descriptor [D:\ProgrammingCode\Full web development with java\code\Web Development\_08_Advance_Java\_03_Calc_Servlet\conf\Catalina\localhost\_03_Calc_Servlet.xml] has finished in [472] ms
19-Jul-2025 12:54:37.177 INFO [main] org.apache.coyote.AbstractProtocol.start Starting ProtocolHandler ["http-nio-8081"]
19-Jul-2025 12:54:37.206 INFO [main] org.apache.catalina.startup.Catalina.start Server startup in [584] milliseconds
19-Jul-2025 12:55:42.096 INFO [Thread-1] org.apache.coyote.AbstractProtocol.pause Pausing ProtocolHandler ["http-nio-8081"]
19-Jul-2025 12:55:42.104 INFO [Thread-1] org.apache.catalina.core.StandardService.stopInternal Stopping service [Catalina]
19-Jul-2025 12:55:42.118 INFO [Thread-1] org.apache.coyote.AbstractProtocol.stop Stopping ProtocolHandler ["http-nio-8081"]
19-Jul-2025 12:55:42.129 INFO [Thread-1] org.apache.coyote.AbstractProtocol.destroy Destroying ProtocolHandler ["http-nio-8081"]
19-Jul-2025 12:58:47.630 INFO [main] org.apache.catalina.startup.VersionLoggerListener.log Server version name:   Apache Tomcat/11.0.9
19-Jul-2025 12:58:47.635 INFO [main] org.apache.catalina.startup.VersionLoggerListener.log Server built:          Jul 1 2025 20:39:04 UTC
19-Jul-2025 12:58:47.636 INFO [main] org.apache.catalina.startup.VersionLoggerListener.log Server version number: 11.0.9.0
19-Jul-2025 12:58:47.636 INFO [main] org.apache.catalina.startup.VersionLoggerListener.log OS Name:               Windows 11
19-Jul-2025 12:58:47.636 INFO [main] org.apache.catalina.startup.VersionLoggerListener.log OS Version:            10.0
19-Jul-2025 12:58:47.636 INFO [main] org.apache.catalina.startup.VersionLoggerListener.log Architecture:          amd64
19-Jul-2025 12:58:47.636 INFO [main] org.apache.catalina.startup.VersionLoggerListener.log Java Home:             C:\Program Files\Java
19-Jul-2025 12:58:47.636 INFO [main] org.apache.catalina.startup.VersionLoggerListener.log JVM Version:           21.0.1+12-LTS-29
19-Jul-2025 12:58:47.636 INFO [main] org.apache.catalina.startup.VersionLoggerListener.log JVM Vendor:            Oracle Corporation
19-Jul-2025 12:58:47.636 INFO [main] org.apache.catalina.startup.VersionLoggerListener.log CATALINA_BASE:         D:\ProgrammingCode\Full web development with java\code\Web Development\_08_Advance_Java\_03_Calc_Servlet
19-Jul-2025 12:58:47.636 INFO [main] org.apache.catalina.startup.VersionLoggerListener.log CATALINA_HOME:         D:\ProgrammingCode\installed\Tomcat 11
19-Jul-2025 12:58:47.646 INFO [main] org.apache.catalina.startup.VersionLoggerListener.log Command line argument: --add-opens=java.base/java.lang=ALL-UNNAMED
19-Jul-2025 12:58:47.646 INFO [main] org.apache.catalina.startup.VersionLoggerListener.log Command line argument: --add-opens=java.base/java.io=ALL-UNNAMED
19-Jul-2025 12:58:47.646 INFO [main] org.apache.catalina.startup.VersionLoggerListener.log Command line argument: --add-opens=java.base/java.util=ALL-UNNAMED
19-Jul-2025 12:58:47.646 INFO [main] org.apache.catalina.startup.VersionLoggerListener.log Command line argument: --add-opens=java.base/java.util.concurrent=ALL-UNNAMED
19-Jul-2025 12:58:47.646 INFO [main] org.apache.catalina.startup.VersionLoggerListener.log Command line argument: --add-opens=java.rmi/sun.rmi.transport=ALL-UNNAMED
19-Jul-2025 12:58:47.646 INFO [main] org.apache.catalina.startup.VersionLoggerListener.log Command line argument: -Dcatalina.home=D:\ProgrammingCode\installed\Tomcat 11
19-Jul-2025 12:58:47.646 INFO [main] org.apache.catalina.startup.VersionLoggerListener.log Command line argument: -Dcatalina.base=D:\ProgrammingCode\Full web development with java\code\Web Development\_08_Advance_Java\_03_Calc_Servlet
19-Jul-2025 12:58:47.646 INFO [main] org.apache.catalina.startup.VersionLoggerListener.log Command line argument: -Djava.io.tmpdir=D:\ProgrammingCode\Full web development with java\code\Web Development\_08_Advance_Java\_03_Calc_Servlet\temp
19-Jul-2025 12:58:47.647 INFO [main] org.apache.catalina.startup.VersionLoggerListener.log Command line argument: -Djava.util.logging.config.file=D:\ProgrammingCode\Full web development with java\code\Web Development\_08_Advance_Java\_03_Calc_Servlet\conf\logging.properties
19-Jul-2025 12:58:47.647 INFO [main] org.apache.catalina.startup.VersionLoggerListener.log Command line argument: -Djava.util.logging.manager=org.apache.juli.ClassLoaderLogManager
19-Jul-2025 12:58:47.647 INFO [main] org.apache.catalina.startup.VersionLoggerListener.log Command line argument: -javaagent:D:\ProgrammingCode\Java\IntelliJ IDEA Community Edition 2024.2.4\lib\idea_rt.jar=59336
19-Jul-2025 12:58:47.647 INFO [main] org.apache.catalina.startup.VersionLoggerListener.log Command line argument: -Dfile.encoding=UTF-8
19-Jul-2025 12:58:47.647 INFO [main] org.apache.catalina.startup.VersionLoggerListener.log Command line argument: -Dsun.stdout.encoding=UTF-8
19-Jul-2025 12:58:47.647 INFO [main] org.apache.catalina.startup.VersionLoggerListener.log Command line argument: -Dsun.stderr.encoding=UTF-8
19-Jul-2025 12:58:47.660 INFO [main] org.apache.catalina.core.AprLifecycleListener.lifecycleEvent The Apache Tomcat Native library which allows using OpenSSL was not found on the java.library.path: [C:\Program Files\Java\bin;C:\WINDOWS\Sun\Java\bin;C:\WINDOWS\system32;C:\WINDOWS;C:\Program Files\Microsoft\jdk-17.0.15.6-hotspot\bin;D:\ProgrammingCode\python\installed\Scripts\;D:\ProgrammingCode\python\installed\;C:\Program Files\Common Files\Oracle\Java\javapath;C:\windows\system32;C:\windows;C:\windows\System32\Wbem;C:\windows\System32\WindowsPowerShell\v1.0\;C:\windows\System32\OpenSSH\;D:\setup file\installed file\Git\cmd;C:\Program Files\dotnet\;C:\Program Files\Java\bin;C:\WINDOWS\system32;C:\WINDOWS;C:\WINDOWS\System32\Wbem;C:\WINDOWS\System32\WindowsPowerShell\v1.0\;C:\WINDOWS\System32\OpenSSH\;C:\ProgramData\chocolatey\bin;C:\Program Files\MySQL\MySQL Shell 8.0\bin\;C:\Users\amitr\AppData\Local\Microsoft\WindowsApps;D:\Programming code\Java\Inte;C:\ProgramData\chocolatey\lib\maven\apache-maven-3.9.9\bin;D:\Programming code\installed\apache-tomcat-10.1.39-windows-x64\apache-tomcat-10.1.39\bin;D:\Programming code\installed\node js 20.11.1\node_modules\npm\bin;C:\Program Files\Java\bin;C:\Program Files\Apache\apache-maven-3.9.9\bin;D:\Programming code\installed\tomcaat\bin;C:\Users\amitr\AppData\Roaming\npm;C:\Users\amitr\.console-ninja\.bin;C:\Program Files\nodejs\;C:\Users\amitr\AppData\Local\Android\Sdk\platforms;C:\Users\amitr\AppData\Local\Android\Sdk;C:\Users\amitr\AppData\Local\Android\Sdk\platform-tools;C:\Users\amitr\AppData\Local\Android\Sdk\emulator;C:\Users\amitr\AppData\Local\Android\Sdk\build-tools;D:\ProgrammingCode\installed\Git\cmd;C:\Program Files\MongoDB\Server\8.0\bin;C:\Program Files\PowerShell\7\;C:\Users\amitr\.console-ninja\.bin;D:\ProgrammingCode\python\python 3.6.8\Scripts\;D:\ProgrammingCode\python\python 3.6.8\;C:\Program Files\MySQL\MySQL Shell 8.0\bin\;C:\Users\amitr\AppData\Local\Microsoft\WindowsApps;D:\ProgrammingCode\Java\IntelliJ IDEA Community Edition 2024.1.4\bin;C:\Users\amitr\AppData\Local\spicetify;C:\Program Files\MongoDB\Server\5.0\bin;C:\Users\amitr\AppData\Local\Microsoft\WindowsApps;D:\ProgrammingCode\Java\IntelliJ IDEA Community Edition 2024.2.4\bin;D:\ProgrammingCode\installed\Microsoft VS Code\bin;D:\ProgrammingCode\installed\node.js installed\node_modules\npm\bin;D:\ProgrammingCode\installed\Android\Sdk\platform-tools;D:\ProgrammingCode\installed\Android\Sdk;C:\Users\amitr\AppData\Roaming\npm;C:\Users\amitr\AppData\Local\Android\Sdk\platform-tools;C:\Users\amitr\AppData\Local\Android\Sdk\emulator;C:\Users\amitr\AppData\Local\Android\Sdk\build-tools;C:\Users\amitr\AppData\Local\Android\Sdk\platforms;C:\Program Files\Microsoft\jdk-17.0.15.6-hotspot\bin;D:\ProgrammingCode\installed\cursor\resources\app\bin;D:\Mongosh;;.]
19-Jul-2025 12:58:47.972 INFO [main] org.apache.coyote.AbstractProtocol.init Initializing ProtocolHandler ["http-nio-8081"]
19-Jul-2025 12:58:47.991 INFO [main] org.apache.catalina.startup.Catalina.load Server initialization in [578] milliseconds
19-Jul-2025 12:58:48.048 INFO [main] org.apache.catalina.core.StandardService.startInternal Starting service [Catalina]
19-Jul-2025 12:58:48.048 INFO [main] org.apache.catalina.core.StandardEngine.startInternal Starting Servlet engine: [Apache Tomcat/11.0.9]
19-Jul-2025 12:58:48.060 INFO [main] org.apache.catalina.startup.HostConfig.deployDescriptor Deploying deployment descriptor [D:\ProgrammingCode\Full web development with java\code\Web Development\_08_Advance_Java\_03_Calc_Servlet\conf\Catalina\localhost\_03_Calc_Servlet.xml]
19-Jul-2025 12:58:48.426 INFO [main] org.apache.jasper.servlet.TldScanner.scanJars At least one JAR was scanned for TLDs yet contained no TLDs. Enable debug logging for this logger for a complete list of JARs that were scanned but no TLDs were found in them. Skipping unneeded JARs during scanning can improve startup time and JSP compilation time.
19-Jul-2025 12:58:48.481 INFO [main] org.apache.catalina.startup.HostConfig.deployDescriptor Deployment of deployment descriptor [D:\ProgrammingCode\Full web development with java\code\Web Development\_08_Advance_Java\_03_Calc_Servlet\conf\Catalina\localhost\_03_Calc_Servlet.xml] has finished in [420] ms
19-Jul-2025 12:58:48.491 INFO [main] org.apache.coyote.AbstractProtocol.start Starting ProtocolHandler ["http-nio-8081"]
19-Jul-2025 12:58:48.517 INFO [main] org.apache.catalina.startup.Catalina.start Server startup in [525] milliseconds
19-Jul-2025 12:58:58.068 INFO [Thread-1] org.apache.coyote.AbstractProtocol.pause Pausing ProtocolHandler ["http-nio-8081"]
19-Jul-2025 12:58:58.073 INFO [Thread-1] org.apache.catalina.core.StandardService.stopInternal Stopping service [Catalina]
19-Jul-2025 12:58:58.085 INFO [Thread-1] org.apache.coyote.AbstractProtocol.stop Stopping ProtocolHandler ["http-nio-8081"]
19-Jul-2025 12:58:58.088 INFO [Thread-1] org.apache.coyote.AbstractProtocol.destroy Destroying ProtocolHandler ["http-nio-8081"]
19-Jul-2025 13:02:37.241 INFO [main] org.apache.catalina.startup.VersionLoggerListener.log Server version name:   Apache Tomcat/11.0.9
19-Jul-2025 13:02:37.246 INFO [main] org.apache.catalina.startup.VersionLoggerListener.log Server built:          Jul 1 2025 20:39:04 UTC
19-Jul-2025 13:02:37.246 INFO [main] org.apache.catalina.startup.VersionLoggerListener.log Server version number: 11.0.9.0
19-Jul-2025 13:02:37.246 INFO [main] org.apache.catalina.startup.VersionLoggerListener.log OS Name:               Windows 11
19-Jul-2025 13:02:37.246 INFO [main] org.apache.catalina.startup.VersionLoggerListener.log OS Version:            10.0
19-Jul-2025 13:02:37.246 INFO [main] org.apache.catalina.startup.VersionLoggerListener.log Architecture:          amd64
19-Jul-2025 13:02:37.246 INFO [main] org.apache.catalina.startup.VersionLoggerListener.log Java Home:             C:\Program Files\Java
19-Jul-2025 13:02:37.246 INFO [main] org.apache.catalina.startup.VersionLoggerListener.log JVM Version:           21.0.1+12-LTS-29
19-Jul-2025 13:02:37.246 INFO [main] org.apache.catalina.startup.VersionLoggerListener.log JVM Vendor:            Oracle Corporation
19-Jul-2025 13:02:37.247 INFO [main] org.apache.catalina.startup.VersionLoggerListener.log CATALINA_BASE:         D:\ProgrammingCode\Full web development with java\code\Web Development\_08_Advance_Java\_03_Calc_Servlet
19-Jul-2025 13:02:37.247 INFO [main] org.apache.catalina.startup.VersionLoggerListener.log CATALINA_HOME:         D:\ProgrammingCode\installed\Tomcat 11
19-Jul-2025 13:02:37.256 INFO [main] org.apache.catalina.startup.VersionLoggerListener.log Command line argument: --add-opens=java.base/java.lang=ALL-UNNAMED
19-Jul-2025 13:02:37.256 INFO [main] org.apache.catalina.startup.VersionLoggerListener.log Command line argument: --add-opens=java.base/java.io=ALL-UNNAMED
19-Jul-2025 13:02:37.256 INFO [main] org.apache.catalina.startup.VersionLoggerListener.log Command line argument: --add-opens=java.base/java.util=ALL-UNNAMED
19-Jul-2025 13:02:37.256 INFO [main] org.apache.catalina.startup.VersionLoggerListener.log Command line argument: --add-opens=java.base/java.util.concurrent=ALL-UNNAMED
19-Jul-2025 13:02:37.256 INFO [main] org.apache.catalina.startup.VersionLoggerListener.log Command line argument: --add-opens=java.rmi/sun.rmi.transport=ALL-UNNAMED
19-Jul-2025 13:02:37.256 INFO [main] org.apache.catalina.startup.VersionLoggerListener.log Command line argument: -Dcatalina.home=D:\ProgrammingCode\installed\Tomcat 11
19-Jul-2025 13:02:37.256 INFO [main] org.apache.catalina.startup.VersionLoggerListener.log Command line argument: -Dcatalina.base=D:\ProgrammingCode\Full web development with java\code\Web Development\_08_Advance_Java\_03_Calc_Servlet
19-Jul-2025 13:02:37.256 INFO [main] org.apache.catalina.startup.VersionLoggerListener.log Command line argument: -Djava.io.tmpdir=D:\ProgrammingCode\Full web development with java\code\Web Development\_08_Advance_Java\_03_Calc_Servlet\temp
19-Jul-2025 13:02:37.256 INFO [main] org.apache.catalina.startup.VersionLoggerListener.log Command line argument: -Djava.util.logging.config.file=D:\ProgrammingCode\Full web development with java\code\Web Development\_08_Advance_Java\_03_Calc_Servlet\conf\logging.properties
19-Jul-2025 13:02:37.257 INFO [main] org.apache.catalina.startup.VersionLoggerListener.log Command line argument: -Djava.util.logging.manager=org.apache.juli.ClassLoaderLogManager
19-Jul-2025 13:02:37.257 INFO [main] org.apache.catalina.startup.VersionLoggerListener.log Command line argument: -javaagent:D:\ProgrammingCode\Java\IntelliJ IDEA Community Edition 2024.2.4\lib\idea_rt.jar=59359
19-Jul-2025 13:02:37.257 INFO [main] org.apache.catalina.startup.VersionLoggerListener.log Command line argument: -Dfile.encoding=UTF-8
19-Jul-2025 13:02:37.257 INFO [main] org.apache.catalina.startup.VersionLoggerListener.log Command line argument: -Dsun.stdout.encoding=UTF-8
19-Jul-2025 13:02:37.257 INFO [main] org.apache.catalina.startup.VersionLoggerListener.log Command line argument: -Dsun.stderr.encoding=UTF-8
19-Jul-2025 13:02:37.268 INFO [main] org.apache.catalina.core.AprLifecycleListener.lifecycleEvent The Apache Tomcat Native library which allows using OpenSSL was not found on the java.library.path: [C:\Program Files\Java\bin;C:\WINDOWS\Sun\Java\bin;C:\WINDOWS\system32;C:\WINDOWS;C:\Program Files\Microsoft\jdk-17.0.15.6-hotspot\bin;D:\ProgrammingCode\python\installed\Scripts\;D:\ProgrammingCode\python\installed\;C:\Program Files\Common Files\Oracle\Java\javapath;C:\windows\system32;C:\windows;C:\windows\System32\Wbem;C:\windows\System32\WindowsPowerShell\v1.0\;C:\windows\System32\OpenSSH\;D:\setup file\installed file\Git\cmd;C:\Program Files\dotnet\;C:\Program Files\Java\bin;C:\WINDOWS\system32;C:\WINDOWS;C:\WINDOWS\System32\Wbem;C:\WINDOWS\System32\WindowsPowerShell\v1.0\;C:\WINDOWS\System32\OpenSSH\;C:\ProgramData\chocolatey\bin;C:\Program Files\MySQL\MySQL Shell 8.0\bin\;C:\Users\amitr\AppData\Local\Microsoft\WindowsApps;D:\Programming code\Java\Inte;C:\ProgramData\chocolatey\lib\maven\apache-maven-3.9.9\bin;D:\Programming code\installed\apache-tomcat-10.1.39-windows-x64\apache-tomcat-10.1.39\bin;D:\Programming code\installed\node js 20.11.1\node_modules\npm\bin;C:\Program Files\Java\bin;C:\Program Files\Apache\apache-maven-3.9.9\bin;D:\Programming code\installed\tomcaat\bin;C:\Users\amitr\AppData\Roaming\npm;C:\Users\amitr\.console-ninja\.bin;C:\Program Files\nodejs\;C:\Users\amitr\AppData\Local\Android\Sdk\platforms;C:\Users\amitr\AppData\Local\Android\Sdk;C:\Users\amitr\AppData\Local\Android\Sdk\platform-tools;C:\Users\amitr\AppData\Local\Android\Sdk\emulator;C:\Users\amitr\AppData\Local\Android\Sdk\build-tools;D:\ProgrammingCode\installed\Git\cmd;C:\Program Files\MongoDB\Server\8.0\bin;C:\Program Files\PowerShell\7\;C:\Users\amitr\.console-ninja\.bin;D:\ProgrammingCode\python\python 3.6.8\Scripts\;D:\ProgrammingCode\python\python 3.6.8\;C:\Program Files\MySQL\MySQL Shell 8.0\bin\;C:\Users\amitr\AppData\Local\Microsoft\WindowsApps;D:\ProgrammingCode\Java\IntelliJ IDEA Community Edition 2024.1.4\bin;C:\Users\amitr\AppData\Local\spicetify;C:\Program Files\MongoDB\Server\5.0\bin;C:\Users\amitr\AppData\Local\Microsoft\WindowsApps;D:\ProgrammingCode\Java\IntelliJ IDEA Community Edition 2024.2.4\bin;D:\ProgrammingCode\installed\Microsoft VS Code\bin;D:\ProgrammingCode\installed\node.js installed\node_modules\npm\bin;D:\ProgrammingCode\installed\Android\Sdk\platform-tools;D:\ProgrammingCode\installed\Android\Sdk;C:\Users\amitr\AppData\Roaming\npm;C:\Users\amitr\AppData\Local\Android\Sdk\platform-tools;C:\Users\amitr\AppData\Local\Android\Sdk\emulator;C:\Users\amitr\AppData\Local\Android\Sdk\build-tools;C:\Users\amitr\AppData\Local\Android\Sdk\platforms;C:\Program Files\Microsoft\jdk-17.0.15.6-hotspot\bin;D:\ProgrammingCode\installed\cursor\resources\app\bin;D:\Mongosh;;.]
19-Jul-2025 13:02:37.584 INFO [main] org.apache.coyote.AbstractProtocol.init Initializing ProtocolHandler ["http-nio-8081"]
19-Jul-2025 13:02:37.606 INFO [main] org.apache.catalina.startup.Catalina.load Server initialization in [549] milliseconds
19-Jul-2025 13:02:37.660 INFO [main] org.apache.catalina.core.StandardService.startInternal Starting service [Catalina]
19-Jul-2025 13:02:37.660 INFO [main] org.apache.catalina.core.StandardEngine.startInternal Starting Servlet engine: [Apache Tomcat/11.0.9]
19-Jul-2025 13:02:37.672 INFO [main] org.apache.catalina.startup.HostConfig.deployDescriptor Deploying deployment descriptor [D:\ProgrammingCode\Full web development with java\code\Web Development\_08_Advance_Java\_03_Calc_Servlet\conf\Catalina\localhost\_03_Calc_Servlet.xml]
19-Jul-2025 13:02:38.045 INFO [main] org.apache.jasper.servlet.TldScanner.scanJars At least one JAR was scanned for TLDs yet contained no TLDs. Enable debug logging for this logger for a complete list of JARs that were scanned but no TLDs were found in them. Skipping unneeded JARs during scanning can improve startup time and JSP compilation time.
19-Jul-2025 13:02:38.099 INFO [main] org.apache.catalina.startup.HostConfig.deployDescriptor Deployment of deployment descriptor [D:\ProgrammingCode\Full web development with java\code\Web Development\_08_Advance_Java\_03_Calc_Servlet\conf\Catalina\localhost\_03_Calc_Servlet.xml] has finished in [426] ms
19-Jul-2025 13:02:38.104 INFO [main] org.apache.coyote.AbstractProtocol.start Starting ProtocolHandler ["http-nio-8081"]
19-Jul-2025 13:02:38.134 INFO [main] org.apache.catalina.startup.Catalina.start Server startup in [526] milliseconds
19-Jul-2025 13:02:47.373 INFO [Thread-1] org.apache.coyote.AbstractProtocol.pause Pausing ProtocolHandler ["http-nio-8081"]
19-Jul-2025 13:02:47.378 INFO [Thread-1] org.apache.catalina.core.StandardService.stopInternal Stopping service [Catalina]
19-Jul-2025 13:02:47.390 INFO [Thread-1] org.apache.coyote.AbstractProtocol.stop Stopping ProtocolHandler ["http-nio-8081"]
19-Jul-2025 13:02:47.404 INFO [Thread-1] org.apache.coyote.AbstractProtocol.destroy Destroying ProtocolHandler ["http-nio-8081"]
19-Jul-2025 13:03:23.196 INFO [main] org.apache.catalina.startup.VersionLoggerListener.log Server version name:   Apache Tomcat/11.0.9
19-Jul-2025 13:03:23.200 INFO [main] org.apache.catalina.startup.VersionLoggerListener.log Server built:          Jul 1 2025 20:39:04 UTC
19-Jul-2025 13:03:23.200 INFO [main] org.apache.catalina.startup.VersionLoggerListener.log Server version number: 11.0.9.0
19-Jul-2025 13:03:23.200 INFO [main] org.apache.catalina.startup.VersionLoggerListener.log OS Name:               Windows 11
19-Jul-2025 13:03:23.202 INFO [main] org.apache.catalina.startup.VersionLoggerListener.log OS Version:            10.0
19-Jul-2025 13:03:23.202 INFO [main] org.apache.catalina.startup.VersionLoggerListener.log Architecture:          amd64
19-Jul-2025 13:03:23.202 INFO [main] org.apache.catalina.startup.VersionLoggerListener.log Java Home:             C:\Program Files\Java
19-Jul-2025 13:03:23.202 INFO [main] org.apache.catalina.startup.VersionLoggerListener.log JVM Version:           21.0.1+12-LTS-29
19-Jul-2025 13:03:23.202 INFO [main] org.apache.catalina.startup.VersionLoggerListener.log JVM Vendor:            Oracle Corporation
19-Jul-2025 13:03:23.202 INFO [main] org.apache.catalina.startup.VersionLoggerListener.log CATALINA_BASE:         D:\ProgrammingCode\Full web development with java\code\Web Development\_08_Advance_Java\_03_Calc_Servlet
19-Jul-2025 13:03:23.202 INFO [main] org.apache.catalina.startup.VersionLoggerListener.log CATALINA_HOME:         D:\ProgrammingCode\installed\Tomcat 11
19-Jul-2025 13:03:23.211 INFO [main] org.apache.catalina.startup.VersionLoggerListener.log Command line argument: --add-opens=java.base/java.lang=ALL-UNNAMED
19-Jul-2025 13:03:23.211 INFO [main] org.apache.catalina.startup.VersionLoggerListener.log Command line argument: --add-opens=java.base/java.io=ALL-UNNAMED
19-Jul-2025 13:03:23.211 INFO [main] org.apache.catalina.startup.VersionLoggerListener.log Command line argument: --add-opens=java.base/java.util=ALL-UNNAMED
19-Jul-2025 13:03:23.211 INFO [main] org.apache.catalina.startup.VersionLoggerListener.log Command line argument: --add-opens=java.base/java.util.concurrent=ALL-UNNAMED
19-Jul-2025 13:03:23.212 INFO [main] org.apache.catalina.startup.VersionLoggerListener.log Command line argument: --add-opens=java.rmi/sun.rmi.transport=ALL-UNNAMED
19-Jul-2025 13:03:23.212 INFO [main] org.apache.catalina.startup.VersionLoggerListener.log Command line argument: -Dcatalina.home=D:\ProgrammingCode\installed\Tomcat 11
19-Jul-2025 13:03:23.212 INFO [main] org.apache.catalina.startup.VersionLoggerListener.log Command line argument: -Dcatalina.base=D:\ProgrammingCode\Full web development with java\code\Web Development\_08_Advance_Java\_03_Calc_Servlet
19-Jul-2025 13:03:23.212 INFO [main] org.apache.catalina.startup.VersionLoggerListener.log Command line argument: -Djava.io.tmpdir=D:\ProgrammingCode\Full web development with java\code\Web Development\_08_Advance_Java\_03_Calc_Servlet\temp
19-Jul-2025 13:03:23.212 INFO [main] org.apache.catalina.startup.VersionLoggerListener.log Command line argument: -Djava.util.logging.config.file=D:\ProgrammingCode\Full web development with java\code\Web Development\_08_Advance_Java\_03_Calc_Servlet\conf\logging.properties
19-Jul-2025 13:03:23.212 INFO [main] org.apache.catalina.startup.VersionLoggerListener.log Command line argument: -Djava.util.logging.manager=org.apache.juli.ClassLoaderLogManager
19-Jul-2025 13:03:23.212 INFO [main] org.apache.catalina.startup.VersionLoggerListener.log Command line argument: -javaagent:D:\ProgrammingCode\Java\IntelliJ IDEA Community Edition 2024.2.4\lib\idea_rt.jar=59368
19-Jul-2025 13:03:23.212 INFO [main] org.apache.catalina.startup.VersionLoggerListener.log Command line argument: -Dfile.encoding=UTF-8
19-Jul-2025 13:03:23.212 INFO [main] org.apache.catalina.startup.VersionLoggerListener.log Command line argument: -Dsun.stdout.encoding=UTF-8
19-Jul-2025 13:03:23.212 INFO [main] org.apache.catalina.startup.VersionLoggerListener.log Command line argument: -Dsun.stderr.encoding=UTF-8
19-Jul-2025 13:03:23.223 INFO [main] org.apache.catalina.core.AprLifecycleListener.lifecycleEvent The Apache Tomcat Native library which allows using OpenSSL was not found on the java.library.path: [C:\Program Files\Java\bin;C:\WINDOWS\Sun\Java\bin;C:\WINDOWS\system32;C:\WINDOWS;C:\Program Files\Microsoft\jdk-17.0.15.6-hotspot\bin;D:\ProgrammingCode\python\installed\Scripts\;D:\ProgrammingCode\python\installed\;C:\Program Files\Common Files\Oracle\Java\javapath;C:\windows\system32;C:\windows;C:\windows\System32\Wbem;C:\windows\System32\WindowsPowerShell\v1.0\;C:\windows\System32\OpenSSH\;D:\setup file\installed file\Git\cmd;C:\Program Files\dotnet\;C:\Program Files\Java\bin;C:\WINDOWS\system32;C:\WINDOWS;C:\WINDOWS\System32\Wbem;C:\WINDOWS\System32\WindowsPowerShell\v1.0\;C:\WINDOWS\System32\OpenSSH\;C:\ProgramData\chocolatey\bin;C:\Program Files\MySQL\MySQL Shell 8.0\bin\;C:\Users\amitr\AppData\Local\Microsoft\WindowsApps;D:\Programming code\Java\Inte;C:\ProgramData\chocolatey\lib\maven\apache-maven-3.9.9\bin;D:\Programming code\installed\apache-tomcat-10.1.39-windows-x64\apache-tomcat-10.1.39\bin;D:\Programming code\installed\node js 20.11.1\node_modules\npm\bin;C:\Program Files\Java\bin;C:\Program Files\Apache\apache-maven-3.9.9\bin;D:\Programming code\installed\tomcaat\bin;C:\Users\amitr\AppData\Roaming\npm;C:\Users\amitr\.console-ninja\.bin;C:\Program Files\nodejs\;C:\Users\amitr\AppData\Local\Android\Sdk\platforms;C:\Users\amitr\AppData\Local\Android\Sdk;C:\Users\amitr\AppData\Local\Android\Sdk\platform-tools;C:\Users\amitr\AppData\Local\Android\Sdk\emulator;C:\Users\amitr\AppData\Local\Android\Sdk\build-tools;D:\ProgrammingCode\installed\Git\cmd;C:\Program Files\MongoDB\Server\8.0\bin;C:\Program Files\PowerShell\7\;C:\Users\amitr\.console-ninja\.bin;D:\ProgrammingCode\python\python 3.6.8\Scripts\;D:\ProgrammingCode\python\python 3.6.8\;C:\Program Files\MySQL\MySQL Shell 8.0\bin\;C:\Users\amitr\AppData\Local\Microsoft\WindowsApps;D:\ProgrammingCode\Java\IntelliJ IDEA Community Edition 2024.1.4\bin;C:\Users\amitr\AppData\Local\spicetify;C:\Program Files\MongoDB\Server\5.0\bin;C:\Users\amitr\AppData\Local\Microsoft\WindowsApps;D:\ProgrammingCode\Java\IntelliJ IDEA Community Edition 2024.2.4\bin;D:\ProgrammingCode\installed\Microsoft VS Code\bin;D:\ProgrammingCode\installed\node.js installed\node_modules\npm\bin;D:\ProgrammingCode\installed\Android\Sdk\platform-tools;D:\ProgrammingCode\installed\Android\Sdk;C:\Users\amitr\AppData\Roaming\npm;C:\Users\amitr\AppData\Local\Android\Sdk\platform-tools;C:\Users\amitr\AppData\Local\Android\Sdk\emulator;C:\Users\amitr\AppData\Local\Android\Sdk\build-tools;C:\Users\amitr\AppData\Local\Android\Sdk\platforms;C:\Program Files\Microsoft\jdk-17.0.15.6-hotspot\bin;D:\ProgrammingCode\installed\cursor\resources\app\bin;D:\Mongosh;;.]
19-Jul-2025 13:03:23.528 INFO [main] org.apache.coyote.AbstractProtocol.init Initializing ProtocolHandler ["http-nio-8082"]
19-Jul-2025 13:03:23.550 INFO [main] org.apache.catalina.startup.Catalina.load Server initialization in [541] milliseconds
19-Jul-2025 13:03:23.605 INFO [main] org.apache.catalina.core.StandardService.startInternal Starting service [Catalina]
19-Jul-2025 13:03:23.605 INFO [main] org.apache.catalina.core.StandardEngine.startInternal Starting Servlet engine: [Apache Tomcat/11.0.9]
19-Jul-2025 13:03:23.620 INFO [main] org.apache.catalina.startup.HostConfig.deployDescriptor Deploying deployment descriptor [D:\ProgrammingCode\Full web development with java\code\Web Development\_08_Advance_Java\_03_Calc_Servlet\conf\Catalina\localhost\_03_Calc_Servlet.xml]
19-Jul-2025 13:03:23.994 INFO [main] org.apache.jasper.servlet.TldScanner.scanJars At least one JAR was scanned for TLDs yet contained no TLDs. Enable debug logging for this logger for a complete list of JARs that were scanned but no TLDs were found in them. Skipping unneeded JARs during scanning can improve startup time and JSP compilation time.
19-Jul-2025 13:03:24.049 INFO [main] org.apache.catalina.startup.HostConfig.deployDescriptor Deployment of deployment descriptor [D:\ProgrammingCode\Full web development with java\code\Web Development\_08_Advance_Java\_03_Calc_Servlet\conf\Catalina\localhost\_03_Calc_Servlet.xml] has finished in [428] ms
19-Jul-2025 13:03:24.057 INFO [main] org.apache.coyote.AbstractProtocol.start Starting ProtocolHandler ["http-nio-8082"]
19-Jul-2025 13:03:24.084 INFO [main] org.apache.catalina.startup.Catalina.start Server startup in [532] milliseconds
19-Jul-2025 13:04:47.555 INFO [Thread-1] org.apache.coyote.AbstractProtocol.pause Pausing ProtocolHandler ["http-nio-8082"]
19-Jul-2025 13:04:47.559 INFO [Thread-1] org.apache.catalina.core.StandardService.stopInternal Stopping service [Catalina]
19-Jul-2025 13:04:47.569 INFO [Thread-1] org.apache.coyote.AbstractProtocol.stop Stopping ProtocolHandler ["http-nio-8082"]
19-Jul-2025 13:04:47.572 INFO [Thread-1] org.apache.coyote.AbstractProtocol.destroy Destroying ProtocolHandler ["http-nio-8082"]
19-Jul-2025 13:06:38.122 INFO [main] org.apache.catalina.startup.VersionLoggerListener.log Server version name:   Apache Tomcat/11.0.9
19-Jul-2025 13:06:38.127 INFO [main] org.apache.catalina.startup.VersionLoggerListener.log Server built:          Jul 1 2025 20:39:04 UTC
19-Jul-2025 13:06:38.127 INFO [main] org.apache.catalina.startup.VersionLoggerListener.log Server version number: 11.0.9.0
19-Jul-2025 13:06:38.127 INFO [main] org.apache.catalina.startup.VersionLoggerListener.log OS Name:               Windows 11
19-Jul-2025 13:06:38.127 INFO [main] org.apache.catalina.startup.VersionLoggerListener.log OS Version:            10.0
19-Jul-2025 13:06:38.128 INFO [main] org.apache.catalina.startup.VersionLoggerListener.log Architecture:          amd64
19-Jul-2025 13:06:38.128 INFO [main] org.apache.catalina.startup.VersionLoggerListener.log Java Home:             C:\Program Files\Java
19-Jul-2025 13:06:38.128 INFO [main] org.apache.catalina.startup.VersionLoggerListener.log JVM Version:           21.0.1+12-LTS-29
19-Jul-2025 13:06:38.128 INFO [main] org.apache.catalina.startup.VersionLoggerListener.log JVM Vendor:            Oracle Corporation
19-Jul-2025 13:06:38.128 INFO [main] org.apache.catalina.startup.VersionLoggerListener.log CATALINA_BASE:         D:\ProgrammingCode\Full web development with java\code\Web Development\_08_Advance_Java\_03_Calc_Servlet
19-Jul-2025 13:06:38.128 INFO [main] org.apache.catalina.startup.VersionLoggerListener.log CATALINA_HOME:         D:\ProgrammingCode\installed\Tomcat 11
19-Jul-2025 13:06:38.137 INFO [main] org.apache.catalina.startup.VersionLoggerListener.log Command line argument: --add-opens=java.base/java.lang=ALL-UNNAMED
19-Jul-2025 13:06:38.137 INFO [main] org.apache.catalina.startup.VersionLoggerListener.log Command line argument: --add-opens=java.base/java.io=ALL-UNNAMED
19-Jul-2025 13:06:38.137 INFO [main] org.apache.catalina.startup.VersionLoggerListener.log Command line argument: --add-opens=java.base/java.util=ALL-UNNAMED
19-Jul-2025 13:06:38.137 INFO [main] org.apache.catalina.startup.VersionLoggerListener.log Command line argument: --add-opens=java.base/java.util.concurrent=ALL-UNNAMED
19-Jul-2025 13:06:38.137 INFO [main] org.apache.catalina.startup.VersionLoggerListener.log Command line argument: --add-opens=java.rmi/sun.rmi.transport=ALL-UNNAMED
19-Jul-2025 13:06:38.137 INFO [main] org.apache.catalina.startup.VersionLoggerListener.log Command line argument: -Dcatalina.home=D:\ProgrammingCode\installed\Tomcat 11
19-Jul-2025 13:06:38.138 INFO [main] org.apache.catalina.startup.VersionLoggerListener.log Command line argument: -Dcatalina.base=D:\ProgrammingCode\Full web development with java\code\Web Development\_08_Advance_Java\_03_Calc_Servlet
19-Jul-2025 13:06:38.138 INFO [main] org.apache.catalina.startup.VersionLoggerListener.log Command line argument: -Djava.io.tmpdir=D:\ProgrammingCode\Full web development with java\code\Web Development\_08_Advance_Java\_03_Calc_Servlet\temp
19-Jul-2025 13:06:38.138 INFO [main] org.apache.catalina.startup.VersionLoggerListener.log Command line argument: -Djava.util.logging.config.file=D:\ProgrammingCode\Full web development with java\code\Web Development\_08_Advance_Java\_03_Calc_Servlet\conf\logging.properties
19-Jul-2025 13:06:38.138 INFO [main] org.apache.catalina.startup.VersionLoggerListener.log Command line argument: -Djava.util.logging.manager=org.apache.juli.ClassLoaderLogManager
19-Jul-2025 13:06:38.138 INFO [main] org.apache.catalina.startup.VersionLoggerListener.log Command line argument: -javaagent:D:\ProgrammingCode\Java\IntelliJ IDEA Community Edition 2024.2.4\lib\idea_rt.jar=59383
19-Jul-2025 13:06:38.138 INFO [main] org.apache.catalina.startup.VersionLoggerListener.log Command line argument: -Dfile.encoding=UTF-8
19-Jul-2025 13:06:38.138 INFO [main] org.apache.catalina.startup.VersionLoggerListener.log Command line argument: -Dsun.stdout.encoding=UTF-8
19-Jul-2025 13:06:38.138 INFO [main] org.apache.catalina.startup.VersionLoggerListener.log Command line argument: -Dsun.stderr.encoding=UTF-8
19-Jul-2025 13:06:38.149 INFO [main] org.apache.catalina.core.AprLifecycleListener.lifecycleEvent The Apache Tomcat Native library which allows using OpenSSL was not found on the java.library.path: [C:\Program Files\Java\bin;C:\WINDOWS\Sun\Java\bin;C:\WINDOWS\system32;C:\WINDOWS;C:\Program Files\Microsoft\jdk-17.0.15.6-hotspot\bin;D:\ProgrammingCode\python\installed\Scripts\;D:\ProgrammingCode\python\installed\;C:\Program Files\Common Files\Oracle\Java\javapath;C:\windows\system32;C:\windows;C:\windows\System32\Wbem;C:\windows\System32\WindowsPowerShell\v1.0\;C:\windows\System32\OpenSSH\;D:\setup file\installed file\Git\cmd;C:\Program Files\dotnet\;C:\Program Files\Java\bin;C:\WINDOWS\system32;C:\WINDOWS;C:\WINDOWS\System32\Wbem;C:\WINDOWS\System32\WindowsPowerShell\v1.0\;C:\WINDOWS\System32\OpenSSH\;C:\ProgramData\chocolatey\bin;C:\Program Files\MySQL\MySQL Shell 8.0\bin\;C:\Users\amitr\AppData\Local\Microsoft\WindowsApps;D:\Programming code\Java\Inte;C:\ProgramData\chocolatey\lib\maven\apache-maven-3.9.9\bin;D:\Programming code\installed\apache-tomcat-10.1.39-windows-x64\apache-tomcat-10.1.39\bin;D:\Programming code\installed\node js 20.11.1\node_modules\npm\bin;C:\Program Files\Java\bin;C:\Program Files\Apache\apache-maven-3.9.9\bin;D:\Programming code\installed\tomcaat\bin;C:\Users\amitr\AppData\Roaming\npm;C:\Users\amitr\.console-ninja\.bin;C:\Program Files\nodejs\;C:\Users\amitr\AppData\Local\Android\Sdk\platforms;C:\Users\amitr\AppData\Local\Android\Sdk;C:\Users\amitr\AppData\Local\Android\Sdk\platform-tools;C:\Users\amitr\AppData\Local\Android\Sdk\emulator;C:\Users\amitr\AppData\Local\Android\Sdk\build-tools;D:\ProgrammingCode\installed\Git\cmd;C:\Program Files\MongoDB\Server\8.0\bin;C:\Program Files\PowerShell\7\;C:\Users\amitr\.console-ninja\.bin;D:\ProgrammingCode\python\python 3.6.8\Scripts\;D:\ProgrammingCode\python\python 3.6.8\;C:\Program Files\MySQL\MySQL Shell 8.0\bin\;C:\Users\amitr\AppData\Local\Microsoft\WindowsApps;D:\ProgrammingCode\Java\IntelliJ IDEA Community Edition 2024.1.4\bin;C:\Users\amitr\AppData\Local\spicetify;C:\Program Files\MongoDB\Server\5.0\bin;C:\Users\amitr\AppData\Local\Microsoft\WindowsApps;D:\ProgrammingCode\Java\IntelliJ IDEA Community Edition 2024.2.4\bin;D:\ProgrammingCode\installed\Microsoft VS Code\bin;D:\ProgrammingCode\installed\node.js installed\node_modules\npm\bin;D:\ProgrammingCode\installed\Android\Sdk\platform-tools;D:\ProgrammingCode\installed\Android\Sdk;C:\Users\amitr\AppData\Roaming\npm;C:\Users\amitr\AppData\Local\Android\Sdk\platform-tools;C:\Users\amitr\AppData\Local\Android\Sdk\emulator;C:\Users\amitr\AppData\Local\Android\Sdk\build-tools;C:\Users\amitr\AppData\Local\Android\Sdk\platforms;C:\Program Files\Microsoft\jdk-17.0.15.6-hotspot\bin;D:\ProgrammingCode\installed\cursor\resources\app\bin;D:\Mongosh;;.]
19-Jul-2025 13:06:38.460 INFO [main] org.apache.coyote.AbstractProtocol.init Initializing ProtocolHandler ["http-nio-8082"]
19-Jul-2025 13:06:38.480 INFO [main] org.apache.catalina.startup.Catalina.load Server initialization in [533] milliseconds
19-Jul-2025 13:06:38.531 INFO [main] org.apache.catalina.core.StandardService.startInternal Starting service [Catalina]
19-Jul-2025 13:06:38.531 INFO [main] org.apache.catalina.core.StandardEngine.startInternal Starting Servlet engine: [Apache Tomcat/11.0.9]
19-Jul-2025 13:06:38.543 INFO [main] org.apache.catalina.startup.HostConfig.deployDescriptor Deploying deployment descriptor [D:\ProgrammingCode\Full web development with java\code\Web Development\_08_Advance_Java\_03_Calc_Servlet\conf\Catalina\localhost\_03_Calc_Servlet.xml]
19-Jul-2025 13:06:38.909 INFO [main] org.apache.jasper.servlet.TldScanner.scanJars At least one JAR was scanned for TLDs yet contained no TLDs. Enable debug logging for this logger for a complete list of JARs that were scanned but no TLDs were found in them. Skipping unneeded JARs during scanning can improve startup time and JSP compilation time.
19-Jul-2025 13:06:38.964 INFO [main] org.apache.catalina.startup.HostConfig.deployDescriptor Deployment of deployment descriptor [D:\ProgrammingCode\Full web development with java\code\Web Development\_08_Advance_Java\_03_Calc_Servlet\conf\Catalina\localhost\_03_Calc_Servlet.xml] has finished in [422] ms
19-Jul-2025 13:06:38.975 INFO [main] org.apache.coyote.AbstractProtocol.start Starting ProtocolHandler ["http-nio-8082"]
19-Jul-2025 13:06:38.999 INFO [main] org.apache.catalina.startup.Catalina.start Server startup in [518] milliseconds
19-Jul-2025 13:06:48.540 INFO [Thread-1] org.apache.coyote.AbstractProtocol.pause Pausing ProtocolHandler ["http-nio-8082"]
19-Jul-2025 13:06:48.544 INFO [Thread-1] org.apache.catalina.core.StandardService.stopInternal Stopping service [Catalina]
19-Jul-2025 13:06:48.553 INFO [Thread-1] org.apache.coyote.AbstractProtocol.stop Stopping ProtocolHandler ["http-nio-8082"]
19-Jul-2025 13:06:48.559 INFO [Thread-1] org.apache.coyote.AbstractProtocol.destroy Destroying ProtocolHandler ["http-nio-8082"]
19-Jul-2025 13:07:03.206 INFO [main] org.apache.catalina.startup.VersionLoggerListener.log Server version name:   Apache Tomcat/11.0.9
19-Jul-2025 13:07:03.210 INFO [main] org.apache.catalina.startup.VersionLoggerListener.log Server built:          Jul 1 2025 20:39:04 UTC
19-Jul-2025 13:07:03.211 INFO [main] org.apache.catalina.startup.VersionLoggerListener.log Server version number: 11.0.9.0
19-Jul-2025 13:07:03.211 INFO [main] org.apache.catalina.startup.VersionLoggerListener.log OS Name:               Windows 11
19-Jul-2025 13:07:03.211 INFO [main] org.apache.catalina.startup.VersionLoggerListener.log OS Version:            10.0
19-Jul-2025 13:07:03.211 INFO [main] org.apache.catalina.startup.VersionLoggerListener.log Architecture:          amd64
19-Jul-2025 13:07:03.211 INFO [main] org.apache.catalina.startup.VersionLoggerListener.log Java Home:             C:\Program Files\Java
19-Jul-2025 13:07:03.211 INFO [main] org.apache.catalina.startup.VersionLoggerListener.log JVM Version:           21.0.1+12-LTS-29
19-Jul-2025 13:07:03.211 INFO [main] org.apache.catalina.startup.VersionLoggerListener.log JVM Vendor:            Oracle Corporation
19-Jul-2025 13:07:03.211 INFO [main] org.apache.catalina.startup.VersionLoggerListener.log CATALINA_BASE:         D:\ProgrammingCode\Full web development with java\code\Web Development\_08_Advance_Java\_03_Calc_Servlet
19-Jul-2025 13:07:03.211 INFO [main] org.apache.catalina.startup.VersionLoggerListener.log CATALINA_HOME:         D:\ProgrammingCode\installed\Tomcat 11
19-Jul-2025 13:07:03.222 INFO [main] org.apache.catalina.startup.VersionLoggerListener.log Command line argument: --add-opens=java.base/java.lang=ALL-UNNAMED
19-Jul-2025 13:07:03.222 INFO [main] org.apache.catalina.startup.VersionLoggerListener.log Command line argument: --add-opens=java.base/java.io=ALL-UNNAMED
19-Jul-2025 13:07:03.222 INFO [main] org.apache.catalina.startup.VersionLoggerListener.log Command line argument: --add-opens=java.base/java.util=ALL-UNNAMED
19-Jul-2025 13:07:03.223 INFO [main] org.apache.catalina.startup.VersionLoggerListener.log Command line argument: --add-opens=java.base/java.util.concurrent=ALL-UNNAMED
19-Jul-2025 13:07:03.223 INFO [main] org.apache.catalina.startup.VersionLoggerListener.log Command line argument: --add-opens=java.rmi/sun.rmi.transport=ALL-UNNAMED
19-Jul-2025 13:07:03.223 INFO [main] org.apache.catalina.startup.VersionLoggerListener.log Command line argument: -Dcatalina.home=D:\ProgrammingCode\installed\Tomcat 11
19-Jul-2025 13:07:03.223 INFO [main] org.apache.catalina.startup.VersionLoggerListener.log Command line argument: -Dcatalina.base=D:\ProgrammingCode\Full web development with java\code\Web Development\_08_Advance_Java\_03_Calc_Servlet
19-Jul-2025 13:07:03.223 INFO [main] org.apache.catalina.startup.VersionLoggerListener.log Command line argument: -Djava.io.tmpdir=D:\ProgrammingCode\Full web development with java\code\Web Development\_08_Advance_Java\_03_Calc_Servlet\temp
19-Jul-2025 13:07:03.223 INFO [main] org.apache.catalina.startup.VersionLoggerListener.log Command line argument: -Djava.util.logging.config.file=D:\ProgrammingCode\Full web development with java\code\Web Development\_08_Advance_Java\_03_Calc_Servlet\conf\logging.properties
19-Jul-2025 13:07:03.223 INFO [main] org.apache.catalina.startup.VersionLoggerListener.log Command line argument: -Djava.util.logging.manager=org.apache.juli.ClassLoaderLogManager
19-Jul-2025 13:07:03.223 INFO [main] org.apache.catalina.startup.VersionLoggerListener.log Command line argument: -javaagent:D:\ProgrammingCode\Java\IntelliJ IDEA Community Edition 2024.2.4\lib\idea_rt.jar=59389
19-Jul-2025 13:07:03.223 INFO [main] org.apache.catalina.startup.VersionLoggerListener.log Command line argument: -Dfile.encoding=UTF-8
19-Jul-2025 13:07:03.223 INFO [main] org.apache.catalina.startup.VersionLoggerListener.log Command line argument: -Dsun.stdout.encoding=UTF-8
19-Jul-2025 13:07:03.223 INFO [main] org.apache.catalina.startup.VersionLoggerListener.log Command line argument: -Dsun.stderr.encoding=UTF-8
19-Jul-2025 13:07:03.235 INFO [main] org.apache.catalina.core.AprLifecycleListener.lifecycleEvent The Apache Tomcat Native library which allows using OpenSSL was not found on the java.library.path: [C:\Program Files\Java\bin;C:\WINDOWS\Sun\Java\bin;C:\WINDOWS\system32;C:\WINDOWS;C:\Program Files\Microsoft\jdk-17.0.15.6-hotspot\bin;D:\ProgrammingCode\python\installed\Scripts\;D:\ProgrammingCode\python\installed\;C:\Program Files\Common Files\Oracle\Java\javapath;C:\windows\system32;C:\windows;C:\windows\System32\Wbem;C:\windows\System32\WindowsPowerShell\v1.0\;C:\windows\System32\OpenSSH\;D:\setup file\installed file\Git\cmd;C:\Program Files\dotnet\;C:\Program Files\Java\bin;C:\WINDOWS\system32;C:\WINDOWS;C:\WINDOWS\System32\Wbem;C:\WINDOWS\System32\WindowsPowerShell\v1.0\;C:\WINDOWS\System32\OpenSSH\;C:\ProgramData\chocolatey\bin;C:\Program Files\MySQL\MySQL Shell 8.0\bin\;C:\Users\amitr\AppData\Local\Microsoft\WindowsApps;D:\Programming code\Java\Inte;C:\ProgramData\chocolatey\lib\maven\apache-maven-3.9.9\bin;D:\Programming code\installed\apache-tomcat-10.1.39-windows-x64\apache-tomcat-10.1.39\bin;D:\Programming code\installed\node js 20.11.1\node_modules\npm\bin;C:\Program Files\Java\bin;C:\Program Files\Apache\apache-maven-3.9.9\bin;D:\Programming code\installed\tomcaat\bin;C:\Users\amitr\AppData\Roaming\npm;C:\Users\amitr\.console-ninja\.bin;C:\Program Files\nodejs\;C:\Users\amitr\AppData\Local\Android\Sdk\platforms;C:\Users\amitr\AppData\Local\Android\Sdk;C:\Users\amitr\AppData\Local\Android\Sdk\platform-tools;C:\Users\amitr\AppData\Local\Android\Sdk\emulator;C:\Users\amitr\AppData\Local\Android\Sdk\build-tools;D:\ProgrammingCode\installed\Git\cmd;C:\Program Files\MongoDB\Server\8.0\bin;C:\Program Files\PowerShell\7\;C:\Users\amitr\.console-ninja\.bin;D:\ProgrammingCode\python\python 3.6.8\Scripts\;D:\ProgrammingCode\python\python 3.6.8\;C:\Program Files\MySQL\MySQL Shell 8.0\bin\;C:\Users\amitr\AppData\Local\Microsoft\WindowsApps;D:\ProgrammingCode\Java\IntelliJ IDEA Community Edition 2024.1.4\bin;C:\Users\amitr\AppData\Local\spicetify;C:\Program Files\MongoDB\Server\5.0\bin;C:\Users\amitr\AppData\Local\Microsoft\WindowsApps;D:\ProgrammingCode\Java\IntelliJ IDEA Community Edition 2024.2.4\bin;D:\ProgrammingCode\installed\Microsoft VS Code\bin;D:\ProgrammingCode\installed\node.js installed\node_modules\npm\bin;D:\ProgrammingCode\installed\Android\Sdk\platform-tools;D:\ProgrammingCode\installed\Android\Sdk;C:\Users\amitr\AppData\Roaming\npm;C:\Users\amitr\AppData\Local\Android\Sdk\platform-tools;C:\Users\amitr\AppData\Local\Android\Sdk\emulator;C:\Users\amitr\AppData\Local\Android\Sdk\build-tools;C:\Users\amitr\AppData\Local\Android\Sdk\platforms;C:\Program Files\Microsoft\jdk-17.0.15.6-hotspot\bin;D:\ProgrammingCode\installed\cursor\resources\app\bin;D:\Mongosh;;.]
19-Jul-2025 13:07:03.555 INFO [main] org.apache.coyote.AbstractProtocol.init Initializing ProtocolHandler ["http-nio-8081"]
19-Jul-2025 13:07:03.577 INFO [main] org.apache.catalina.startup.Catalina.load Server initialization in [557] milliseconds
19-Jul-2025 13:07:03.630 INFO [main] org.apache.catalina.core.StandardService.startInternal Starting service [Catalina]
19-Jul-2025 13:07:03.630 INFO [main] org.apache.catalina.core.StandardEngine.startInternal Starting Servlet engine: [Apache Tomcat/11.0.9]
19-Jul-2025 13:07:03.645 INFO [main] org.apache.catalina.startup.HostConfig.deployDescriptor Deploying deployment descriptor [D:\ProgrammingCode\Full web development with java\code\Web Development\_08_Advance_Java\_03_Calc_Servlet\conf\Catalina\localhost\_03_Calc_Servlet.xml]
19-Jul-2025 13:07:04.026 INFO [main] org.apache.jasper.servlet.TldScanner.scanJars At least one JAR was scanned for TLDs yet contained no TLDs. Enable debug logging for this logger for a complete list of JARs that were scanned but no TLDs were found in them. Skipping unneeded JARs during scanning can improve startup time and JSP compilation time.
19-Jul-2025 13:07:04.076 INFO [main] org.apache.catalina.startup.HostConfig.deployDescriptor Deployment of deployment descriptor [D:\ProgrammingCode\Full web development with java\code\Web Development\_08_Advance_Java\_03_Calc_Servlet\conf\Catalina\localhost\_03_Calc_Servlet.xml] has finished in [431] ms
19-Jul-2025 13:07:04.086 INFO [main] org.apache.coyote.AbstractProtocol.start Starting ProtocolHandler ["http-nio-8081"]
19-Jul-2025 13:07:04.109 INFO [main] org.apache.catalina.startup.Catalina.start Server startup in [530] milliseconds
19-Jul-2025 13:09:04.701 INFO [Thread-1] org.apache.coyote.AbstractProtocol.pause Pausing ProtocolHandler ["http-nio-8081"]
19-Jul-2025 13:09:04.705 INFO [Thread-1] org.apache.catalina.core.StandardService.stopInternal Stopping service [Catalina]
19-Jul-2025 13:09:04.719 INFO [Thread-1] org.apache.coyote.AbstractProtocol.stop Stopping ProtocolHandler ["http-nio-8081"]
19-Jul-2025 13:09:04.726 INFO [Thread-1] org.apache.coyote.AbstractProtocol.destroy Destroying ProtocolHandler ["http-nio-8081"]
19-Jul-2025 13:31:20.638 INFO [main] org.apache.catalina.startup.VersionLoggerListener.log Server version name:   Apache Tomcat/11.0.9
19-Jul-2025 13:31:20.644 INFO [main] org.apache.catalina.startup.VersionLoggerListener.log Server built:          Jul 1 2025 20:39:04 UTC
19-Jul-2025 13:31:20.644 INFO [main] org.apache.catalina.startup.VersionLoggerListener.log Server version number: 11.0.9.0
19-Jul-2025 13:31:20.645 INFO [main] org.apache.catalina.startup.VersionLoggerListener.log OS Name:               Windows 11
19-Jul-2025 13:31:20.645 INFO [main] org.apache.catalina.startup.VersionLoggerListener.log OS Version:            10.0
19-Jul-2025 13:31:20.645 INFO [main] org.apache.catalina.startup.VersionLoggerListener.log Architecture:          amd64
19-Jul-2025 13:31:20.645 INFO [main] org.apache.catalina.startup.VersionLoggerListener.log Java Home:             C:\Program Files\Java
19-Jul-2025 13:31:20.645 INFO [main] org.apache.catalina.startup.VersionLoggerListener.log JVM Version:           21.0.1+12-LTS-29
19-Jul-2025 13:31:20.645 INFO [main] org.apache.catalina.startup.VersionLoggerListener.log JVM Vendor:            Oracle Corporation
19-Jul-2025 13:31:20.645 INFO [main] org.apache.catalina.startup.VersionLoggerListener.log CATALINA_BASE:         D:\ProgrammingCode\Full web development with java\code\Web Development\_08_Advance_Java\_03_Calc_Servlet
19-Jul-2025 13:31:20.645 INFO [main] org.apache.catalina.startup.VersionLoggerListener.log CATALINA_HOME:         D:\ProgrammingCode\installed\Tomcat 11
19-Jul-2025 13:31:20.657 INFO [main] org.apache.catalina.startup.VersionLoggerListener.log Command line argument: --add-opens=java.base/java.lang=ALL-UNNAMED
19-Jul-2025 13:31:20.657 INFO [main] org.apache.catalina.startup.VersionLoggerListener.log Command line argument: --add-opens=java.base/java.io=ALL-UNNAMED
19-Jul-2025 13:31:20.657 INFO [main] org.apache.catalina.startup.VersionLoggerListener.log Command line argument: --add-opens=java.base/java.util=ALL-UNNAMED
19-Jul-2025 13:31:20.657 INFO [main] org.apache.catalina.startup.VersionLoggerListener.log Command line argument: --add-opens=java.base/java.util.concurrent=ALL-UNNAMED
19-Jul-2025 13:31:20.657 INFO [main] org.apache.catalina.startup.VersionLoggerListener.log Command line argument: --add-opens=java.rmi/sun.rmi.transport=ALL-UNNAMED
19-Jul-2025 13:31:20.657 INFO [main] org.apache.catalina.startup.VersionLoggerListener.log Command line argument: -Dcatalina.home=D:\ProgrammingCode\installed\Tomcat 11
19-Jul-2025 13:31:20.657 INFO [main] org.apache.catalina.startup.VersionLoggerListener.log Command line argument: -Dcatalina.base=D:\ProgrammingCode\Full web development with java\code\Web Development\_08_Advance_Java\_03_Calc_Servlet
19-Jul-2025 13:31:20.657 INFO [main] org.apache.catalina.startup.VersionLoggerListener.log Command line argument: -Djava.io.tmpdir=D:\ProgrammingCode\Full web development with java\code\Web Development\_08_Advance_Java\_03_Calc_Servlet\temp
19-Jul-2025 13:31:20.657 INFO [main] org.apache.catalina.startup.VersionLoggerListener.log Command line argument: -Djava.util.logging.config.file=D:\ProgrammingCode\Full web development with java\code\Web Development\_08_Advance_Java\_03_Calc_Servlet\conf\logging.properties
19-Jul-2025 13:31:20.657 INFO [main] org.apache.catalina.startup.VersionLoggerListener.log Command line argument: -Djava.util.logging.manager=org.apache.juli.ClassLoaderLogManager
19-Jul-2025 13:31:20.657 INFO [main] org.apache.catalina.startup.VersionLoggerListener.log Command line argument: -javaagent:D:\ProgrammingCode\Java\IntelliJ IDEA Community Edition 2024.2.4\lib\idea_rt.jar=59457
19-Jul-2025 13:31:20.657 INFO [main] org.apache.catalina.startup.VersionLoggerListener.log Command line argument: -Dfile.encoding=UTF-8
19-Jul-2025 13:31:20.658 INFO [main] org.apache.catalina.startup.VersionLoggerListener.log Command line argument: -Dsun.stdout.encoding=UTF-8
19-Jul-2025 13:31:20.658 INFO [main] org.apache.catalina.startup.VersionLoggerListener.log Command line argument: -Dsun.stderr.encoding=UTF-8
19-Jul-2025 13:31:20.673 INFO [main] org.apache.catalina.core.AprLifecycleListener.lifecycleEvent The Apache Tomcat Native library which allows using OpenSSL was not found on the java.library.path: [C:\Program Files\Java\bin;C:\WINDOWS\Sun\Java\bin;C:\WINDOWS\system32;C:\WINDOWS;C:\Program Files\Microsoft\jdk-17.0.15.6-hotspot\bin;D:\ProgrammingCode\python\installed\Scripts\;D:\ProgrammingCode\python\installed\;C:\Program Files\Common Files\Oracle\Java\javapath;C:\windows\system32;C:\windows;C:\windows\System32\Wbem;C:\windows\System32\WindowsPowerShell\v1.0\;C:\windows\System32\OpenSSH\;D:\setup file\installed file\Git\cmd;C:\Program Files\dotnet\;C:\Program Files\Java\bin;C:\WINDOWS\system32;C:\WINDOWS;C:\WINDOWS\System32\Wbem;C:\WINDOWS\System32\WindowsPowerShell\v1.0\;C:\WINDOWS\System32\OpenSSH\;C:\ProgramData\chocolatey\bin;C:\Program Files\MySQL\MySQL Shell 8.0\bin\;C:\Users\amitr\AppData\Local\Microsoft\WindowsApps;D:\Programming code\Java\Inte;C:\ProgramData\chocolatey\lib\maven\apache-maven-3.9.9\bin;D:\Programming code\installed\apache-tomcat-10.1.39-windows-x64\apache-tomcat-10.1.39\bin;D:\Programming code\installed\node js 20.11.1\node_modules\npm\bin;C:\Program Files\Java\bin;C:\Program Files\Apache\apache-maven-3.9.9\bin;D:\Programming code\installed\tomcaat\bin;C:\Users\amitr\AppData\Roaming\npm;C:\Users\amitr\.console-ninja\.bin;C:\Program Files\nodejs\;C:\Users\amitr\AppData\Local\Android\Sdk\platforms;C:\Users\amitr\AppData\Local\Android\Sdk;C:\Users\amitr\AppData\Local\Android\Sdk\platform-tools;C:\Users\amitr\AppData\Local\Android\Sdk\emulator;C:\Users\amitr\AppData\Local\Android\Sdk\build-tools;D:\ProgrammingCode\installed\Git\cmd;C:\Program Files\MongoDB\Server\8.0\bin;C:\Program Files\PowerShell\7\;C:\Users\amitr\.console-ninja\.bin;D:\ProgrammingCode\python\python 3.6.8\Scripts\;D:\ProgrammingCode\python\python 3.6.8\;C:\Program Files\MySQL\MySQL Shell 8.0\bin\;C:\Users\amitr\AppData\Local\Microsoft\WindowsApps;D:\ProgrammingCode\Java\IntelliJ IDEA Community Edition 2024.1.4\bin;C:\Users\amitr\AppData\Local\spicetify;C:\Program Files\MongoDB\Server\5.0\bin;C:\Users\amitr\AppData\Local\Microsoft\WindowsApps;D:\ProgrammingCode\Java\IntelliJ IDEA Community Edition 2024.2.4\bin;D:\ProgrammingCode\installed\Microsoft VS Code\bin;D:\ProgrammingCode\installed\node.js installed\node_modules\npm\bin;D:\ProgrammingCode\installed\Android\Sdk\platform-tools;D:\ProgrammingCode\installed\Android\Sdk;C:\Users\amitr\AppData\Roaming\npm;C:\Users\amitr\AppData\Local\Android\Sdk\platform-tools;C:\Users\amitr\AppData\Local\Android\Sdk\emulator;C:\Users\amitr\AppData\Local\Android\Sdk\build-tools;C:\Users\amitr\AppData\Local\Android\Sdk\platforms;C:\Program Files\Microsoft\jdk-17.0.15.6-hotspot\bin;D:\ProgrammingCode\installed\cursor\resources\app\bin;D:\Mongosh;;.]
19-Jul-2025 13:31:21.025 INFO [main] org.apache.coyote.AbstractProtocol.init Initializing ProtocolHandler ["http-nio-8081"]
19-Jul-2025 13:31:21.044 INFO [main] org.apache.catalina.startup.Catalina.load Server initialization in [655] milliseconds
19-Jul-2025 13:31:21.106 INFO [main] org.apache.catalina.core.StandardService.startInternal Starting service [Catalina]
19-Jul-2025 13:31:21.106 INFO [main] org.apache.catalina.core.StandardEngine.startInternal Starting Servlet engine: [Apache Tomcat/11.0.9]
19-Jul-2025 13:31:21.123 INFO [main] org.apache.catalina.startup.HostConfig.deployDescriptor Deploying deployment descriptor [D:\ProgrammingCode\Full web development with java\code\Web Development\_08_Advance_Java\_03_Calc_Servlet\conf\Catalina\localhost\_03_Calc_Servlet.xml]
19-Jul-2025 13:31:21.536 INFO [main] org.apache.jasper.servlet.TldScanner.scanJars At least one JAR was scanned for TLDs yet contained no TLDs. Enable debug logging for this logger for a complete list of JARs that were scanned but no TLDs were found in them. Skipping unneeded JARs during scanning can improve startup time and JSP compilation time.
19-Jul-2025 13:31:21.601 INFO [main] org.apache.catalina.startup.HostConfig.deployDescriptor Deployment of deployment descriptor [D:\ProgrammingCode\Full web development with java\code\Web Development\_08_Advance_Java\_03_Calc_Servlet\conf\Catalina\localhost\_03_Calc_Servlet.xml] has finished in [476] ms
19-Jul-2025 13:31:21.611 INFO [main] org.apache.coyote.AbstractProtocol.start Starting ProtocolHandler ["http-nio-8081"]
19-Jul-2025 13:31:21.636 INFO [main] org.apache.catalina.startup.Catalina.start Server startup in [591] milliseconds
19-Jul-2025 13:34:04.346 INFO [Thread-1] org.apache.coyote.AbstractProtocol.pause Pausing ProtocolHandler ["http-nio-8081"]
19-Jul-2025 13:34:04.353 INFO [Thread-1] org.apache.catalina.core.StandardService.stopInternal Stopping service [Catalina]
19-Jul-2025 13:34:04.367 INFO [Thread-1] org.apache.coyote.AbstractProtocol.stop Stopping ProtocolHandler ["http-nio-8081"]
19-Jul-2025 13:34:04.390 INFO [Thread-1] org.apache.coyote.AbstractProtocol.destroy Destroying ProtocolHandler ["http-nio-8081"]
19-Jul-2025 13:34:25.343 INFO [main] org.apache.catalina.startup.VersionLoggerListener.log Server version name:   Apache Tomcat/11.0.9
19-Jul-2025 13:34:25.347 INFO [main] org.apache.catalina.startup.VersionLoggerListener.log Server built:          Jul 1 2025 20:39:04 UTC
19-Jul-2025 13:34:25.347 INFO [main] org.apache.catalina.startup.VersionLoggerListener.log Server version number: 11.0.9.0
19-Jul-2025 13:34:25.347 INFO [main] org.apache.catalina.startup.VersionLoggerListener.log OS Name:               Windows 11
19-Jul-2025 13:34:25.347 INFO [main] org.apache.catalina.startup.VersionLoggerListener.log OS Version:            10.0
19-Jul-2025 13:34:25.347 INFO [main] org.apache.catalina.startup.VersionLoggerListener.log Architecture:          amd64
19-Jul-2025 13:34:25.347 INFO [main] org.apache.catalina.startup.VersionLoggerListener.log Java Home:             C:\Program Files\Java
19-Jul-2025 13:34:25.349 INFO [main] org.apache.catalina.startup.VersionLoggerListener.log JVM Version:           21.0.1+12-LTS-29
19-Jul-2025 13:34:25.349 INFO [main] org.apache.catalina.startup.VersionLoggerListener.log JVM Vendor:            Oracle Corporation
19-Jul-2025 13:34:25.349 INFO [main] org.apache.catalina.startup.VersionLoggerListener.log CATALINA_BASE:         D:\ProgrammingCode\Full web development with java\code\Web Development\_08_Advance_Java\_03_Calc_Servlet
19-Jul-2025 13:34:25.349 INFO [main] org.apache.catalina.startup.VersionLoggerListener.log CATALINA_HOME:         D:\ProgrammingCode\installed\Tomcat 11
19-Jul-2025 13:34:25.359 INFO [main] org.apache.catalina.startup.VersionLoggerListener.log Command line argument: --add-opens=java.base/java.lang=ALL-UNNAMED
19-Jul-2025 13:34:25.359 INFO [main] org.apache.catalina.startup.VersionLoggerListener.log Command line argument: --add-opens=java.base/java.io=ALL-UNNAMED
19-Jul-2025 13:34:25.359 INFO [main] org.apache.catalina.startup.VersionLoggerListener.log Command line argument: --add-opens=java.base/java.util=ALL-UNNAMED
19-Jul-2025 13:34:25.359 INFO [main] org.apache.catalina.startup.VersionLoggerListener.log Command line argument: --add-opens=java.base/java.util.concurrent=ALL-UNNAMED
19-Jul-2025 13:34:25.359 INFO [main] org.apache.catalina.startup.VersionLoggerListener.log Command line argument: --add-opens=java.rmi/sun.rmi.transport=ALL-UNNAMED
19-Jul-2025 13:34:25.360 INFO [main] org.apache.catalina.startup.VersionLoggerListener.log Command line argument: -Dcatalina.home=D:\ProgrammingCode\installed\Tomcat 11
19-Jul-2025 13:34:25.360 INFO [main] org.apache.catalina.startup.VersionLoggerListener.log Command line argument: -Dcatalina.base=D:\ProgrammingCode\Full web development with java\code\Web Development\_08_Advance_Java\_03_Calc_Servlet
19-Jul-2025 13:34:25.360 INFO [main] org.apache.catalina.startup.VersionLoggerListener.log Command line argument: -Djava.io.tmpdir=D:\ProgrammingCode\Full web development with java\code\Web Development\_08_Advance_Java\_03_Calc_Servlet\temp
19-Jul-2025 13:34:25.360 INFO [main] org.apache.catalina.startup.VersionLoggerListener.log Command line argument: -Djava.util.logging.config.file=D:\ProgrammingCode\Full web development with java\code\Web Development\_08_Advance_Java\_03_Calc_Servlet\conf\logging.properties
19-Jul-2025 13:34:25.360 INFO [main] org.apache.catalina.startup.VersionLoggerListener.log Command line argument: -Djava.util.logging.manager=org.apache.juli.ClassLoaderLogManager
19-Jul-2025 13:34:25.360 INFO [main] org.apache.catalina.startup.VersionLoggerListener.log Command line argument: -javaagent:D:\ProgrammingCode\Java\IntelliJ IDEA Community Edition 2024.2.4\lib\idea_rt.jar=59486
19-Jul-2025 13:34:25.360 INFO [main] org.apache.catalina.startup.VersionLoggerListener.log Command line argument: -Dfile.encoding=UTF-8
19-Jul-2025 13:34:25.360 INFO [main] org.apache.catalina.startup.VersionLoggerListener.log Command line argument: -Dsun.stdout.encoding=UTF-8
19-Jul-2025 13:34:25.360 INFO [main] org.apache.catalina.startup.VersionLoggerListener.log Command line argument: -Dsun.stderr.encoding=UTF-8
19-Jul-2025 13:34:25.376 INFO [main] org.apache.catalina.core.AprLifecycleListener.lifecycleEvent The Apache Tomcat Native library which allows using OpenSSL was not found on the java.library.path: [C:\Program Files\Java\bin;C:\WINDOWS\Sun\Java\bin;C:\WINDOWS\system32;C:\WINDOWS;C:\Program Files\Microsoft\jdk-17.0.15.6-hotspot\bin;D:\ProgrammingCode\python\installed\Scripts\;D:\ProgrammingCode\python\installed\;C:\Program Files\Common Files\Oracle\Java\javapath;C:\windows\system32;C:\windows;C:\windows\System32\Wbem;C:\windows\System32\WindowsPowerShell\v1.0\;C:\windows\System32\OpenSSH\;D:\setup file\installed file\Git\cmd;C:\Program Files\dotnet\;C:\Program Files\Java\bin;C:\WINDOWS\system32;C:\WINDOWS;C:\WINDOWS\System32\Wbem;C:\WINDOWS\System32\WindowsPowerShell\v1.0\;C:\WINDOWS\System32\OpenSSH\;C:\ProgramData\chocolatey\bin;C:\Program Files\MySQL\MySQL Shell 8.0\bin\;C:\Users\amitr\AppData\Local\Microsoft\WindowsApps;D:\Programming code\Java\Inte;C:\ProgramData\chocolatey\lib\maven\apache-maven-3.9.9\bin;D:\Programming code\installed\apache-tomcat-10.1.39-windows-x64\apache-tomcat-10.1.39\bin;D:\Programming code\installed\node js 20.11.1\node_modules\npm\bin;C:\Program Files\Java\bin;C:\Program Files\Apache\apache-maven-3.9.9\bin;D:\Programming code\installed\tomcaat\bin;C:\Users\amitr\AppData\Roaming\npm;C:\Users\amitr\.console-ninja\.bin;C:\Program Files\nodejs\;C:\Users\amitr\AppData\Local\Android\Sdk\platforms;C:\Users\amitr\AppData\Local\Android\Sdk;C:\Users\amitr\AppData\Local\Android\Sdk\platform-tools;C:\Users\amitr\AppData\Local\Android\Sdk\emulator;C:\Users\amitr\AppData\Local\Android\Sdk\build-tools;D:\ProgrammingCode\installed\Git\cmd;C:\Program Files\MongoDB\Server\8.0\bin;C:\Program Files\PowerShell\7\;C:\Users\amitr\.console-ninja\.bin;D:\ProgrammingCode\python\python 3.6.8\Scripts\;D:\ProgrammingCode\python\python 3.6.8\;C:\Program Files\MySQL\MySQL Shell 8.0\bin\;C:\Users\amitr\AppData\Local\Microsoft\WindowsApps;D:\ProgrammingCode\Java\IntelliJ IDEA Community Edition 2024.1.4\bin;C:\Users\amitr\AppData\Local\spicetify;C:\Program Files\MongoDB\Server\5.0\bin;C:\Users\amitr\AppData\Local\Microsoft\WindowsApps;D:\ProgrammingCode\Java\IntelliJ IDEA Community Edition 2024.2.4\bin;D:\ProgrammingCode\installed\Microsoft VS Code\bin;D:\ProgrammingCode\installed\node.js installed\node_modules\npm\bin;D:\ProgrammingCode\installed\Android\Sdk\platform-tools;D:\ProgrammingCode\installed\Android\Sdk;C:\Users\amitr\AppData\Roaming\npm;C:\Users\amitr\AppData\Local\Android\Sdk\platform-tools;C:\Users\amitr\AppData\Local\Android\Sdk\emulator;C:\Users\amitr\AppData\Local\Android\Sdk\build-tools;C:\Users\amitr\AppData\Local\Android\Sdk\platforms;C:\Program Files\Microsoft\jdk-17.0.15.6-hotspot\bin;D:\ProgrammingCode\installed\cursor\resources\app\bin;D:\Mongosh;;.]
19-Jul-2025 13:34:25.742 INFO [main] org.apache.coyote.AbstractProtocol.init Initializing ProtocolHandler ["http-nio-8081"]
19-Jul-2025 13:34:25.763 INFO [main] org.apache.catalina.startup.Catalina.load Server initialization in [694] milliseconds
19-Jul-2025 13:34:25.818 INFO [main] org.apache.catalina.core.StandardService.startInternal Starting service [Catalina]
19-Jul-2025 13:34:25.818 INFO [main] org.apache.catalina.core.StandardEngine.startInternal Starting Servlet engine: [Apache Tomcat/11.0.9]
19-Jul-2025 13:34:25.832 INFO [main] org.apache.catalina.startup.HostConfig.deployDescriptor Deploying deployment descriptor [D:\ProgrammingCode\Full web development with java\code\Web Development\_08_Advance_Java\_03_Calc_Servlet\conf\Catalina\localhost\_03_Calc_Servlet.xml]
19-Jul-2025 13:34:26.251 INFO [main] org.apache.jasper.servlet.TldScanner.scanJars At least one JAR was scanned for TLDs yet contained no TLDs. Enable debug logging for this logger for a complete list of JARs that were scanned but no TLDs were found in them. Skipping unneeded JARs during scanning can improve startup time and JSP compilation time.
19-Jul-2025 13:34:26.309 INFO [main] org.apache.catalina.startup.HostConfig.deployDescriptor Deployment of deployment descriptor [D:\ProgrammingCode\Full web development with java\code\Web Development\_08_Advance_Java\_03_Calc_Servlet\conf\Catalina\localhost\_03_Calc_Servlet.xml] has finished in [477] ms
19-Jul-2025 13:34:26.321 INFO [main] org.apache.coyote.AbstractProtocol.start Starting ProtocolHandler ["http-nio-8081"]
19-Jul-2025 13:34:26.350 INFO [main] org.apache.catalina.startup.Catalina.start Server startup in [585] milliseconds
19-Jul-2025 13:34:38.827 INFO [Thread-1] org.apache.coyote.AbstractProtocol.pause Pausing ProtocolHandler ["http-nio-8081"]
19-Jul-2025 13:34:38.836 INFO [Thread-1] org.apache.catalina.core.StandardService.stopInternal Stopping service [Catalina]
19-Jul-2025 13:34:38.852 INFO [Thread-1] org.apache.coyote.AbstractProtocol.stop Stopping ProtocolHandler ["http-nio-8081"]
19-Jul-2025 13:34:38.857 INFO [Thread-1] org.apache.coyote.AbstractProtocol.destroy Destroying ProtocolHandler ["http-nio-8081"]
19-Jul-2025 13:34:44.986 INFO [main] org.apache.catalina.startup.VersionLoggerListener.log Server version name:   Apache Tomcat/11.0.9
19-Jul-2025 13:34:44.993 INFO [main] org.apache.catalina.startup.VersionLoggerListener.log Server built:          Jul 1 2025 20:39:04 UTC
19-Jul-2025 13:34:44.994 INFO [main] org.apache.catalina.startup.VersionLoggerListener.log Server version number: 11.0.9.0
19-Jul-2025 13:34:44.994 INFO [main] org.apache.catalina.startup.VersionLoggerListener.log OS Name:               Windows 11
19-Jul-2025 13:34:44.994 INFO [main] org.apache.catalina.startup.VersionLoggerListener.log OS Version:            10.0
19-Jul-2025 13:34:44.994 INFO [main] org.apache.catalina.startup.VersionLoggerListener.log Architecture:          amd64
19-Jul-2025 13:34:44.995 INFO [main] org.apache.catalina.startup.VersionLoggerListener.log Java Home:             C:\Program Files\Java
19-Jul-2025 13:34:44.995 INFO [main] org.apache.catalina.startup.VersionLoggerListener.log JVM Version:           21.0.1+12-LTS-29
19-Jul-2025 13:34:44.995 INFO [main] org.apache.catalina.startup.VersionLoggerListener.log JVM Vendor:            Oracle Corporation
19-Jul-2025 13:34:44.995 INFO [main] org.apache.catalina.startup.VersionLoggerListener.log CATALINA_BASE:         D:\ProgrammingCode\Full web development with java\code\Web Development\_08_Advance_Java\_03_Calc_Servlet
19-Jul-2025 13:34:44.995 INFO [main] org.apache.catalina.startup.VersionLoggerListener.log CATALINA_HOME:         D:\ProgrammingCode\installed\Tomcat 11
19-Jul-2025 13:34:45.013 INFO [main] org.apache.catalina.startup.VersionLoggerListener.log Command line argument: --add-opens=java.base/java.lang=ALL-UNNAMED
19-Jul-2025 13:34:45.014 INFO [main] org.apache.catalina.startup.VersionLoggerListener.log Command line argument: --add-opens=java.base/java.io=ALL-UNNAMED
19-Jul-2025 13:34:45.014 INFO [main] org.apache.catalina.startup.VersionLoggerListener.log Command line argument: --add-opens=java.base/java.util=ALL-UNNAMED
19-Jul-2025 13:34:45.014 INFO [main] org.apache.catalina.startup.VersionLoggerListener.log Command line argument: --add-opens=java.base/java.util.concurrent=ALL-UNNAMED
19-Jul-2025 13:34:45.014 INFO [main] org.apache.catalina.startup.VersionLoggerListener.log Command line argument: --add-opens=java.rmi/sun.rmi.transport=ALL-UNNAMED
19-Jul-2025 13:34:45.014 INFO [main] org.apache.catalina.startup.VersionLoggerListener.log Command line argument: -Dcatalina.home=D:\ProgrammingCode\installed\Tomcat 11
19-Jul-2025 13:34:45.014 INFO [main] org.apache.catalina.startup.VersionLoggerListener.log Command line argument: -Dcatalina.base=D:\ProgrammingCode\Full web development with java\code\Web Development\_08_Advance_Java\_03_Calc_Servlet
19-Jul-2025 13:34:45.014 INFO [main] org.apache.catalina.startup.VersionLoggerListener.log Command line argument: -Djava.io.tmpdir=D:\ProgrammingCode\Full web development with java\code\Web Development\_08_Advance_Java\_03_Calc_Servlet\temp
19-Jul-2025 13:34:45.014 INFO [main] org.apache.catalina.startup.VersionLoggerListener.log Command line argument: -Djava.util.logging.config.file=D:\ProgrammingCode\Full web development with java\code\Web Development\_08_Advance_Java\_03_Calc_Servlet\conf\logging.properties
19-Jul-2025 13:34:45.014 INFO [main] org.apache.catalina.startup.VersionLoggerListener.log Command line argument: -Djava.util.logging.manager=org.apache.juli.ClassLoaderLogManager
19-Jul-2025 13:34:45.015 INFO [main] org.apache.catalina.startup.VersionLoggerListener.log Command line argument: -javaagent:D:\ProgrammingCode\Java\IntelliJ IDEA Community Edition 2024.2.4\lib\idea_rt.jar=59494
19-Jul-2025 13:34:45.015 INFO [main] org.apache.catalina.startup.VersionLoggerListener.log Command line argument: -Dfile.encoding=UTF-8
19-Jul-2025 13:34:45.015 INFO [main] org.apache.catalina.startup.VersionLoggerListener.log Command line argument: -Dsun.stdout.encoding=UTF-8
19-Jul-2025 13:34:45.015 INFO [main] org.apache.catalina.startup.VersionLoggerListener.log Command line argument: -Dsun.stderr.encoding=UTF-8
19-Jul-2025 13:34:45.033 INFO [main] org.apache.catalina.core.AprLifecycleListener.lifecycleEvent The Apache Tomcat Native library which allows using OpenSSL was not found on the java.library.path: [C:\Program Files\Java\bin;C:\WINDOWS\Sun\Java\bin;C:\WINDOWS\system32;C:\WINDOWS;C:\Program Files\Microsoft\jdk-17.0.15.6-hotspot\bin;D:\ProgrammingCode\python\installed\Scripts\;D:\ProgrammingCode\python\installed\;C:\Program Files\Common Files\Oracle\Java\javapath;C:\windows\system32;C:\windows;C:\windows\System32\Wbem;C:\windows\System32\WindowsPowerShell\v1.0\;C:\windows\System32\OpenSSH\;D:\setup file\installed file\Git\cmd;C:\Program Files\dotnet\;C:\Program Files\Java\bin;C:\WINDOWS\system32;C:\WINDOWS;C:\WINDOWS\System32\Wbem;C:\WINDOWS\System32\WindowsPowerShell\v1.0\;C:\WINDOWS\System32\OpenSSH\;C:\ProgramData\chocolatey\bin;C:\Program Files\MySQL\MySQL Shell 8.0\bin\;C:\Users\amitr\AppData\Local\Microsoft\WindowsApps;D:\Programming code\Java\Inte;C:\ProgramData\chocolatey\lib\maven\apache-maven-3.9.9\bin;D:\Programming code\installed\apache-tomcat-10.1.39-windows-x64\apache-tomcat-10.1.39\bin;D:\Programming code\installed\node js 20.11.1\node_modules\npm\bin;C:\Program Files\Java\bin;C:\Program Files\Apache\apache-maven-3.9.9\bin;D:\Programming code\installed\tomcaat\bin;C:\Users\amitr\AppData\Roaming\npm;C:\Users\amitr\.console-ninja\.bin;C:\Program Files\nodejs\;C:\Users\amitr\AppData\Local\Android\Sdk\platforms;C:\Users\amitr\AppData\Local\Android\Sdk;C:\Users\amitr\AppData\Local\Android\Sdk\platform-tools;C:\Users\amitr\AppData\Local\Android\Sdk\emulator;C:\Users\amitr\AppData\Local\Android\Sdk\build-tools;D:\ProgrammingCode\installed\Git\cmd;C:\Program Files\MongoDB\Server\8.0\bin;C:\Program Files\PowerShell\7\;C:\Users\amitr\.console-ninja\.bin;D:\ProgrammingCode\python\python 3.6.8\Scripts\;D:\ProgrammingCode\python\python 3.6.8\;C:\Program Files\MySQL\MySQL Shell 8.0\bin\;C:\Users\amitr\AppData\Local\Microsoft\WindowsApps;D:\ProgrammingCode\Java\IntelliJ IDEA Community Edition 2024.1.4\bin;C:\Users\amitr\AppData\Local\spicetify;C:\Program Files\MongoDB\Server\5.0\bin;C:\Users\amitr\AppData\Local\Microsoft\WindowsApps;D:\ProgrammingCode\Java\IntelliJ IDEA Community Edition 2024.2.4\bin;D:\ProgrammingCode\installed\Microsoft VS Code\bin;D:\ProgrammingCode\installed\node.js installed\node_modules\npm\bin;D:\ProgrammingCode\installed\Android\Sdk\platform-tools;D:\ProgrammingCode\installed\Android\Sdk;C:\Users\amitr\AppData\Roaming\npm;C:\Users\amitr\AppData\Local\Android\Sdk\platform-tools;C:\Users\amitr\AppData\Local\Android\Sdk\emulator;C:\Users\amitr\AppData\Local\Android\Sdk\build-tools;C:\Users\amitr\AppData\Local\Android\Sdk\platforms;C:\Program Files\Microsoft\jdk-17.0.15.6-hotspot\bin;D:\ProgrammingCode\installed\cursor\resources\app\bin;D:\Mongosh;;.]
19-Jul-2025 13:34:45.461 INFO [main] org.apache.coyote.AbstractProtocol.init Initializing ProtocolHandler ["http-nio-8081"]
19-Jul-2025 13:34:45.489 INFO [main] org.apache.catalina.startup.Catalina.load Server initialization in [808] milliseconds
19-Jul-2025 13:34:45.543 INFO [main] org.apache.catalina.core.StandardService.startInternal Starting service [Catalina]
19-Jul-2025 13:34:45.543 INFO [main] org.apache.catalina.core.StandardEngine.startInternal Starting Servlet engine: [Apache Tomcat/11.0.9]
19-Jul-2025 13:34:45.556 INFO [main] org.apache.catalina.startup.HostConfig.deployDescriptor Deploying deployment descriptor [D:\ProgrammingCode\Full web development with java\code\Web Development\_08_Advance_Java\_03_Calc_Servlet\conf\Catalina\localhost\_03_Calc_Servlet.xml]
19-Jul-2025 13:34:45.970 INFO [main] org.apache.jasper.servlet.TldScanner.scanJars At least one JAR was scanned for TLDs yet contained no TLDs. Enable debug logging for this logger for a complete list of JARs that were scanned but no TLDs were found in them. Skipping unneeded JARs during scanning can improve startup time and JSP compilation time.
19-Jul-2025 13:34:46.030 INFO [main] org.apache.catalina.startup.HostConfig.deployDescriptor Deployment of deployment descriptor [D:\ProgrammingCode\Full web development with java\code\Web Development\_08_Advance_Java\_03_Calc_Servlet\conf\Catalina\localhost\_03_Calc_Servlet.xml] has finished in [474] ms
19-Jul-2025 13:34:46.042 INFO [main] org.apache.coyote.AbstractProtocol.start Starting ProtocolHandler ["http-nio-8081"]
19-Jul-2025 13:34:46.070 INFO [main] org.apache.catalina.startup.Catalina.start Server startup in [580] milliseconds
19-Jul-2025 13:36:53.425 INFO [Thread-1] org.apache.coyote.AbstractProtocol.pause Pausing ProtocolHandler ["http-nio-8081"]
19-Jul-2025 13:36:53.429 INFO [Thread-1] org.apache.catalina.core.StandardService.stopInternal Stopping service [Catalina]
19-Jul-2025 13:36:53.441 INFO [Thread-1] org.apache.coyote.AbstractProtocol.stop Stopping ProtocolHandler ["http-nio-8081"]
19-Jul-2025 13:36:53.453 INFO [Thread-1] org.apache.coyote.AbstractProtocol.destroy Destroying ProtocolHandler ["http-nio-8081"]
